2025-07-17 17:23:14.635 | INFO     | model:__init__:118 - weight :tensor([[0.],
        [0.],
        [0.],
        [0.],
        [0.],
        [0.],
        [0.]])
2025-07-17 17:23:14.636 | INFO     | model:__init__:132 - combo_indices :[1, 7, 31, 19, 4, 16, 20]
2025-07-17 17:23:15.827 | INFO     | __main__:train:367 - Namespace(file_dir='data/mmkb-datasets/FB15K_YAGO15K', rate=0.2, seed=42, epochs=1000, check_point=10, hidden_units='300,300,300', heads='2,2', instance_normalization=False, lr=0.0005, dropout=0.0, attn_dropout=0.0, gph_dim=300, n_exp=5, device='cuda', topk=5, csls=True, csls_k=3, il_start=500, bsize=512, tau=0.1, tau2=4.0, feat_dim=300, use_project_head=False, zoom=0.1, reduction='mean', train_ill_path='', fusion_weight_dim=0)
2025-07-17 17:23:59.530 | INFO     | __main__:test:477 - tensor([0.3998, 0.2003, 0.2000, 0.2000, 0.1998, 0.2000], device='cuda:0')
2025-07-17 17:24:02.277 | INFO     | __main__:evaluate_embedding:538 - epoch 10 - joint_emb avg: acc@[1, 5, 10]=[0.18834999 0.3461     0.42965   ], mr=184.497, mrr=0.269
2025-07-17 17:24:34.939 | INFO     | __main__:test:477 - tensor([0.6011, 0.1998, 0.4003, 0.0000, 0.4001, 0.1991], device='cuda:0')
2025-07-17 17:24:37.674 | INFO     | __main__:evaluate_embedding:538 - epoch 20 - joint_emb avg: acc@[1, 5, 10]=[0.28079998 0.46490002 0.554     ], mr=118.648, mrr=0.372
2025-07-17 17:25:09.787 | INFO     | __main__:test:477 - tensor([0.6023, 0.1993, 0.4006, 0.1984, 0.4004, 0.0000], device='cuda:0')
2025-07-17 17:25:13.236 | INFO     | __main__:evaluate_embedding:538 - epoch 30 - joint_emb avg: acc@[1, 5, 10]=[0.32345 0.51945 0.60445], mr=94.180, mrr=0.418
2025-07-17 17:25:46.006 | INFO     | __main__:test:477 - tensor([0.4049, 0.1992, 0.2026, 0.1980, 0.2023, 0.1980], device='cuda:0')
2025-07-17 17:25:48.745 | INFO     | __main__:evaluate_embedding:538 - epoch 40 - joint_emb avg: acc@[1, 5, 10]=[0.32459998 0.52390003 0.60934997], mr=102.965, mrr=0.420
2025-07-17 17:26:29.792 | INFO     | __main__:test:477 - tensor([0.6035, 0.1994, 0.4005, 0.0000, 0.4001, 0.1971], device='cuda:0')
2025-07-17 17:26:32.639 | INFO     | __main__:evaluate_embedding:538 - epoch 50 - joint_emb avg: acc@[1, 5, 10]=[0.36734998 0.5655     0.64845   ], mr=79.596, mrr=0.461
2025-07-17 17:27:01.135 | INFO     | __main__:test:477 - tensor([0.6040, 0.1997, 0.5967, 0.0000, 0.5962, 0.0000], device='cuda:0')
2025-07-17 17:27:03.882 | INFO     | __main__:evaluate_embedding:538 - epoch 60 - joint_emb avg: acc@[1, 5, 10]=[0.37234998 0.5711     0.65125   ], mr=81.064, mrr=0.467
2025-07-17 17:27:32.414 | INFO     | __main__:test:477 - tensor([0.6043, 0.2002, 0.5958, 0.0000, 0.5951, 0.0000], device='cuda:0')
2025-07-17 17:27:35.176 | INFO     | __main__:evaluate_embedding:538 - epoch 70 - joint_emb avg: acc@[1, 5, 10]=[0.3808  0.5796  0.65755], mr=81.061, mrr=0.475
2025-07-17 17:28:02.924 | INFO     | __main__:test:477 - tensor([0.4097, 0.2007, 0.4000, 0.0000, 0.3992, 0.1948], device='cuda:0')
2025-07-17 17:28:05.652 | INFO     | __main__:evaluate_embedding:538 - epoch 80 - joint_emb avg: acc@[1, 5, 10]=[0.38599998 0.5868     0.6659    ], mr=79.294, mrr=0.481
2025-07-17 17:28:33.773 | INFO     | __main__:test:477 - tensor([0.6046, 0.2014, 0.3998, 0.0000, 0.3988, 0.1940], device='cuda:0')
2025-07-17 17:28:36.492 | INFO     | __main__:evaluate_embedding:538 - epoch 90 - joint_emb avg: acc@[1, 5, 10]=[0.40045 0.59945 0.67745], mr=76.216, mrr=0.494
2025-07-17 17:29:11.090 | INFO     | __main__:test:477 - tensor([0.6046, 0.2022, 0.3995, 0.1932, 0.3983, 0.0000], device='cuda:0')
2025-07-17 17:29:13.821 | INFO     | __main__:evaluate_embedding:538 - epoch 100 - joint_emb avg: acc@[1, 5, 10]=[0.4061  0.6037  0.67935], mr=77.615, mrr=0.499
2025-07-17 17:29:38.675 | INFO     | __main__:test:477 - tensor([0.4121, 0.2029, 0.2068, 0.1925, 0.2053, 0.1925], device='cuda:0')
2025-07-17 17:29:41.419 | INFO     | __main__:evaluate_embedding:538 - epoch 110 - joint_emb avg: acc@[1, 5, 10]=[0.3935  0.5952  0.67295], mr=85.556, mrr=0.488
2025-07-17 17:30:04.988 | INFO     | __main__:test:477 - tensor([0.4127, 0.2036, 0.2072, 0.1919, 0.2055, 0.1919], device='cuda:0')
2025-07-17 17:30:08.376 | INFO     | __main__:evaluate_embedding:538 - epoch 120 - joint_emb avg: acc@[1, 5, 10]=[0.3984     0.6012     0.67639995], mr=84.926, mrr=0.493
2025-07-17 17:30:31.889 | INFO     | __main__:test:477 - tensor([0.6045, 0.2042, 0.3988, 0.0000, 0.3969, 0.1912], device='cuda:0')
2025-07-17 17:30:34.721 | INFO     | __main__:evaluate_embedding:538 - epoch 130 - joint_emb avg: acc@[1, 5, 10]=[0.41724998 0.6118     0.68515   ], mr=76.754, mrr=0.510
2025-07-17 17:30:59.292 | INFO     | __main__:test:477 - tensor([0.6045, 0.2049, 0.5892, 0.0000, 0.5870, 0.0000], device='cuda:0')
2025-07-17 17:31:02.029 | INFO     | __main__:evaluate_embedding:538 - epoch 140 - joint_emb avg: acc@[1, 5, 10]=[0.40504998 0.59235    0.66464996], mr=88.091, mrr=0.494
2025-07-17 17:31:32.930 | INFO     | __main__:test:477 - tensor([0.4144, 0.2055, 0.3985, 0.0000, 0.3960, 0.1900], device='cuda:0')
2025-07-17 17:31:35.736 | INFO     | __main__:evaluate_embedding:538 - epoch 150 - joint_emb avg: acc@[1, 5, 10]=[0.40420002 0.59645    0.6665    ], mr=85.105, mrr=0.495
2025-07-17 17:31:56.361 | INFO     | __main__:test:477 - tensor([0.6044, 0.2062, 0.3983, 0.0000, 0.3955, 0.1895], device='cuda:0')
2025-07-17 17:31:59.103 | INFO     | __main__:evaluate_embedding:538 - epoch 160 - joint_emb avg: acc@[1, 5, 10]=[0.425  0.6183 0.6905], mr=78.023, mrr=0.516
2025-07-17 17:32:19.433 | INFO     | __main__:test:477 - tensor([0.6043, 0.2067, 0.3982, 0.0000, 0.3951, 0.1890], device='cuda:0')
2025-07-17 17:32:22.252 | INFO     | __main__:evaluate_embedding:538 - epoch 170 - joint_emb avg: acc@[1, 5, 10]=[0.4268  0.61965 0.6917 ], mr=78.383, mrr=0.518
2025-07-17 17:32:42.911 | INFO     | __main__:test:477 - tensor([0.6043, 0.2073, 0.5865, 0.0000, 0.5832, 0.0000], device='cuda:0')
2025-07-17 17:32:45.731 | INFO     | __main__:evaluate_embedding:538 - epoch 180 - joint_emb avg: acc@[1, 5, 10]=[0.40579998 0.5926     0.66195   ], mr=93.168, mrr=0.494
2025-07-17 17:33:05.854 | INFO     | __main__:test:477 - tensor([0.4161, 0.2078, 0.3979, 0.0000, 0.3943, 0.1880], device='cuda:0')
2025-07-17 17:33:08.577 | INFO     | __main__:evaluate_embedding:538 - epoch 190 - joint_emb avg: acc@[1, 5, 10]=[0.40685 0.5966  0.66615], mr=88.759, mrr=0.495
2025-07-17 17:33:35.600 | INFO     | __main__:test:477 - tensor([0.4165, 0.2083, 0.3978, 0.1876, 0.3939, 0.0000], device='cuda:0')
2025-07-17 17:33:38.304 | INFO     | __main__:evaluate_embedding:538 - epoch 200 - joint_emb avg: acc@[1, 5, 10]=[0.40845 0.5969  0.6645 ], mr=92.563, mrr=0.497
2025-07-17 17:33:53.482 | INFO     | __main__:test:477 - tensor([0.4168, 0.2088, 0.2105, 0.1872, 0.2063, 0.1872], device='cuda:0')
2025-07-17 17:33:56.210 | INFO     | __main__:evaluate_embedding:538 - epoch 210 - joint_emb avg: acc@[1, 5, 10]=[0.42285 0.61755 0.6904 ], mr=82.293, mrr=0.514
2025-07-17 17:34:11.897 | INFO     | __main__:test:477 - tensor([0.4171, 0.2092, 0.2108, 0.1868, 0.2064, 0.1868], device='cuda:0')
2025-07-17 17:34:15.289 | INFO     | __main__:evaluate_embedding:538 - epoch 220 - joint_emb avg: acc@[1, 5, 10]=[0.4233 0.6185 0.6915], mr=81.816, mrr=0.515
2025-07-17 17:34:31.106 | INFO     | __main__:test:477 - tensor([0.4174, 0.2096, 0.2110, 0.1865, 0.2064, 0.1865], device='cuda:0')
2025-07-17 17:34:33.832 | INFO     | __main__:evaluate_embedding:538 - epoch 230 - joint_emb avg: acc@[1, 5, 10]=[0.42475 0.6185  0.69285], mr=81.351, mrr=0.516
2025-07-17 17:34:49.046 | INFO     | __main__:test:477 - tensor([0.4176, 0.2100, 0.2113, 0.1862, 0.2064, 0.1862], device='cuda:0')
2025-07-17 17:34:51.776 | INFO     | __main__:evaluate_embedding:538 - epoch 240 - joint_emb avg: acc@[1, 5, 10]=[0.4253     0.61885    0.69235003], mr=80.563, mrr=0.517
2025-07-17 17:35:06.892 | INFO     | __main__:test:477 - tensor([0.6037, 0.2104, 0.3974, 0.0000, 0.3922, 0.1858], device='cuda:0')
2025-07-17 17:35:09.619 | INFO     | __main__:evaluate_embedding:538 - epoch 250 - joint_emb avg: acc@[1, 5, 10]=[0.43195    0.62345004 0.69114995], mr=81.516, mrr=0.521
2025-07-17 17:35:21.169 | INFO     | __main__:test:477 - tensor([0.4181, 0.2107, 0.2117, 0.1856, 0.2064, 0.1856], device='cuda:0')
2025-07-17 17:35:23.882 | INFO     | __main__:evaluate_embedding:538 - epoch 260 - joint_emb avg: acc@[1, 5, 10]=[0.4263     0.6193     0.69334996], mr=80.445, mrr=0.517
2025-07-17 17:35:35.496 | INFO     | __main__:test:477 - tensor([0.4183, 0.2110, 0.2119, 0.1854, 0.2064, 0.1854], device='cuda:0')
2025-07-17 17:35:38.223 | INFO     | __main__:evaluate_embedding:538 - epoch 270 - joint_emb avg: acc@[1, 5, 10]=[0.42725003 0.62135    0.6943    ], mr=79.438, mrr=0.518
2025-07-17 17:35:49.760 | INFO     | __main__:test:477 - tensor([0.6036, 0.2112, 0.3972, 0.1852, 0.3916, 0.0000], device='cuda:0')
2025-07-17 17:35:52.476 | INFO     | __main__:evaluate_embedding:538 - epoch 280 - joint_emb avg: acc@[1, 5, 10]=[0.43129998 0.62214994 0.69035   ], mr=84.201, mrr=0.521
2025-07-17 17:36:03.957 | INFO     | __main__:test:477 - tensor([0.4186, 0.2115, 0.2122, 0.1850, 0.2064, 0.1850], device='cuda:0')
2025-07-17 17:36:06.674 | INFO     | __main__:evaluate_embedding:538 - epoch 290 - joint_emb avg: acc@[1, 5, 10]=[0.4286     0.6232     0.69525003], mr=79.040, mrr=0.520
2025-07-17 17:36:18.073 | INFO     | __main__:test:477 - tensor([0.6035, 0.2118, 0.5818, 0.0000, 0.5759, 0.0000], device='cuda:0')
2025-07-17 17:36:21.451 | INFO     | __main__:evaluate_embedding:538 - epoch 300 - joint_emb avg: acc@[1, 5, 10]=[0.40725 0.59235 0.65785], mr=101.013, mrr=0.493
2025-07-17 17:36:32.677 | INFO     | __main__:test:477 - tensor([0.4188, 0.2120, 0.2125, 0.1846, 0.2064, 0.1846], device='cuda:0')
2025-07-17 17:36:35.390 | INFO     | __main__:evaluate_embedding:538 - epoch 310 - joint_emb avg: acc@[1, 5, 10]=[0.4294     0.62405    0.69519997], mr=79.050, mrr=0.520
2025-07-17 17:36:46.930 | INFO     | __main__:test:477 - tensor([0.4190, 0.2123, 0.2126, 0.1844, 0.2064, 0.1844], device='cuda:0')
2025-07-17 17:36:49.645 | INFO     | __main__:evaluate_embedding:538 - epoch 320 - joint_emb avg: acc@[1, 5, 10]=[0.43035    0.6235     0.69490004], mr=78.724, mrr=0.521
2025-07-17 17:37:01.378 | INFO     | __main__:test:477 - tensor([0.4191, 0.2126, 0.2128, 0.1842, 0.2064, 0.1842], device='cuda:0')
2025-07-17 17:37:04.101 | INFO     | __main__:evaluate_embedding:538 - epoch 330 - joint_emb avg: acc@[1, 5, 10]=[0.43089998 0.62345    0.6946    ], mr=78.748, mrr=0.521
2025-07-17 17:37:15.715 | INFO     | __main__:test:477 - tensor([0.4193, 0.2128, 0.2129, 0.1839, 0.2063, 0.1839], device='cuda:0')
2025-07-17 17:37:18.431 | INFO     | __main__:evaluate_embedding:538 - epoch 340 - joint_emb avg: acc@[1, 5, 10]=[0.43129998 0.62390006 0.69505   ], mr=78.468, mrr=0.521
2025-07-17 17:37:30.060 | INFO     | __main__:test:477 - tensor([0.6031, 0.2131, 0.3968, 0.1837, 0.3901, 0.0000], device='cuda:0')
2025-07-17 17:37:32.774 | INFO     | __main__:evaluate_embedding:538 - epoch 350 - joint_emb avg: acc@[1, 5, 10]=[0.43375    0.62125003 0.69085   ], mr=86.005, mrr=0.522
2025-07-17 17:37:44.235 | INFO     | __main__:test:477 - tensor([0.6031, 0.2134, 0.3968, 0.0000, 0.3898, 0.1835], device='cuda:0')
2025-07-17 17:37:46.944 | INFO     | __main__:evaluate_embedding:538 - epoch 360 - joint_emb avg: acc@[1, 5, 10]=[0.43355    0.6243     0.69130003], mr=84.062, mrr=0.522
2025-07-17 17:37:58.805 | INFO     | __main__:test:477 - tensor([0.6030, 0.2137, 0.3967, 0.0000, 0.3896, 0.1833], device='cuda:0')
2025-07-17 17:38:01.516 | INFO     | __main__:evaluate_embedding:538 - epoch 370 - joint_emb avg: acc@[1, 5, 10]=[0.4336     0.62380004 0.69124997], mr=84.005, mrr=0.523
2025-07-17 17:38:13.246 | INFO     | __main__:test:477 - tensor([0.4198, 0.2140, 0.2135, 0.1831, 0.2062, 0.1831], device='cuda:0')
2025-07-17 17:38:15.977 | INFO     | __main__:evaluate_embedding:538 - epoch 380 - joint_emb avg: acc@[1, 5, 10]=[0.43335    0.62514997 0.69665   ], mr=78.453, mrr=0.523
2025-07-17 17:38:27.511 | INFO     | __main__:test:477 - tensor([0.6028, 0.2143, 0.3966, 0.0000, 0.3891, 0.1829], device='cuda:0')
2025-07-17 17:38:30.247 | INFO     | __main__:evaluate_embedding:538 - epoch 390 - joint_emb avg: acc@[1, 5, 10]=[0.43414998 0.62375    0.69044995], mr=84.692, mrr=0.523
2025-07-17 17:38:42.018 | INFO     | __main__:test:477 - tensor([0.4200, 0.2146, 0.3966, 0.0000, 0.3889, 0.1827], device='cuda:0')
2025-07-17 17:38:44.827 | INFO     | __main__:evaluate_embedding:538 - epoch 400 - joint_emb avg: acc@[1, 5, 10]=[0.41275    0.59284997 0.65715003], mr=97.437, mrr=0.497
2025-07-17 17:38:56.587 | INFO     | __main__:test:477 - tensor([0.4202, 0.2149, 0.2140, 0.1825, 0.2061, 0.1825], device='cuda:0')
2025-07-17 17:38:59.962 | INFO     | __main__:evaluate_embedding:538 - epoch 410 - joint_emb avg: acc@[1, 5, 10]=[0.4337  0.62395 0.6976 ], mr=78.300, mrr=0.523
2025-07-17 17:39:11.733 | INFO     | __main__:test:477 - tensor([0.4203, 0.2152, 0.2142, 0.1823, 0.2061, 0.1823], device='cuda:0')
2025-07-17 17:39:15.109 | INFO     | __main__:evaluate_embedding:538 - epoch 420 - joint_emb avg: acc@[1, 5, 10]=[0.43559998 0.62575    0.6983    ], mr=77.173, mrr=0.525
2025-07-17 17:39:26.568 | INFO     | __main__:test:477 - tensor([0.4204, 0.2155, 0.2143, 0.1821, 0.2061, 0.1821], device='cuda:0')
2025-07-17 17:39:29.288 | INFO     | __main__:evaluate_embedding:538 - epoch 430 - joint_emb avg: acc@[1, 5, 10]=[0.43555    0.62505    0.69799995], mr=77.312, mrr=0.525
2025-07-17 17:39:40.984 | INFO     | __main__:test:477 - tensor([0.4205, 0.2158, 0.2145, 0.1818, 0.2060, 0.1818], device='cuda:0')
2025-07-17 17:39:43.701 | INFO     | __main__:evaluate_embedding:538 - epoch 440 - joint_emb avg: acc@[1, 5, 10]=[0.43535 0.6263  0.6977 ], mr=76.751, mrr=0.525
2025-07-17 17:39:55.110 | INFO     | __main__:test:477 - tensor([0.4206, 0.2161, 0.3963, 0.1816, 0.3876, 0.0000], device='cuda:0')
2025-07-17 17:39:58.494 | INFO     | __main__:evaluate_embedding:538 - epoch 450 - joint_emb avg: acc@[1, 5, 10]=[0.40905 0.59055 0.6542 ], mr=99.834, mrr=0.494
2025-07-17 17:40:10.277 | INFO     | __main__:test:477 - tensor([0.4207, 0.2164, 0.2148, 0.1814, 0.2059, 0.1814], device='cuda:0')
2025-07-17 17:40:13.658 | INFO     | __main__:evaluate_embedding:538 - epoch 460 - joint_emb avg: acc@[1, 5, 10]=[0.43645 0.6272  0.69775], mr=77.031, mrr=0.526
2025-07-17 17:40:25.052 | INFO     | __main__:test:477 - tensor([0.4208, 0.2168, 0.3962, 0.1812, 0.3871, 0.0000], device='cuda:0')
2025-07-17 17:40:27.766 | INFO     | __main__:evaluate_embedding:538 - epoch 470 - joint_emb avg: acc@[1, 5, 10]=[0.4094  0.5894  0.65265], mr=101.455, mrr=0.494
2025-07-17 17:40:39.144 | INFO     | __main__:test:477 - tensor([0.4209, 0.2171, 0.2151, 0.1810, 0.2058, 0.1810], device='cuda:0')
2025-07-17 17:40:41.872 | INFO     | __main__:evaluate_embedding:538 - epoch 480 - joint_emb avg: acc@[1, 5, 10]=[0.43655002 0.62645    0.69885   ], mr=76.903, mrr=0.526
2025-07-17 17:40:53.784 | INFO     | __main__:test:477 - tensor([0.4210, 0.2174, 0.3961, 0.0000, 0.3865, 0.1808], device='cuda:0')
2025-07-17 17:40:56.510 | INFO     | __main__:evaluate_embedding:538 - epoch 490 - joint_emb avg: acc@[1, 5, 10]=[0.4106 0.5902 0.651 ], mr=101.600, mrr=0.494
2025-07-17 17:41:08.035 | INFO     | __main__:test:477 - tensor([0.4211, 0.2177, 0.3960, 0.0000, 0.3863, 0.1806], device='cuda:0')
2025-07-17 17:41:10.833 | INFO     | __main__:evaluate_embedding:538 - epoch 500 - joint_emb avg: acc@[1, 5, 10]=[0.4098  0.589   0.65085], mr=102.181, mrr=0.494
2025-07-17 17:41:22.111 | INFO     | __main__:test:477 - tensor([0.4212, 0.2181, 0.3960, 0.1804, 0.3860, 0.0000], device='cuda:0')
2025-07-17 17:41:25.484 | INFO     | __main__:evaluate_embedding:538 - epoch 510 - joint_emb avg: acc@[1, 5, 10]=[0.40735 0.5876  0.64975], mr=101.528, mrr=0.492
2025-07-17 17:41:37.041 | INFO     | __main__:test:477 - tensor([0.4213, 0.2184, 0.2158, 0.1801, 0.2056, 0.1801], device='cuda:0')
2025-07-17 17:41:39.756 | INFO     | __main__:evaluate_embedding:538 - epoch 520 - joint_emb avg: acc@[1, 5, 10]=[0.438      0.62695    0.69850004], mr=76.522, mrr=0.527
2025-07-17 17:41:51.481 | INFO     | __main__:test:477 - tensor([0.6014, 0.2187, 0.5758, 0.0000, 0.5654, 0.0000], device='cuda:0')
2025-07-17 17:41:54.856 | INFO     | __main__:evaluate_embedding:538 - epoch 530 - joint_emb avg: acc@[1, 5, 10]=[0.40219998 0.57865    0.6408    ], mr=116.028, mrr=0.485
2025-07-17 17:42:06.472 | INFO     | __main__:test:477 - tensor([0.6013, 0.2190, 0.3958, 0.0000, 0.3852, 0.1797], device='cuda:0')
2025-07-17 17:42:09.198 | INFO     | __main__:evaluate_embedding:538 - epoch 540 - joint_emb avg: acc@[1, 5, 10]=[0.43405    0.6211     0.68649995], mr=90.893, mrr=0.521
2025-07-17 17:42:20.976 | INFO     | __main__:test:477 - tensor([0.4216, 0.2193, 0.2162, 0.1795, 0.2054, 0.1795], device='cuda:0')
2025-07-17 17:42:24.353 | INFO     | __main__:evaluate_embedding:538 - epoch 550 - joint_emb avg: acc@[1, 5, 10]=[0.43870002 0.6278     0.6975    ], mr=78.464, mrr=0.527
2025-07-17 17:42:35.983 | INFO     | __main__:test:477 - tensor([0.6010, 0.2197, 0.3957, 0.0000, 0.3846, 0.1793], device='cuda:0')
2025-07-17 17:42:38.718 | INFO     | __main__:evaluate_embedding:538 - epoch 560 - joint_emb avg: acc@[1, 5, 10]=[0.43400002 0.62084997 0.6865    ], mr=91.139, mrr=0.521
2025-07-17 17:42:50.477 | INFO     | __main__:test:477 - tensor([0.4218, 0.2200, 0.2166, 0.1791, 0.2053, 0.1791], device='cuda:0')
2025-07-17 17:42:53.184 | INFO     | __main__:evaluate_embedding:538 - epoch 570 - joint_emb avg: acc@[1, 5, 10]=[0.43925 0.6278  0.6989 ], mr=76.271, mrr=0.528
2025-07-17 17:43:04.693 | INFO     | __main__:test:477 - tensor([0.6008, 0.2203, 0.3956, 0.1789, 0.3841, 0.0000], device='cuda:0')
2025-07-17 17:43:07.402 | INFO     | __main__:evaluate_embedding:538 - epoch 580 - joint_emb avg: acc@[1, 5, 10]=[0.4312  0.61595 0.68115], mr=94.157, mrr=0.518
2025-07-17 17:43:18.988 | INFO     | __main__:test:477 - tensor([0.4220, 0.2207, 0.2169, 0.1787, 0.2051, 0.1787], device='cuda:0')
2025-07-17 17:43:21.744 | INFO     | __main__:evaluate_embedding:538 - epoch 590 - joint_emb avg: acc@[1, 5, 10]=[0.43895 0.62745 0.6981 ], mr=77.465, mrr=0.528
2025-07-17 17:43:33.361 | INFO     | __main__:test:477 - tensor([0.4221, 0.2210, 0.2170, 0.1784, 0.2051, 0.1784], device='cuda:0')
2025-07-17 17:43:36.169 | INFO     | __main__:evaluate_embedding:538 - epoch 600 - joint_emb avg: acc@[1, 5, 10]=[0.43774998 0.6265     0.69775   ], mr=77.284, mrr=0.526
2025-07-17 17:43:47.906 | INFO     | __main__:test:477 - tensor([0.4222, 0.2214, 0.2172, 0.1782, 0.2050, 0.1782], device='cuda:0')
2025-07-17 17:43:50.720 | INFO     | __main__:evaluate_embedding:538 - epoch 610 - joint_emb avg: acc@[1, 5, 10]=[0.43989998 0.62715    0.6969    ], mr=77.014, mrr=0.528
2025-07-17 17:44:02.340 | INFO     | __main__:test:477 - tensor([0.4223, 0.2217, 0.3954, 0.1780, 0.3829, 0.0000], device='cuda:0')
2025-07-17 17:44:05.271 | INFO     | __main__:evaluate_embedding:538 - epoch 620 - joint_emb avg: acc@[1, 5, 10]=[0.4029 0.5805 0.6423], mr=107.592, mrr=0.486
2025-07-17 17:44:17.001 | INFO     | __main__:test:477 - tensor([0.6001, 0.2221, 0.3953, 0.0000, 0.3826, 0.1778], device='cuda:0')
2025-07-17 17:44:19.740 | INFO     | __main__:evaluate_embedding:538 - epoch 630 - joint_emb avg: acc@[1, 5, 10]=[0.4312     0.61794996 0.68245   ], mr=95.782, mrr=0.518
2025-07-17 17:44:31.332 | INFO     | __main__:test:477 - tensor([0.4224, 0.2224, 0.2177, 0.1776, 0.2047, 0.1776], device='cuda:0')
2025-07-17 17:44:34.053 | INFO     | __main__:evaluate_embedding:538 - epoch 640 - joint_emb avg: acc@[1, 5, 10]=[0.43875    0.62670004 0.6967    ], mr=77.252, mrr=0.527
2025-07-17 17:44:45.760 | INFO     | __main__:test:477 - tensor([0.5999, 0.2228, 0.3952, 0.0000, 0.3820, 0.1774], device='cuda:0')
2025-07-17 17:44:49.139 | INFO     | __main__:evaluate_embedding:538 - epoch 650 - joint_emb avg: acc@[1, 5, 10]=[0.43195 0.61735 0.6818 ], mr=95.506, mrr=0.518
2025-07-17 17:45:00.633 | INFO     | __main__:test:477 - tensor([0.4225, 0.2231, 0.2180, 0.1772, 0.2045, 0.1772], device='cuda:0')
2025-07-17 17:45:03.338 | INFO     | __main__:evaluate_embedding:538 - epoch 660 - joint_emb avg: acc@[1, 5, 10]=[0.43954998 0.62695    0.69705   ], mr=77.875, mrr=0.527
2025-07-17 17:45:14.857 | INFO     | __main__:test:477 - tensor([0.5996, 0.2235, 0.3951, 0.0000, 0.3814, 0.1770], device='cuda:0')
2025-07-17 17:45:17.551 | INFO     | __main__:evaluate_embedding:538 - epoch 670 - joint_emb avg: acc@[1, 5, 10]=[0.43075 0.61545 0.6804 ], mr=96.639, mrr=0.517
2025-07-17 17:45:29.355 | INFO     | __main__:test:477 - tensor([0.4227, 0.2238, 0.3951, 0.1768, 0.3811, 0.0000], device='cuda:0')
2025-07-17 17:45:32.084 | INFO     | __main__:evaluate_embedding:538 - epoch 680 - joint_emb avg: acc@[1, 5, 10]=[0.39975    0.5751     0.63670003], mr=111.585, mrr=0.482
2025-07-17 17:45:43.541 | INFO     | __main__:test:477 - tensor([0.4227, 0.2242, 0.2185, 0.1765, 0.2043, 0.1765], device='cuda:0')
2025-07-17 17:45:46.263 | INFO     | __main__:evaluate_embedding:538 - epoch 690 - joint_emb avg: acc@[1, 5, 10]=[0.4379     0.62549996 0.6953    ], mr=78.762, mrr=0.526
2025-07-17 17:45:57.590 | INFO     | __main__:test:477 - tensor([0.4228, 0.2245, 0.2186, 0.1763, 0.2042, 0.1763], device='cuda:0')
2025-07-17 17:46:00.957 | INFO     | __main__:evaluate_embedding:538 - epoch 700 - joint_emb avg: acc@[1, 5, 10]=[0.4389     0.6253     0.69350004], mr=78.239, mrr=0.527
2025-07-17 17:46:12.173 | INFO     | __main__:test:477 - tensor([0.5990, 0.2249, 0.3949, 0.0000, 0.3802, 0.1761], device='cuda:0')
2025-07-17 17:46:14.880 | INFO     | __main__:evaluate_embedding:538 - epoch 710 - joint_emb avg: acc@[1, 5, 10]=[0.4311  0.61395 0.6784 ], mr=98.594, mrr=0.516
2025-07-17 17:46:26.259 | INFO     | __main__:test:477 - tensor([0.5989, 0.2252, 0.5708, 0.0000, 0.5558, 0.0000], device='cuda:0')
2025-07-17 17:46:29.625 | INFO     | __main__:evaluate_embedding:538 - epoch 720 - joint_emb avg: acc@[1, 5, 10]=[0.39015    0.55939996 0.6227    ], mr=131.085, mrr=0.470
2025-07-17 17:46:41.324 | INFO     | __main__:test:477 - tensor([0.5987, 0.2256, 0.3948, 0.0000, 0.3796, 0.1757], device='cuda:0')
2025-07-17 17:46:44.690 | INFO     | __main__:evaluate_embedding:538 - epoch 730 - joint_emb avg: acc@[1, 5, 10]=[0.4306     0.6124     0.67604995], mr=100.343, mrr=0.516
2025-07-17 17:46:56.332 | INFO     | __main__:test:477 - tensor([0.4230, 0.2260, 0.2193, 0.1755, 0.2038, 0.1755], device='cuda:0')
2025-07-17 17:46:59.699 | INFO     | __main__:evaluate_embedding:538 - epoch 740 - joint_emb avg: acc@[1, 5, 10]=[0.4384     0.62415004 0.6936    ], mr=79.232, mrr=0.526
2025-07-17 17:47:11.171 | INFO     | __main__:test:477 - tensor([0.4231, 0.2263, 0.2194, 0.1753, 0.2037, 0.1753], device='cuda:0')
2025-07-17 17:47:13.895 | INFO     | __main__:evaluate_embedding:538 - epoch 750 - joint_emb avg: acc@[1, 5, 10]=[0.4382     0.62385    0.69280005], mr=80.582, mrr=0.525
2025-07-17 17:47:25.335 | INFO     | __main__:test:477 - tensor([0.5982, 0.2267, 0.3947, 0.0000, 0.3786, 0.1751], device='cuda:0')
2025-07-17 17:47:28.039 | INFO     | __main__:evaluate_embedding:538 - epoch 760 - joint_emb avg: acc@[1, 5, 10]=[0.42885 0.61085 0.6745 ], mr=101.425, mrr=0.514
2025-07-17 17:47:39.439 | INFO     | __main__:test:477 - tensor([0.4232, 0.2271, 0.2197, 0.1749, 0.2035, 0.1748], device='cuda:0')
2025-07-17 17:47:42.169 | INFO     | __main__:evaluate_embedding:538 - epoch 770 - joint_emb avg: acc@[1, 5, 10]=[0.43774998 0.62465    0.69280005], mr=81.230, mrr=0.525
2025-07-17 17:47:53.871 | INFO     | __main__:test:477 - tensor([0.4233, 0.2275, 0.2199, 0.1746, 0.2033, 0.1746], device='cuda:0')
2025-07-17 17:47:56.613 | INFO     | __main__:evaluate_embedding:538 - epoch 780 - joint_emb avg: acc@[1, 5, 10]=[0.43765002 0.62329996 0.69225   ], mr=80.305, mrr=0.525
2025-07-17 17:48:08.232 | INFO     | __main__:test:477 - tensor([0.5977, 0.2278, 0.3945, 0.0000, 0.3777, 0.1744], device='cuda:0')
2025-07-17 17:48:11.606 | INFO     | __main__:evaluate_embedding:538 - epoch 790 - joint_emb avg: acc@[1, 5, 10]=[0.42785 0.60875 0.67135], mr=103.665, mrr=0.512
2025-07-17 17:48:23.030 | INFO     | __main__:test:477 - tensor([0.5975, 0.2282, 0.3944, 0.1742, 0.3773, 0.0000], device='cuda:0')
2025-07-17 17:48:25.738 | INFO     | __main__:evaluate_embedding:538 - epoch 800 - joint_emb avg: acc@[1, 5, 10]=[0.4248  0.60705 0.66885], mr=102.377, mrr=0.510
2025-07-17 17:48:37.159 | INFO     | __main__:test:477 - tensor([0.5974, 0.2286, 0.3944, 0.0000, 0.3770, 0.1740], device='cuda:0')
2025-07-17 17:48:39.880 | INFO     | __main__:evaluate_embedding:538 - epoch 810 - joint_emb avg: acc@[1, 5, 10]=[0.427  0.607  0.6702], mr=106.058, mrr=0.512
2025-07-17 17:48:51.835 | INFO     | __main__:test:477 - tensor([0.5972, 0.2290, 0.3943, 0.1738, 0.3767, 0.0000], device='cuda:0')
2025-07-17 17:48:54.528 | INFO     | __main__:evaluate_embedding:538 - epoch 820 - joint_emb avg: acc@[1, 5, 10]=[0.42610002 0.6043     0.66765   ], mr=102.726, mrr=0.510
2025-07-17 17:49:06.446 | INFO     | __main__:test:477 - tensor([0.5970, 0.2294, 0.3943, 0.1736, 0.3763, 0.0000], device='cuda:0')
2025-07-17 17:49:09.824 | INFO     | __main__:evaluate_embedding:538 - epoch 830 - joint_emb avg: acc@[1, 5, 10]=[0.4249  0.60445 0.66715], mr=103.923, mrr=0.509
2025-07-17 17:49:21.455 | INFO     | __main__:test:477 - tensor([0.4235, 0.2298, 0.2209, 0.1734, 0.2026, 0.1734], device='cuda:0')
2025-07-17 17:49:24.170 | INFO     | __main__:evaluate_embedding:538 - epoch 840 - joint_emb avg: acc@[1, 5, 10]=[0.43505 0.62035 0.6891 ], mr=82.820, mrr=0.522
2025-07-17 17:49:35.902 | INFO     | __main__:test:477 - tensor([0.5967, 0.2301, 0.3942, 0.1732, 0.3757, 0.0000], device='cuda:0')
2025-07-17 17:49:38.616 | INFO     | __main__:evaluate_embedding:538 - epoch 850 - joint_emb avg: acc@[1, 5, 10]=[0.4237     0.60214996 0.66535   ], mr=104.928, mrr=0.508
2025-07-17 17:49:50.318 | INFO     | __main__:test:477 - tensor([0.4236, 0.2305, 0.3941, 0.0000, 0.3753, 0.1730], device='cuda:0')
2025-07-17 17:49:53.679 | INFO     | __main__:evaluate_embedding:538 - epoch 860 - joint_emb avg: acc@[1, 5, 10]=[0.39085 0.55635 0.6193 ], mr=127.618, mrr=0.470
2025-07-17 17:50:05.277 | INFO     | __main__:test:477 - tensor([0.4236, 0.2309, 0.2213, 0.1727, 0.2023, 0.1727], device='cuda:0')
2025-07-17 17:50:08.092 | INFO     | __main__:evaluate_embedding:538 - epoch 870 - joint_emb avg: acc@[1, 5, 10]=[0.4322  0.61715 0.6871 ], mr=84.373, mrr=0.519
2025-07-17 17:50:19.962 | INFO     | __main__:test:477 - tensor([0.4236, 0.2313, 0.3940, 0.0000, 0.3747, 0.1725], device='cuda:0')
2025-07-17 17:50:22.671 | INFO     | __main__:evaluate_embedding:538 - epoch 880 - joint_emb avg: acc@[1, 5, 10]=[0.389   0.55315 0.6165 ], mr=128.492, mrr=0.468
2025-07-17 17:50:33.868 | INFO     | __main__:test:477 - tensor([0.4236, 0.2317, 0.2217, 0.1723, 0.2020, 0.1723], device='cuda:0')
2025-07-17 17:50:37.224 | INFO     | __main__:evaluate_embedding:538 - epoch 890 - joint_emb avg: acc@[1, 5, 10]=[0.43455 0.61835 0.6879 ], mr=84.594, mrr=0.521
2025-07-17 17:50:48.889 | INFO     | __main__:test:477 - tensor([0.4237, 0.2321, 0.3939, 0.0000, 0.3740, 0.1721], device='cuda:0')
2025-07-17 17:50:51.591 | INFO     | __main__:evaluate_embedding:538 - epoch 900 - joint_emb avg: acc@[1, 5, 10]=[0.38814998 0.55104995 0.61294997], mr=132.466, mrr=0.466
2025-07-17 17:51:03.118 | INFO     | __main__:test:477 - tensor([0.5956, 0.2325, 0.3939, 0.1719, 0.3736, 0.0000], device='cuda:0')
2025-07-17 17:51:06.499 | INFO     | __main__:evaluate_embedding:538 - epoch 910 - joint_emb avg: acc@[1, 5, 10]=[0.42315 0.59865 0.66195], mr=108.696, mrr=0.506
2025-07-17 17:51:17.773 | INFO     | __main__:test:477 - tensor([0.4237, 0.2329, 0.2221, 0.1717, 0.2016, 0.1717], device='cuda:0')
2025-07-17 17:51:20.478 | INFO     | __main__:evaluate_embedding:538 - epoch 920 - joint_emb avg: acc@[1, 5, 10]=[0.4329     0.616      0.68394995], mr=86.864, mrr=0.519
2025-07-17 17:51:31.807 | INFO     | __main__:test:477 - tensor([0.4237, 0.2333, 0.2223, 0.1715, 0.2014, 0.1715], device='cuda:0')
2025-07-17 17:51:34.512 | INFO     | __main__:evaluate_embedding:538 - epoch 930 - joint_emb avg: acc@[1, 5, 10]=[0.4321     0.61724997 0.68455005], mr=85.098, mrr=0.519
2025-07-17 17:51:46.251 | INFO     | __main__:test:477 - tensor([0.4237, 0.2337, 0.2224, 0.1713, 0.2013, 0.1713], device='cuda:0')
2025-07-17 17:51:48.977 | INFO     | __main__:evaluate_embedding:538 - epoch 940 - joint_emb avg: acc@[1, 5, 10]=[0.43195 0.6148  0.684  ], mr=86.049, mrr=0.519
2025-07-17 17:52:00.615 | INFO     | __main__:test:477 - tensor([0.4238, 0.2341, 0.3937, 0.1711, 0.3722, 0.0000], device='cuda:0')
2025-07-17 17:52:03.979 | INFO     | __main__:evaluate_embedding:538 - epoch 950 - joint_emb avg: acc@[1, 5, 10]=[0.3818     0.54760003 0.60959995], mr=131.586, mrr=0.461
2025-07-17 17:52:15.662 | INFO     | __main__:test:477 - tensor([0.4238, 0.2345, 0.2228, 0.1708, 0.2010, 0.1709], device='cuda:0')
2025-07-17 17:52:18.399 | INFO     | __main__:evaluate_embedding:538 - epoch 960 - joint_emb avg: acc@[1, 5, 10]=[0.42865002 0.61520004 0.68305004], mr=87.470, mrr=0.517
2025-07-17 17:52:29.972 | INFO     | __main__:test:477 - tensor([0.4238, 0.2349, 0.2229, 0.1706, 0.2009, 0.1706], device='cuda:0')
2025-07-17 17:52:32.699 | INFO     | __main__:evaluate_embedding:538 - epoch 970 - joint_emb avg: acc@[1, 5, 10]=[0.42955 0.61365 0.6823 ], mr=88.295, mrr=0.517
2025-07-17 17:52:44.415 | INFO     | __main__:test:477 - tensor([0.4238, 0.2354, 0.3935, 0.1704, 0.3712, 0.0000], device='cuda:0')
2025-07-17 17:52:47.129 | INFO     | __main__:evaluate_embedding:538 - epoch 980 - joint_emb avg: acc@[1, 5, 10]=[0.37919998 0.5447     0.6062    ], mr=132.748, mrr=0.459
2025-07-17 17:52:58.794 | INFO     | __main__:test:477 - tensor([0.4238, 0.2358, 0.2232, 0.1702, 0.2006, 0.1702], device='cuda:0')
2025-07-17 17:53:01.516 | INFO     | __main__:evaluate_embedding:538 - epoch 990 - joint_emb avg: acc@[1, 5, 10]=[0.42815 0.61325 0.68095], mr=88.937, mrr=0.515
2025-07-17 17:53:11.682 | INFO     | __main__:<module>:553 - Best avg epoch <570>: acc@[1, 5, 10]=[0.43925 0.6278  0.6989 ], mr=76.271, mrr=0.528
