2025-07-17 15:19:48.748 | INFO     | model:__init__:118 - weight :tensor([[0.],
        [0.],
        [0.],
        [0.],
        [0.],
        [0.],
        [0.]])
2025-07-17 15:19:48.749 | INFO     | model:__init__:132 - combo_indices :[1, 7, 31, 19, 4, 16, 20]
2025-07-17 15:19:49.920 | INFO     | __main__:train:367 - Namespace(file_dir='data/mmkb-datasets/FB15K_DB15K', rate=0.8, seed=42, epochs=1000, check_point=10, hidden_units='300,300,300', heads='2,2', instance_normalization=False, lr=0.0005, dropout=0.0, attn_dropout=0.0, gph_dim=300, n_exp=5, device='cuda', topk=5, csls=True, csls_k=3, il_start=500, bsize=512, tau=0.1, tau2=4.0, feat_dim=300, use_project_head=False, zoom=0.1, reduction='mean', train_ill_path='', fusion_weight_dim=0)
2025-07-17 15:22:22.018 | INFO     | __main__:test:477 - tensor([0.3991, 0.2005, 0.1996, 0.2002, 0.3991, 0.2002], device='cuda:0')
2025-07-17 15:22:22.745 | INFO     | __main__:evaluate_embedding:538 - epoch 10 - joint_emb avg: acc@[1, 5, 10]=[0.41245002 0.64825    0.72975004], mr=26.326, mrr=0.523
2025-07-17 15:24:20.352 | INFO     | __main__:test:477 - tensor([0.4007, 0.2004, 0.2004, 0.1994, 0.4007, 0.1994], device='cuda:0')
2025-07-17 15:24:21.073 | INFO     | __main__:evaluate_embedding:538 - epoch 20 - joint_emb avg: acc@[1, 5, 10]=[0.53715 0.77065 0.83385], mr=15.788, mrr=0.643
2025-07-17 15:26:17.698 | INFO     | __main__:test:477 - tensor([0.6016, 0.1999, 0.5991, 0.0000, 0.6006, 0.0000], device='cuda:0')
2025-07-17 15:26:18.416 | INFO     | __main__:evaluate_embedding:538 - epoch 30 - joint_emb avg: acc@[1, 5, 10]=[0.64145 0.8286  0.87065], mr=11.774, mrr=0.725
2025-07-17 15:28:18.972 | INFO     | __main__:test:477 - tensor([0.6029, 0.1994, 0.4014, 0.1977, 0.4026, 0.0000], device='cuda:0')
2025-07-17 15:28:19.695 | INFO     | __main__:evaluate_embedding:538 - epoch 40 - joint_emb avg: acc@[1, 5, 10]=[0.71500003 0.866      0.90174997], mr=8.448, mrr=0.783
2025-07-17 15:30:31.834 | INFO     | __main__:test:477 - tensor([0.6041, 0.1989, 0.4021, 0.0000, 0.4027, 0.1970], device='cuda:0')
2025-07-17 15:30:32.550 | INFO     | __main__:evaluate_embedding:538 - epoch 50 - joint_emb avg: acc@[1, 5, 10]=[0.7393  0.88075 0.91265], mr=7.694, mrr=0.803
2025-07-17 15:32:13.665 | INFO     | __main__:test:477 - tensor([0.6052, 0.1984, 0.5990, 0.0000, 0.5992, 0.0000], device='cuda:0')
2025-07-17 15:32:14.384 | INFO     | __main__:evaluate_embedding:538 - epoch 60 - joint_emb avg: acc@[1, 5, 10]=[0.72975 0.8722  0.9058 ], mr=9.102, mrr=0.795
2025-07-17 15:33:53.979 | INFO     | __main__:test:477 - tensor([0.6062, 0.1980, 0.4032, 0.1958, 0.4028, 0.0000], device='cuda:0')
2025-07-17 15:33:54.849 | INFO     | __main__:evaluate_embedding:538 - epoch 70 - joint_emb avg: acc@[1, 5, 10]=[0.764      0.89419997 0.9214    ], mr=7.053, mrr=0.824
2025-07-17 15:35:33.554 | INFO     | __main__:test:477 - tensor([0.6071, 0.1977, 0.4037, 0.0000, 0.4027, 0.1953], device='cuda:0')
2025-07-17 15:35:34.444 | INFO     | __main__:evaluate_embedding:538 - epoch 80 - joint_emb avg: acc@[1, 5, 10]=[0.77335    0.89944994 0.92509997], mr=7.019, mrr=0.830
2025-07-17 15:37:16.655 | INFO     | __main__:test:477 - tensor([0.6078, 0.1975, 0.5987, 0.0000, 0.5973, 0.0000], device='cuda:0')
2025-07-17 15:37:17.550 | INFO     | __main__:evaluate_embedding:538 - epoch 90 - joint_emb avg: acc@[1, 5, 10]=[0.75310004 0.88269997 0.91400003], mr=8.598, mrr=0.812
2025-07-17 15:39:11.145 | INFO     | __main__:test:477 - tensor([0.6084, 0.1974, 0.5985, 0.0000, 0.5965, 0.0000], device='cuda:0')
2025-07-17 15:39:11.853 | INFO     | __main__:evaluate_embedding:538 - epoch 100 - joint_emb avg: acc@[1, 5, 10]=[0.75759995 0.88540006 0.91499996], mr=8.509, mrr=0.816
2025-07-17 15:40:34.017 | INFO     | __main__:test:477 - tensor([0.6090, 0.1973, 0.4046, 0.0000, 0.4020, 0.1937], device='cuda:0')
2025-07-17 15:40:34.728 | INFO     | __main__:evaluate_embedding:538 - epoch 110 - joint_emb avg: acc@[1, 5, 10]=[0.78620005 0.90425    0.93035   ], mr=6.930, mrr=0.840
2025-07-17 15:41:57.391 | INFO     | __main__:test:477 - tensor([0.6094, 0.1973, 0.4048, 0.1932, 0.4017, 0.0000], device='cuda:0')
2025-07-17 15:41:58.098 | INFO     | __main__:evaluate_embedding:538 - epoch 120 - joint_emb avg: acc@[1, 5, 10]=[0.78755 0.90525 0.93195], mr=6.870, mrr=0.842
2025-07-17 15:43:17.409 | INFO     | __main__:test:477 - tensor([0.6099, 0.1974, 0.5977, 0.0000, 0.5942, 0.0000], device='cuda:0')
2025-07-17 15:43:18.270 | INFO     | __main__:evaluate_embedding:538 - epoch 130 - joint_emb avg: acc@[1, 5, 10]=[0.76304996 0.88874996 0.9175    ], mr=8.389, mrr=0.820
2025-07-17 15:44:40.468 | INFO     | __main__:test:477 - tensor([0.6102, 0.1974, 0.5974, 0.0000, 0.5934, 0.0000], device='cuda:0')
2025-07-17 15:44:41.185 | INFO     | __main__:evaluate_embedding:538 - epoch 140 - joint_emb avg: acc@[1, 5, 10]=[0.76540005 0.88985    0.91655004], mr=8.406, mrr=0.822
2025-07-17 15:46:15.365 | INFO     | __main__:test:477 - tensor([0.6106, 0.1976, 0.5971, 0.0000, 0.5926, 0.0000], device='cuda:0')
2025-07-17 15:46:16.080 | INFO     | __main__:evaluate_embedding:538 - epoch 150 - joint_emb avg: acc@[1, 5, 10]=[0.76695    0.89049995 0.91789997], mr=8.411, mrr=0.823
2025-07-17 15:47:18.621 | INFO     | __main__:test:477 - tensor([0.6109, 0.1977, 0.4053, 0.0000, 0.4004, 0.1915], device='cuda:0')
2025-07-17 15:47:19.327 | INFO     | __main__:evaluate_embedding:538 - epoch 160 - joint_emb avg: acc@[1, 5, 10]=[0.79495    0.90895    0.93305004], mr=6.972, mrr=0.847
2025-07-17 15:48:23.574 | INFO     | __main__:test:477 - tensor([0.6111, 0.1978, 0.4054, 0.1911, 0.4001, 0.0000], device='cuda:0')
2025-07-17 15:48:24.287 | INFO     | __main__:evaluate_embedding:538 - epoch 170 - joint_emb avg: acc@[1, 5, 10]=[0.79845    0.90975    0.93324995], mr=6.963, mrr=0.850
2025-07-17 15:49:27.873 | INFO     | __main__:test:477 - tensor([0.6113, 0.1979, 0.4055, 0.1907, 0.3997, 0.0000], device='cuda:0')
2025-07-17 15:49:28.580 | INFO     | __main__:evaluate_embedding:538 - epoch 180 - joint_emb avg: acc@[1, 5, 10]=[0.79865    0.91034997 0.93365   ], mr=6.974, mrr=0.850
2025-07-17 15:50:30.534 | INFO     | __main__:test:477 - tensor([0.6115, 0.1981, 0.5960, 0.0000, 0.5898, 0.0000], device='cuda:0')
2025-07-17 15:50:31.392 | INFO     | __main__:evaluate_embedding:538 - epoch 190 - joint_emb avg: acc@[1, 5, 10]=[0.772   0.89065 0.91635], mr=8.430, mrr=0.826
2025-07-17 15:51:45.453 | INFO     | __main__:test:477 - tensor([0.6117, 0.1983, 0.5957, 0.0000, 0.5890, 0.0000], device='cuda:0')
2025-07-17 15:51:46.154 | INFO     | __main__:evaluate_embedding:538 - epoch 200 - joint_emb avg: acc@[1, 5, 10]=[0.77295005 0.89105    0.91709995], mr=8.432, mrr=0.827
2025-07-17 15:52:31.018 | INFO     | __main__:test:477 - tensor([0.6119, 0.1984, 0.4057, 0.0000, 0.3987, 0.1897], device='cuda:0')
2025-07-17 15:52:31.876 | INFO     | __main__:evaluate_embedding:538 - epoch 210 - joint_emb avg: acc@[1, 5, 10]=[0.8004     0.90955    0.93264997], mr=7.031, mrr=0.850
2025-07-17 15:53:16.790 | INFO     | __main__:test:477 - tensor([0.6120, 0.1986, 0.4057, 0.1894, 0.3984, 0.0000], device='cuda:0')
2025-07-17 15:53:17.495 | INFO     | __main__:evaluate_embedding:538 - epoch 220 - joint_emb avg: acc@[1, 5, 10]=[0.80174994 0.9109     0.9335    ], mr=6.936, mrr=0.851
2025-07-17 15:54:02.315 | INFO     | __main__:test:477 - tensor([0.6121, 0.1987, 0.4058, 0.1892, 0.3981, 0.0000], device='cuda:0')
2025-07-17 15:54:03.027 | INFO     | __main__:evaluate_embedding:538 - epoch 230 - joint_emb avg: acc@[1, 5, 10]=[0.80175 0.9119  0.9327 ], mr=6.926, mrr=0.851
2025-07-17 15:54:47.829 | INFO     | __main__:test:477 - tensor([0.6122, 0.1989, 0.4058, 0.1889, 0.3978, 0.0000], device='cuda:0')
2025-07-17 15:54:48.687 | INFO     | __main__:evaluate_embedding:538 - epoch 240 - joint_emb avg: acc@[1, 5, 10]=[0.80079997 0.91165    0.9333    ], mr=6.875, mrr=0.851
2025-07-17 15:55:30.941 | INFO     | __main__:test:477 - tensor([0.6123, 0.1991, 0.4058, 0.1887, 0.3975, 0.0000], device='cuda:0')
2025-07-17 15:55:31.640 | INFO     | __main__:evaluate_embedding:538 - epoch 250 - joint_emb avg: acc@[1, 5, 10]=[0.80155003 0.91110003 0.93305004], mr=6.846, mrr=0.851
2025-07-17 15:55:58.099 | INFO     | __main__:test:477 - tensor([0.6123, 0.1992, 0.4058, 0.0000, 0.3973, 0.1885], device='cuda:0')
2025-07-17 15:55:58.797 | INFO     | __main__:evaluate_embedding:538 - epoch 260 - joint_emb avg: acc@[1, 5, 10]=[0.80289996 0.9107     0.93270004], mr=7.064, mrr=0.851
2025-07-17 15:56:24.460 | INFO     | __main__:test:477 - tensor([0.6123, 0.1993, 0.4058, 0.0000, 0.3971, 0.1883], device='cuda:0')
2025-07-17 15:56:25.322 | INFO     | __main__:evaluate_embedding:538 - epoch 270 - joint_emb avg: acc@[1, 5, 10]=[0.8035     0.91069996 0.93289995], mr=7.067, mrr=0.852
2025-07-17 15:56:51.880 | INFO     | __main__:test:477 - tensor([0.6124, 0.1994, 0.4058, 0.0000, 0.3969, 0.1882], device='cuda:0')
2025-07-17 15:56:52.577 | INFO     | __main__:evaluate_embedding:538 - epoch 280 - joint_emb avg: acc@[1, 5, 10]=[0.80429995 0.9105     0.9327    ], mr=7.069, mrr=0.852
2025-07-17 15:57:18.822 | INFO     | __main__:test:477 - tensor([0.6124, 0.1996, 0.4058, 0.1880, 0.3967, 0.0000], device='cuda:0')
2025-07-17 15:57:19.535 | INFO     | __main__:evaluate_embedding:538 - epoch 290 - joint_emb avg: acc@[1, 5, 10]=[0.8027  0.91145 0.93425], mr=6.742, mrr=0.852
2025-07-17 15:57:45.235 | INFO     | __main__:test:477 - tensor([0.6124, 0.1997, 0.4058, 0.1879, 0.3965, 0.0000], device='cuda:0')
2025-07-17 15:57:45.929 | INFO     | __main__:evaluate_embedding:538 - epoch 300 - joint_emb avg: acc@[1, 5, 10]=[0.8035     0.91305    0.93404996], mr=6.707, mrr=0.853
2025-07-17 15:58:11.919 | INFO     | __main__:test:477 - tensor([0.6124, 0.1998, 0.4058, 0.1878, 0.3963, 0.0000], device='cuda:0')
2025-07-17 15:58:12.622 | INFO     | __main__:evaluate_embedding:538 - epoch 310 - joint_emb avg: acc@[1, 5, 10]=[0.8039  0.91265 0.93385], mr=6.723, mrr=0.853
2025-07-17 15:58:38.021 | INFO     | __main__:test:477 - tensor([0.6124, 0.1999, 0.4058, 0.0000, 0.3961, 0.1876], device='cuda:0')
2025-07-17 15:58:38.718 | INFO     | __main__:evaluate_embedding:538 - epoch 320 - joint_emb avg: acc@[1, 5, 10]=[0.8035     0.91050005 0.9323    ], mr=7.095, mrr=0.852
2025-07-17 15:59:03.968 | INFO     | __main__:test:477 - tensor([0.6124, 0.2001, 0.4058, 0.1875, 0.3959, 0.0000], device='cuda:0')
2025-07-17 15:59:04.816 | INFO     | __main__:evaluate_embedding:538 - epoch 330 - joint_emb avg: acc@[1, 5, 10]=[0.80505 0.91205 0.93385], mr=6.714, mrr=0.854
2025-07-17 15:59:30.149 | INFO     | __main__:test:477 - tensor([0.6124, 0.2002, 0.4057, 0.1874, 0.3957, 0.0000], device='cuda:0')
2025-07-17 15:59:30.840 | INFO     | __main__:evaluate_embedding:538 - epoch 340 - joint_emb avg: acc@[1, 5, 10]=[0.8056  0.91185 0.93385], mr=6.734, mrr=0.853
2025-07-17 15:59:55.879 | INFO     | __main__:test:477 - tensor([0.6124, 0.2004, 0.4057, 0.1872, 0.3955, 0.0000], device='cuda:0')
2025-07-17 15:59:56.582 | INFO     | __main__:evaluate_embedding:538 - epoch 350 - joint_emb avg: acc@[1, 5, 10]=[0.8062     0.91145    0.93305004], mr=6.718, mrr=0.854
2025-07-17 16:00:22.167 | INFO     | __main__:test:477 - tensor([0.6124, 0.2005, 0.4057, 0.1871, 0.3952, 0.0000], device='cuda:0')
2025-07-17 16:00:22.862 | INFO     | __main__:evaluate_embedding:538 - epoch 360 - joint_emb avg: acc@[1, 5, 10]=[0.80525    0.91145    0.93270004], mr=6.721, mrr=0.854
2025-07-17 16:00:50.491 | INFO     | __main__:test:477 - tensor([0.6124, 0.2007, 0.4057, 0.1869, 0.3950, 0.0000], device='cuda:0')
2025-07-17 16:00:51.338 | INFO     | __main__:evaluate_embedding:538 - epoch 370 - joint_emb avg: acc@[1, 5, 10]=[0.80464995 0.91145    0.93289995], mr=6.726, mrr=0.853
2025-07-17 16:01:17.061 | INFO     | __main__:test:477 - tensor([0.6123, 0.2009, 0.4056, 0.0000, 0.3948, 0.1868], device='cuda:0')
2025-07-17 16:01:17.763 | INFO     | __main__:evaluate_embedding:538 - epoch 380 - joint_emb avg: acc@[1, 5, 10]=[0.80445004 0.91085005 0.9321    ], mr=7.150, mrr=0.852
2025-07-17 16:01:44.349 | INFO     | __main__:test:477 - tensor([0.6123, 0.2010, 0.4056, 0.1867, 0.3945, 0.0000], device='cuda:0')
2025-07-17 16:01:45.195 | INFO     | __main__:evaluate_embedding:538 - epoch 390 - joint_emb avg: acc@[1, 5, 10]=[0.80485    0.91190004 0.93385   ], mr=6.752, mrr=0.853
2025-07-17 16:02:11.075 | INFO     | __main__:test:477 - tensor([0.6123, 0.2012, 0.4055, 0.1865, 0.3942, 0.0000], device='cuda:0')
2025-07-17 16:02:11.772 | INFO     | __main__:evaluate_embedding:538 - epoch 400 - joint_emb avg: acc@[1, 5, 10]=[0.80505    0.91205    0.93324995], mr=6.784, mrr=0.853
2025-07-17 16:02:36.766 | INFO     | __main__:test:477 - tensor([0.6122, 0.2014, 0.4055, 0.0000, 0.3940, 0.1864], device='cuda:0')
2025-07-17 16:02:37.465 | INFO     | __main__:evaluate_embedding:538 - epoch 410 - joint_emb avg: acc@[1, 5, 10]=[0.80385005 0.91015005 0.9325    ], mr=7.174, mrr=0.852
2025-07-17 16:03:03.206 | INFO     | __main__:test:477 - tensor([0.6122, 0.2016, 0.4054, 0.1862, 0.3937, 0.0000], device='cuda:0')
2025-07-17 16:03:03.903 | INFO     | __main__:evaluate_embedding:538 - epoch 420 - joint_emb avg: acc@[1, 5, 10]=[0.80525 0.91205 0.93465], mr=6.748, mrr=0.854
2025-07-17 16:03:28.876 | INFO     | __main__:test:477 - tensor([0.6121, 0.2018, 0.4054, 0.0000, 0.3934, 0.1861], device='cuda:0')
2025-07-17 16:03:29.721 | INFO     | __main__:evaluate_embedding:538 - epoch 430 - joint_emb avg: acc@[1, 5, 10]=[0.80445004 0.9113     0.93289995], mr=7.188, mrr=0.853
2025-07-17 16:03:55.345 | INFO     | __main__:test:477 - tensor([0.6121, 0.2020, 0.4053, 0.1859, 0.3932, 0.0000], device='cuda:0')
2025-07-17 16:03:56.204 | INFO     | __main__:evaluate_embedding:538 - epoch 440 - joint_emb avg: acc@[1, 5, 10]=[0.8066     0.91324997 0.93445003], mr=6.791, mrr=0.854
2025-07-17 16:04:21.956 | INFO     | __main__:test:477 - tensor([0.6120, 0.2022, 0.4053, 0.0000, 0.3929, 0.1858], device='cuda:0')
2025-07-17 16:04:22.654 | INFO     | __main__:evaluate_embedding:538 - epoch 450 - joint_emb avg: acc@[1, 5, 10]=[0.80505    0.91050005 0.93289995], mr=7.235, mrr=0.853
2025-07-17 16:04:48.039 | INFO     | __main__:test:477 - tensor([0.6119, 0.2024, 0.4052, 0.0000, 0.3926, 0.1856], device='cuda:0')
2025-07-17 16:04:48.734 | INFO     | __main__:evaluate_embedding:538 - epoch 460 - joint_emb avg: acc@[1, 5, 10]=[0.80405    0.91110003 0.9325    ], mr=7.235, mrr=0.852
2025-07-17 16:05:14.578 | INFO     | __main__:test:477 - tensor([0.6119, 0.2027, 0.4052, 0.0000, 0.3923, 0.1855], device='cuda:0')
2025-07-17 16:05:15.275 | INFO     | __main__:evaluate_embedding:538 - epoch 470 - joint_emb avg: acc@[1, 5, 10]=[0.80565    0.9107     0.93270004], mr=7.258, mrr=0.853
2025-07-17 16:05:41.249 | INFO     | __main__:test:477 - tensor([0.4264, 0.2029, 0.4051, 0.1853, 0.3920, 0.0000], device='cuda:0')
2025-07-17 16:05:41.970 | INFO     | __main__:evaluate_embedding:538 - epoch 480 - joint_emb avg: acc@[1, 5, 10]=[0.7788  0.89085 0.9198 ], mr=8.063, mrr=0.830
2025-07-17 16:06:08.368 | INFO     | __main__:test:477 - tensor([0.6117, 0.2032, 0.4051, 0.1850, 0.3917, 0.0000], device='cuda:0')
2025-07-17 16:06:09.231 | INFO     | __main__:evaluate_embedding:538 - epoch 490 - joint_emb avg: acc@[1, 5, 10]=[0.80565    0.91265    0.93404996], mr=6.804, mrr=0.854
2025-07-17 16:06:35.647 | INFO     | __main__:test:477 - tensor([0.6117, 0.2035, 0.4050, 0.1848, 0.3914, 0.0000], device='cuda:0')
2025-07-17 16:06:36.495 | INFO     | __main__:evaluate_embedding:538 - epoch 500 - joint_emb avg: acc@[1, 5, 10]=[0.80645    0.91225004 0.93385   ], mr=6.816, mrr=0.854
2025-07-17 16:07:02.146 | INFO     | __main__:test:477 - tensor([0.6117, 0.2038, 0.4050, 0.1845, 0.3911, 0.0000], device='cuda:0')
2025-07-17 16:07:02.843 | INFO     | __main__:evaluate_embedding:538 - epoch 510 - joint_emb avg: acc@[1, 5, 10]=[0.80585 0.91265 0.9331 ], mr=6.796, mrr=0.854
2025-07-17 16:07:28.523 | INFO     | __main__:test:477 - tensor([0.6116, 0.2041, 0.4050, 0.1842, 0.3909, 0.0000], device='cuda:0')
2025-07-17 16:07:29.220 | INFO     | __main__:evaluate_embedding:538 - epoch 520 - joint_emb avg: acc@[1, 5, 10]=[0.8062  0.91245 0.9335 ], mr=6.817, mrr=0.854
2025-07-17 16:07:54.222 | INFO     | __main__:test:477 - tensor([0.4276, 0.2044, 0.2210, 0.1840, 0.2066, 0.1840], device='cuda:0')
2025-07-17 16:07:54.918 | INFO     | __main__:evaluate_embedding:538 - epoch 530 - joint_emb avg: acc@[1, 5, 10]=[0.80465 0.9144  0.9358 ], mr=7.063, mrr=0.853
2025-07-17 16:08:20.712 | INFO     | __main__:test:477 - tensor([0.6116, 0.2048, 0.4049, 0.1837, 0.3903, 0.0000], device='cuda:0')
2025-07-17 16:08:21.404 | INFO     | __main__:evaluate_embedding:538 - epoch 540 - joint_emb avg: acc@[1, 5, 10]=[0.8062     0.91265    0.93270004], mr=6.809, mrr=0.854
2025-07-17 16:08:47.169 | INFO     | __main__:test:477 - tensor([0.6115, 0.2051, 0.4049, 0.0000, 0.3900, 0.1834], device='cuda:0')
2025-07-17 16:08:47.869 | INFO     | __main__:evaluate_embedding:538 - epoch 550 - joint_emb avg: acc@[1, 5, 10]=[0.80505    0.91050005 0.93095005], mr=7.350, mrr=0.852
2025-07-17 16:09:14.560 | INFO     | __main__:test:477 - tensor([0.6114, 0.2055, 0.4049, 0.0000, 0.3897, 0.1831], device='cuda:0')
2025-07-17 16:09:15.259 | INFO     | __main__:evaluate_embedding:538 - epoch 560 - joint_emb avg: acc@[1, 5, 10]=[0.80645    0.91069996 0.93075   ], mr=7.344, mrr=0.853
2025-07-17 16:09:41.712 | INFO     | __main__:test:477 - tensor([0.6114, 0.2058, 0.4048, 0.1828, 0.3894, 0.0000], device='cuda:0')
2025-07-17 16:09:42.562 | INFO     | __main__:evaluate_embedding:538 - epoch 570 - joint_emb avg: acc@[1, 5, 10]=[0.8064     0.91205    0.93270004], mr=6.878, mrr=0.854
2025-07-17 16:10:08.804 | INFO     | __main__:test:477 - tensor([0.6113, 0.2062, 0.4048, 0.0000, 0.3890, 0.1826], device='cuda:0')
2025-07-17 16:10:09.523 | INFO     | __main__:evaluate_embedding:538 - epoch 580 - joint_emb avg: acc@[1, 5, 10]=[0.8066  0.9099  0.93095], mr=7.375, mrr=0.853
2025-07-17 16:10:35.686 | INFO     | __main__:test:477 - tensor([0.6112, 0.2065, 0.4047, 0.1823, 0.3887, 0.0000], device='cuda:0')
2025-07-17 16:10:36.383 | INFO     | __main__:evaluate_embedding:538 - epoch 590 - joint_emb avg: acc@[1, 5, 10]=[0.8062  0.91185 0.93365], mr=6.837, mrr=0.854
2025-07-17 16:11:02.381 | INFO     | __main__:test:477 - tensor([0.4291, 0.2069, 0.2227, 0.1820, 0.2064, 0.1820], device='cuda:0')
2025-07-17 16:11:03.230 | INFO     | __main__:evaluate_embedding:538 - epoch 600 - joint_emb avg: acc@[1, 5, 10]=[0.807      0.91365004 0.936     ], mr=7.033, mrr=0.855
2025-07-17 16:11:29.502 | INFO     | __main__:test:477 - tensor([0.6110, 0.2073, 0.4046, 0.0000, 0.3881, 0.1817], device='cuda:0')
2025-07-17 16:11:30.202 | INFO     | __main__:evaluate_embedding:538 - epoch 610 - joint_emb avg: acc@[1, 5, 10]=[0.80625 0.90975 0.93095], mr=7.396, mrr=0.853
2025-07-17 16:11:55.304 | INFO     | __main__:test:477 - tensor([0.6109, 0.2076, 0.4046, 0.0000, 0.3877, 0.1814], device='cuda:0')
2025-07-17 16:11:56.166 | INFO     | __main__:evaluate_embedding:538 - epoch 620 - joint_emb avg: acc@[1, 5, 10]=[0.80605    0.90935004 0.93055   ], mr=7.419, mrr=0.853
2025-07-17 16:12:21.846 | INFO     | __main__:test:477 - tensor([0.6109, 0.2080, 0.4046, 0.0000, 0.3874, 0.1811], device='cuda:0')
2025-07-17 16:12:22.693 | INFO     | __main__:evaluate_embedding:538 - epoch 630 - joint_emb avg: acc@[1, 5, 10]=[0.80585 0.9097  0.93035], mr=7.420, mrr=0.853
2025-07-17 16:12:48.278 | INFO     | __main__:test:477 - tensor([0.6108, 0.2084, 0.4045, 0.1808, 0.3871, 0.0000], device='cuda:0')
2025-07-17 16:12:49.139 | INFO     | __main__:evaluate_embedding:538 - epoch 640 - joint_emb avg: acc@[1, 5, 10]=[0.8076  0.91265 0.93385], mr=7.000, mrr=0.854
2025-07-17 16:13:15.597 | INFO     | __main__:test:477 - tensor([0.6107, 0.2088, 0.5850, 0.0000, 0.5672, 0.0000], device='cuda:0')
2025-07-17 16:13:16.299 | INFO     | __main__:evaluate_embedding:538 - epoch 650 - joint_emb avg: acc@[1, 5, 10]=[0.77605 0.8807  0.9109 ], mr=8.923, mrr=0.826
2025-07-17 16:13:42.838 | INFO     | __main__:test:477 - tensor([0.6106, 0.2092, 0.5846, 0.0000, 0.5666, 0.0000], device='cuda:0')
2025-07-17 16:13:43.557 | INFO     | __main__:evaluate_embedding:538 - epoch 660 - joint_emb avg: acc@[1, 5, 10]=[0.77625 0.8817  0.9115 ], mr=8.931, mrr=0.826
2025-07-17 16:14:09.608 | INFO     | __main__:test:477 - tensor([0.6104, 0.2096, 0.4043, 0.0000, 0.3860, 0.1799], device='cuda:0')
2025-07-17 16:14:10.309 | INFO     | __main__:evaluate_embedding:538 - epoch 670 - joint_emb avg: acc@[1, 5, 10]=[0.806      0.90970004 0.93055   ], mr=7.471, mrr=0.853
2025-07-17 16:14:35.958 | INFO     | __main__:test:477 - tensor([0.6103, 0.2101, 0.4043, 0.0000, 0.3857, 0.1796], device='cuda:0')
2025-07-17 16:14:36.678 | INFO     | __main__:evaluate_embedding:538 - epoch 680 - joint_emb avg: acc@[1, 5, 10]=[0.806   0.90875 0.93055], mr=7.487, mrr=0.853
2025-07-17 16:15:02.876 | INFO     | __main__:test:477 - tensor([0.6102, 0.2105, 0.4042, 0.0000, 0.3853, 0.1793], device='cuda:0')
2025-07-17 16:15:03.578 | INFO     | __main__:evaluate_embedding:538 - epoch 690 - joint_emb avg: acc@[1, 5, 10]=[0.80525 0.90855 0.9302 ], mr=7.512, mrr=0.852
2025-07-17 16:15:29.012 | INFO     | __main__:test:477 - tensor([0.4310, 0.2109, 0.2251, 0.1790, 0.2059, 0.1790], device='cuda:0')
2025-07-17 16:15:29.712 | INFO     | __main__:evaluate_embedding:538 - epoch 700 - joint_emb avg: acc@[1, 5, 10]=[0.80955005 0.9142     0.9356    ], mr=7.120, mrr=0.856
2025-07-17 16:15:55.349 | INFO     | __main__:test:477 - tensor([0.4312, 0.2114, 0.2254, 0.1787, 0.2058, 0.1787], device='cuda:0')
2025-07-17 16:15:56.048 | INFO     | __main__:evaluate_embedding:538 - epoch 710 - joint_emb avg: acc@[1, 5, 10]=[0.80935    0.9146     0.93525004], mr=7.141, mrr=0.856
2025-07-17 16:16:21.656 | INFO     | __main__:test:477 - tensor([0.6098, 0.2118, 0.4040, 0.0000, 0.3842, 0.1784], device='cuda:0')
2025-07-17 16:16:22.511 | INFO     | __main__:evaluate_embedding:538 - epoch 720 - joint_emb avg: acc@[1, 5, 10]=[0.80505    0.9103     0.93015003], mr=7.575, mrr=0.852
2025-07-17 16:16:46.527 | INFO     | __main__:test:477 - tensor([0.4315, 0.2123, 0.4039, 0.1781, 0.3838, 0.0000], device='cuda:0')
2025-07-17 16:16:47.373 | INFO     | __main__:evaluate_embedding:538 - epoch 730 - joint_emb avg: acc@[1, 5, 10]=[0.77900004 0.88775    0.9171    ], mr=8.182, mrr=0.830
2025-07-17 16:17:12.744 | INFO     | __main__:test:477 - tensor([0.4317, 0.2128, 0.4038, 0.1778, 0.3834, 0.0000], device='cuda:0')
2025-07-17 16:17:13.439 | INFO     | __main__:evaluate_embedding:538 - epoch 740 - joint_emb avg: acc@[1, 5, 10]=[0.77765    0.8864     0.91655004], mr=8.197, mrr=0.829
2025-07-17 16:17:39.150 | INFO     | __main__:test:477 - tensor([0.4318, 0.2132, 0.4038, 0.1775, 0.3830, 0.0000], device='cuda:0')
2025-07-17 16:17:39.843 | INFO     | __main__:evaluate_embedding:538 - epoch 750 - joint_emb avg: acc@[1, 5, 10]=[0.77664995 0.88695    0.9152    ], mr=8.229, mrr=0.828
2025-07-17 16:18:06.421 | INFO     | __main__:test:477 - tensor([0.6091, 0.2137, 0.5808, 0.0000, 0.5597, 0.0000], device='cuda:0')
2025-07-17 16:18:07.117 | INFO     | __main__:evaluate_embedding:538 - epoch 760 - joint_emb avg: acc@[1, 5, 10]=[0.7747  0.87745 0.90855], mr=9.091, mrr=0.824
2025-07-17 16:18:33.472 | INFO     | __main__:test:477 - tensor([0.6089, 0.2142, 0.4036, 0.0000, 0.3822, 0.1768], device='cuda:0')
2025-07-17 16:18:34.168 | INFO     | __main__:evaluate_embedding:538 - epoch 770 - joint_emb avg: acc@[1, 5, 10]=[0.8047 0.9101 0.93  ], mr=7.681, mrr=0.851
2025-07-17 16:19:00.455 | INFO     | __main__:test:477 - tensor([0.6088, 0.2147, 0.4035, 0.0000, 0.3818, 0.1765], device='cuda:0')
2025-07-17 16:19:01.152 | INFO     | __main__:evaluate_embedding:538 - epoch 780 - joint_emb avg: acc@[1, 5, 10]=[0.8041 0.9099 0.9296], mr=7.701, mrr=0.851
2025-07-17 16:19:27.718 | INFO     | __main__:test:477 - tensor([0.6086, 0.2152, 0.4034, 0.1762, 0.3814, 0.0000], device='cuda:0')
2025-07-17 16:19:28.417 | INFO     | __main__:evaluate_embedding:538 - epoch 790 - joint_emb avg: acc@[1, 5, 10]=[0.8058  0.9103  0.93115], mr=7.140, mrr=0.853
2025-07-17 16:19:54.227 | INFO     | __main__:test:477 - tensor([0.4325, 0.2157, 0.4033, 0.0000, 0.3810, 0.1759], device='cuda:0')
2025-07-17 16:19:54.925 | INFO     | __main__:evaluate_embedding:538 - epoch 800 - joint_emb avg: acc@[1, 5, 10]=[0.7741  0.88055 0.9089 ], mr=9.117, mrr=0.825
2025-07-17 16:20:20.862 | INFO     | __main__:test:477 - tensor([0.6082, 0.2162, 0.4032, 0.1756, 0.3806, 0.0000], device='cuda:0')
2025-07-17 16:20:21.712 | INFO     | __main__:evaluate_embedding:538 - epoch 810 - joint_emb avg: acc@[1, 5, 10]=[0.80604994 0.90910006 0.93114996], mr=7.199, mrr=0.852
2025-07-17 16:20:47.060 | INFO     | __main__:test:477 - tensor([0.6080, 0.2167, 0.4031, 0.1753, 0.3801, 0.0000], device='cuda:0')
2025-07-17 16:20:47.760 | INFO     | __main__:evaluate_embedding:538 - epoch 820 - joint_emb avg: acc@[1, 5, 10]=[0.80544996 0.90929997 0.93130004], mr=7.200, mrr=0.852
2025-07-17 16:21:13.391 | INFO     | __main__:test:477 - tensor([0.4329, 0.2173, 0.2281, 0.1749, 0.2048, 0.1749], device='cuda:0')
2025-07-17 16:21:14.089 | INFO     | __main__:evaluate_embedding:538 - epoch 830 - joint_emb avg: acc@[1, 5, 10]=[0.80875003 0.91145    0.93445003], mr=7.432, mrr=0.855
2025-07-17 16:21:39.737 | INFO     | __main__:test:477 - tensor([0.6076, 0.2178, 0.4029, 0.0000, 0.3793, 0.1746], device='cuda:0')
2025-07-17 16:21:40.433 | INFO     | __main__:evaluate_embedding:538 - epoch 840 - joint_emb avg: acc@[1, 5, 10]=[0.8043  0.90895 0.9284 ], mr=7.919, mrr=0.851
2025-07-17 16:22:06.601 | INFO     | __main__:test:477 - tensor([0.4331, 0.2183, 0.2285, 0.1743, 0.2046, 0.1743], device='cuda:0')
2025-07-17 16:22:07.303 | INFO     | __main__:evaluate_embedding:538 - epoch 850 - joint_emb avg: acc@[1, 5, 10]=[0.80815005 0.9109     0.93445003], mr=7.406, mrr=0.855
2025-07-17 16:22:33.131 | INFO     | __main__:test:477 - tensor([0.6072, 0.2189, 0.5767, 0.0000, 0.5524, 0.0000], device='cuda:0')
2025-07-17 16:22:33.846 | INFO     | __main__:evaluate_embedding:538 - epoch 860 - joint_emb avg: acc@[1, 5, 10]=[0.77155    0.87549996 0.90680003], mr=9.365, mrr=0.822
2025-07-17 16:23:01.185 | INFO     | __main__:test:477 - tensor([0.6070, 0.2194, 0.4026, 0.1736, 0.3780, 0.0000], device='cuda:0')
2025-07-17 16:23:01.879 | INFO     | __main__:evaluate_embedding:538 - epoch 870 - joint_emb avg: acc@[1, 5, 10]=[0.80625 0.90855 0.9296 ], mr=7.311, mrr=0.852
2025-07-17 16:23:28.437 | INFO     | __main__:test:477 - tensor([0.6067, 0.2199, 0.4025, 0.0000, 0.3775, 0.1733], device='cuda:0')
2025-07-17 16:23:29.291 | INFO     | __main__:evaluate_embedding:538 - epoch 880 - joint_emb avg: acc@[1, 5, 10]=[0.80525 0.90895 0.9288 ], mr=7.954, mrr=0.851
2025-07-17 16:23:55.138 | INFO     | __main__:test:477 - tensor([0.4335, 0.2205, 0.2294, 0.1730, 0.2041, 0.1730], device='cuda:0')
2025-07-17 16:23:56.007 | INFO     | __main__:evaluate_embedding:538 - epoch 890 - joint_emb avg: acc@[1, 5, 10]=[0.80915    0.91050005 0.93385   ], mr=7.359, mrr=0.856
2025-07-17 16:24:21.032 | INFO     | __main__:test:477 - tensor([0.6063, 0.2210, 0.4023, 0.1727, 0.3767, 0.0000], device='cuda:0')
2025-07-17 16:24:21.727 | INFO     | __main__:evaluate_embedding:538 - epoch 900 - joint_emb avg: acc@[1, 5, 10]=[0.80585 0.9084  0.93035], mr=7.373, mrr=0.852
2025-07-17 16:24:47.389 | INFO     | __main__:test:477 - tensor([0.6061, 0.2216, 0.4022, 0.1724, 0.3762, 0.0000], device='cuda:0')
2025-07-17 16:24:48.108 | INFO     | __main__:evaluate_embedding:538 - epoch 910 - joint_emb avg: acc@[1, 5, 10]=[0.80684996 0.908      0.93      ], mr=7.372, mrr=0.853
2025-07-17 16:25:13.542 | INFO     | __main__:test:477 - tensor([0.6058, 0.2221, 0.4021, 0.1720, 0.3758, 0.0000], device='cuda:0')
2025-07-17 16:25:14.242 | INFO     | __main__:evaluate_embedding:538 - epoch 920 - joint_emb avg: acc@[1, 5, 10]=[0.8074  0.90855 0.9302 ], mr=7.440, mrr=0.853
2025-07-17 16:25:39.122 | INFO     | __main__:test:477 - tensor([0.4339, 0.2227, 0.2303, 0.1717, 0.2036, 0.1717], device='cuda:0')
2025-07-17 16:25:39.822 | INFO     | __main__:evaluate_embedding:538 - epoch 930 - joint_emb avg: acc@[1, 5, 10]=[0.80935    0.90995    0.93385005], mr=7.294, mrr=0.856
2025-07-17 16:26:05.594 | INFO     | __main__:test:477 - tensor([0.6053, 0.2233, 0.4019, 0.0000, 0.3749, 0.1714], device='cuda:0')
2025-07-17 16:26:06.443 | INFO     | __main__:evaluate_embedding:538 - epoch 940 - joint_emb avg: acc@[1, 5, 10]=[0.8054  0.9072  0.92745], mr=8.017, mrr=0.851
2025-07-17 16:26:32.394 | INFO     | __main__:test:477 - tensor([0.4340, 0.2238, 0.4017, 0.0000, 0.3744, 0.1711], device='cuda:0')
2025-07-17 16:26:33.094 | INFO     | __main__:evaluate_embedding:538 - epoch 950 - joint_emb avg: acc@[1, 5, 10]=[0.77175    0.87880003 0.90895   ], mr=9.421, mrr=0.822
2025-07-17 16:26:59.210 | INFO     | __main__:test:477 - tensor([0.6048, 0.2244, 0.4016, 0.0000, 0.3739, 0.1707], device='cuda:0')
2025-07-17 16:26:59.904 | INFO     | __main__:evaluate_embedding:538 - epoch 960 - joint_emb avg: acc@[1, 5, 10]=[0.80565    0.90620005 0.92625   ], mr=8.073, mrr=0.851
2025-07-17 16:27:26.093 | INFO     | __main__:test:477 - tensor([0.6045, 0.2251, 0.4015, 0.1704, 0.3734, 0.0000], device='cuda:0')
2025-07-17 16:27:26.944 | INFO     | __main__:evaluate_embedding:538 - epoch 970 - joint_emb avg: acc@[1, 5, 10]=[0.80915 0.9074  0.9282 ], mr=7.451, mrr=0.853
2025-07-17 16:27:52.747 | INFO     | __main__:test:477 - tensor([0.6043, 0.2257, 0.4014, 0.1701, 0.3730, 0.0000], device='cuda:0')
2025-07-17 16:27:53.460 | INFO     | __main__:evaluate_embedding:538 - epoch 980 - joint_emb avg: acc@[1, 5, 10]=[0.8068 0.9074 0.9278], mr=7.526, mrr=0.852
2025-07-17 16:28:19.046 | INFO     | __main__:test:477 - tensor([0.4342, 0.2263, 0.2315, 0.1697, 0.2027, 0.1697], device='cuda:0')
2025-07-17 16:28:19.898 | INFO     | __main__:evaluate_embedding:538 - epoch 990 - joint_emb avg: acc@[1, 5, 10]=[0.80834997 0.91110003 0.93365   ], mr=7.553, mrr=0.855
2025-07-17 16:28:42.949 | INFO     | __main__:<module>:553 - Best avg epoch <710>: acc@[1, 5, 10]=[0.80935    0.9146     0.93525004], mr=7.141, mrr=0.856
