2025-07-17 16:32:17.972 | INFO     | model:__init__:118 - weight :tensor([[0.],
        [0.],
        [0.],
        [0.],
        [0.],
        [0.],
        [0.]])
2025-07-17 16:32:17.973 | INFO     | model:__init__:132 - combo_indices :[1, 7, 31, 19, 4, 16, 20]
2025-07-17 16:32:19.145 | INFO     | __main__:train:367 - Namespace(file_dir='data/mmkb-datasets/FB15K_DB15K', rate=0.5, seed=42, epochs=1000, check_point=10, hidden_units='300,300,300', heads='2,2', instance_normalization=False, lr=0.0005, dropout=0.0, attn_dropout=0.0, gph_dim=300, n_exp=5, device='cuda', topk=5, csls=True, csls_k=3, il_start=500, bsize=512, tau=0.1, tau2=4.0, feat_dim=300, use_project_head=False, zoom=0.1, reduction='mean', train_ill_path='', fusion_weight_dim=0)
2025-07-17 16:33:55.607 | INFO     | __main__:test:477 - tensor([0.3991, 0.2005, 0.1996, 0.2002, 0.3991, 0.2002], device='cuda:0')
2025-07-17 16:33:58.109 | INFO     | __main__:evaluate_embedding:538 - epoch 10 - joint_emb avg: acc@[1, 5, 10]=[0.29299998 0.50450003 0.59865   ], mr=65.653, mrr=0.395
2025-07-17 16:35:12.931 | INFO     | __main__:test:477 - tensor([0.4008, 0.2004, 0.2004, 0.1994, 0.4008, 0.1994], device='cuda:0')
2025-07-17 16:35:15.416 | INFO     | __main__:evaluate_embedding:538 - epoch 20 - joint_emb avg: acc@[1, 5, 10]=[0.4086 0.6429 0.7333], mr=39.423, mrr=0.517
2025-07-17 16:36:33.966 | INFO     | __main__:test:477 - tensor([0.6016, 0.2000, 0.4005, 0.1984, 0.4020, 0.0000], device='cuda:0')
2025-07-17 16:36:36.442 | INFO     | __main__:evaluate_embedding:538 - epoch 30 - joint_emb avg: acc@[1, 5, 10]=[0.54754996 0.75004995 0.81465   ], mr=26.885, mrr=0.641
2025-07-17 16:37:53.831 | INFO     | __main__:test:477 - tensor([0.6028, 0.1995, 0.4012, 0.1977, 0.4024, 0.0000], device='cuda:0')
2025-07-17 16:37:55.863 | INFO     | __main__:evaluate_embedding:538 - epoch 40 - joint_emb avg: acc@[1, 5, 10]=[0.5938     0.78195    0.83774996], mr=22.378, mrr=0.679
2025-07-17 16:39:25.116 | INFO     | __main__:test:477 - tensor([0.6038, 0.1992, 0.4017, 0.0000, 0.4024, 0.1970], device='cuda:0')
2025-07-17 16:39:27.120 | INFO     | __main__:evaluate_embedding:538 - epoch 50 - joint_emb avg: acc@[1, 5, 10]=[0.6227     0.80245    0.85099995], mr=20.776, mrr=0.703
2025-07-17 16:40:32.323 | INFO     | __main__:test:477 - tensor([0.6047, 0.1990, 0.4021, 0.0000, 0.4023, 0.1964], device='cuda:0')
2025-07-17 16:40:34.332 | INFO     | __main__:evaluate_embedding:538 - epoch 60 - joint_emb avg: acc@[1, 5, 10]=[0.63995004 0.81205    0.8603    ], mr=19.920, mrr=0.718
2025-07-17 16:41:39.847 | INFO     | __main__:test:477 - tensor([0.6054, 0.1988, 0.5983, 0.0000, 0.5979, 0.0000], device='cuda:0')
2025-07-17 16:41:41.850 | INFO     | __main__:evaluate_embedding:538 - epoch 70 - joint_emb avg: acc@[1, 5, 10]=[0.6198     0.79675    0.84860003], mr=22.623, mrr=0.700
2025-07-17 16:42:48.126 | INFO     | __main__:test:477 - tensor([0.6060, 0.1988, 0.5980, 0.0000, 0.5971, 0.0000], device='cuda:0')
2025-07-17 16:42:50.183 | INFO     | __main__:evaluate_embedding:538 - epoch 80 - joint_emb avg: acc@[1, 5, 10]=[0.62645 0.80225 0.85095], mr=22.339, mrr=0.705
2025-07-17 16:43:55.332 | INFO     | __main__:test:477 - tensor([0.6064, 0.1990, 0.5975, 0.0000, 0.5961, 0.0000], device='cuda:0')
2025-07-17 16:43:57.814 | INFO     | __main__:evaluate_embedding:538 - epoch 90 - joint_emb avg: acc@[1, 5, 10]=[0.62965 0.8047  0.8529 ], mr=22.231, mrr=0.708
2025-07-17 16:45:09.326 | INFO     | __main__:test:477 - tensor([0.6067, 0.1992, 0.4029, 0.0000, 0.4010, 0.1941], device='cuda:0')
2025-07-17 16:45:11.328 | INFO     | __main__:evaluate_embedding:538 - epoch 100 - joint_emb avg: acc@[1, 5, 10]=[0.66645 0.8294  0.87375], mr=18.998, mrr=0.740
2025-07-17 16:46:05.929 | INFO     | __main__:test:477 - tensor([0.6069, 0.1995, 0.5965, 0.0000, 0.5941, 0.0000], device='cuda:0')
2025-07-17 16:46:08.404 | INFO     | __main__:evaluate_embedding:538 - epoch 110 - joint_emb avg: acc@[1, 5, 10]=[0.63725 0.80785 0.8536 ], mr=22.173, mrr=0.714
2025-07-17 16:47:01.404 | INFO     | __main__:test:477 - tensor([0.6071, 0.1998, 0.4030, 0.0000, 0.4000, 0.1931], device='cuda:0')
2025-07-17 16:47:03.877 | INFO     | __main__:evaluate_embedding:538 - epoch 120 - joint_emb avg: acc@[1, 5, 10]=[0.67495 0.8316  0.8766 ], mr=18.889, mrr=0.746
2025-07-17 16:47:56.486 | INFO     | __main__:test:477 - tensor([0.6072, 0.2002, 0.4030, 0.0000, 0.3995, 0.1926], device='cuda:0')
2025-07-17 16:47:58.462 | INFO     | __main__:evaluate_embedding:538 - epoch 130 - joint_emb avg: acc@[1, 5, 10]=[0.6781     0.83375    0.87740004], mr=18.857, mrr=0.749
2025-07-17 16:48:50.570 | INFO     | __main__:test:477 - tensor([0.6073, 0.2006, 0.5951, 0.0000, 0.5912, 0.0000], device='cuda:0')
2025-07-17 16:48:52.644 | INFO     | __main__:evaluate_embedding:538 - epoch 140 - joint_emb avg: acc@[1, 5, 10]=[0.64365 0.8068  0.8533 ], mr=22.272, mrr=0.718
2025-07-17 16:49:53.165 | INFO     | __main__:test:477 - tensor([0.6073, 0.2010, 0.4029, 0.0000, 0.3985, 0.1917], device='cuda:0')
2025-07-17 16:49:55.163 | INFO     | __main__:evaluate_embedding:538 - epoch 150 - joint_emb avg: acc@[1, 5, 10]=[0.6819     0.8363     0.87635005], mr=18.918, mrr=0.751
2025-07-17 16:50:37.506 | INFO     | __main__:test:477 - tensor([0.6074, 0.2014, 0.4028, 0.1912, 0.3980, 0.0000], device='cuda:0')
2025-07-17 16:50:39.500 | INFO     | __main__:evaluate_embedding:538 - epoch 160 - joint_emb avg: acc@[1, 5, 10]=[0.6835     0.83765    0.87740004], mr=19.074, mrr=0.753
2025-07-17 16:51:21.545 | INFO     | __main__:test:477 - tensor([0.6074, 0.2018, 0.4028, 0.1909, 0.3975, 0.0000], device='cuda:0')
2025-07-17 16:51:23.534 | INFO     | __main__:evaluate_embedding:538 - epoch 170 - joint_emb avg: acc@[1, 5, 10]=[0.68455    0.83790004 0.8779    ], mr=19.046, mrr=0.754
2025-07-17 16:52:03.440 | INFO     | __main__:test:477 - tensor([0.6074, 0.2021, 0.4027, 0.0000, 0.3970, 0.1905], device='cuda:0')
2025-07-17 16:52:05.445 | INFO     | __main__:evaluate_embedding:538 - epoch 180 - joint_emb avg: acc@[1, 5, 10]=[0.6847 0.8385 0.8777], mr=18.923, mrr=0.754
2025-07-17 16:52:45.157 | INFO     | __main__:test:477 - tensor([0.6074, 0.2025, 0.5928, 0.0000, 0.5867, 0.0000], device='cuda:0')
2025-07-17 16:52:47.645 | INFO     | __main__:evaluate_embedding:538 - epoch 190 - joint_emb avg: acc@[1, 5, 10]=[0.6493     0.80555    0.85195005], mr=22.539, mrr=0.721
2025-07-17 16:53:36.100 | INFO     | __main__:test:477 - tensor([0.6073, 0.2029, 0.4026, 0.0000, 0.3960, 0.1898], device='cuda:0')
2025-07-17 16:53:38.152 | INFO     | __main__:evaluate_embedding:538 - epoch 200 - joint_emb avg: acc@[1, 5, 10]=[0.68575    0.83790004 0.87895   ], mr=19.028, mrr=0.755
2025-07-17 16:54:08.064 | INFO     | __main__:test:477 - tensor([0.6073, 0.2033, 0.4025, 0.1894, 0.3956, 0.0000], device='cuda:0')
2025-07-17 16:54:10.122 | INFO     | __main__:evaluate_embedding:538 - epoch 210 - joint_emb avg: acc@[1, 5, 10]=[0.68630004 0.83940005 0.87909997], mr=19.172, mrr=0.756
2025-07-17 16:54:40.005 | INFO     | __main__:test:477 - tensor([0.6073, 0.2036, 0.4025, 0.0000, 0.3952, 0.1891], device='cuda:0')
2025-07-17 16:54:41.976 | INFO     | __main__:evaluate_embedding:538 - epoch 220 - joint_emb avg: acc@[1, 5, 10]=[0.68705    0.838      0.87950003], mr=19.018, mrr=0.756
2025-07-17 16:55:13.697 | INFO     | __main__:test:477 - tensor([0.6072, 0.2039, 0.4024, 0.0000, 0.3948, 0.1889], device='cuda:0')
2025-07-17 16:55:15.662 | INFO     | __main__:evaluate_embedding:538 - epoch 230 - joint_emb avg: acc@[1, 5, 10]=[0.6883  0.83795 0.87865], mr=19.081, mrr=0.757
2025-07-17 16:55:46.064 | INFO     | __main__:test:477 - tensor([0.6072, 0.2042, 0.5910, 0.0000, 0.5831, 0.0000], device='cuda:0')
2025-07-17 16:55:48.076 | INFO     | __main__:evaluate_embedding:538 - epoch 240 - joint_emb avg: acc@[1, 5, 10]=[0.65040004 0.8042     0.85029995], mr=22.961, mrr=0.721
2025-07-17 16:56:16.407 | INFO     | __main__:test:477 - tensor([0.6071, 0.2045, 0.5907, 0.0000, 0.5824, 0.0000], device='cuda:0')
2025-07-17 16:56:18.375 | INFO     | __main__:evaluate_embedding:538 - epoch 250 - joint_emb avg: acc@[1, 5, 10]=[0.64989996 0.8039     0.8503    ], mr=23.064, mrr=0.721
2025-07-17 16:56:36.369 | INFO     | __main__:test:477 - tensor([0.6071, 0.2048, 0.4022, 0.1882, 0.3938, 0.0000], device='cuda:0')
2025-07-17 16:56:38.340 | INFO     | __main__:evaluate_embedding:538 - epoch 260 - joint_emb avg: acc@[1, 5, 10]=[0.69045 0.83995 0.8792 ], mr=18.719, mrr=0.759
2025-07-17 16:56:57.313 | INFO     | __main__:test:477 - tensor([0.6070, 0.2050, 0.4022, 0.0000, 0.3935, 0.1880], device='cuda:0')
2025-07-17 16:56:59.281 | INFO     | __main__:evaluate_embedding:538 - epoch 270 - joint_emb avg: acc@[1, 5, 10]=[0.68925 0.83815 0.87905], mr=19.271, mrr=0.758
2025-07-17 16:57:17.698 | INFO     | __main__:test:477 - tensor([0.6070, 0.2052, 0.4022, 0.0000, 0.3933, 0.1879], device='cuda:0')
2025-07-17 16:57:19.672 | INFO     | __main__:evaluate_embedding:538 - epoch 280 - joint_emb avg: acc@[1, 5, 10]=[0.68935 0.83815 0.8793 ], mr=19.284, mrr=0.758
2025-07-17 16:57:38.152 | INFO     | __main__:test:477 - tensor([0.6069, 0.2054, 0.4021, 0.1877, 0.3931, 0.0000], device='cuda:0')
2025-07-17 16:57:40.133 | INFO     | __main__:evaluate_embedding:538 - epoch 290 - joint_emb avg: acc@[1, 5, 10]=[0.69145    0.84125    0.87985003], mr=18.409, mrr=0.759
2025-07-17 16:57:58.737 | INFO     | __main__:test:477 - tensor([0.6069, 0.2056, 0.4021, 0.1876, 0.3928, 0.0000], device='cuda:0')
2025-07-17 16:58:00.708 | INFO     | __main__:evaluate_embedding:538 - epoch 300 - joint_emb avg: acc@[1, 5, 10]=[0.6918     0.84145    0.88014996], mr=18.253, mrr=0.759
2025-07-17 16:58:19.734 | INFO     | __main__:test:477 - tensor([0.6068, 0.2058, 0.4020, 0.1874, 0.3926, 0.0000], device='cuda:0')
2025-07-17 16:58:21.701 | INFO     | __main__:evaluate_embedding:538 - epoch 310 - joint_emb avg: acc@[1, 5, 10]=[0.6917     0.84220004 0.8802    ], mr=18.357, mrr=0.760
2025-07-17 16:58:40.520 | INFO     | __main__:test:477 - tensor([0.6068, 0.2060, 0.4020, 0.1873, 0.3923, 0.0000], device='cuda:0')
2025-07-17 16:58:42.562 | INFO     | __main__:evaluate_embedding:538 - epoch 320 - joint_emb avg: acc@[1, 5, 10]=[0.69194996 0.84235    0.87985003], mr=18.158, mrr=0.760
2025-07-17 16:59:01.660 | INFO     | __main__:test:477 - tensor([0.6067, 0.2062, 0.4019, 0.1872, 0.3921, 0.0000], device='cuda:0')
2025-07-17 16:59:03.613 | INFO     | __main__:evaluate_embedding:538 - epoch 330 - joint_emb avg: acc@[1, 5, 10]=[0.6924  0.84225 0.8801 ], mr=18.210, mrr=0.760
2025-07-17 16:59:22.285 | INFO     | __main__:test:477 - tensor([0.6066, 0.2064, 0.4019, 0.1870, 0.3918, 0.0000], device='cuda:0')
2025-07-17 16:59:24.263 | INFO     | __main__:evaluate_embedding:538 - epoch 340 - joint_emb avg: acc@[1, 5, 10]=[0.69285    0.84204996 0.88045   ], mr=18.135, mrr=0.760
2025-07-17 16:59:42.869 | INFO     | __main__:test:477 - tensor([0.4197, 0.2066, 0.4018, 0.1869, 0.3916, 0.0000], device='cuda:0')
2025-07-17 16:59:44.894 | INFO     | __main__:evaluate_embedding:538 - epoch 350 - joint_emb avg: acc@[1, 5, 10]=[0.65435 0.8043  0.85235], mr=21.264, mrr=0.725
2025-07-17 17:00:03.555 | INFO     | __main__:test:477 - tensor([0.6065, 0.2069, 0.4018, 0.0000, 0.3913, 0.1866], device='cuda:0')
2025-07-17 17:00:05.526 | INFO     | __main__:evaluate_embedding:538 - epoch 360 - joint_emb avg: acc@[1, 5, 10]=[0.6927  0.83935 0.87795], mr=19.695, mrr=0.760
2025-07-17 17:00:24.621 | INFO     | __main__:test:477 - tensor([0.6065, 0.2072, 0.5882, 0.0000, 0.5774, 0.0000], device='cuda:0')
2025-07-17 17:00:26.986 | INFO     | __main__:evaluate_embedding:538 - epoch 370 - joint_emb avg: acc@[1, 5, 10]=[0.654   0.80205 0.8483 ], mr=23.618, mrr=0.723
2025-07-17 17:00:45.669 | INFO     | __main__:test:477 - tensor([0.6064, 0.2074, 0.5879, 0.0000, 0.5769, 0.0000], device='cuda:0')
2025-07-17 17:00:47.636 | INFO     | __main__:evaluate_embedding:538 - epoch 380 - joint_emb avg: acc@[1, 5, 10]=[0.6543     0.80209994 0.84825003], mr=23.659, mrr=0.723
2025-07-17 17:01:06.089 | INFO     | __main__:test:477 - tensor([0.6064, 0.2077, 0.4018, 0.1859, 0.3905, 0.0000], device='cuda:0')
2025-07-17 17:01:08.536 | INFO     | __main__:evaluate_embedding:538 - epoch 390 - joint_emb avg: acc@[1, 5, 10]=[0.6947 0.8431 0.8806], mr=18.566, mrr=0.762
2025-07-17 17:01:26.355 | INFO     | __main__:test:477 - tensor([0.6063, 0.2080, 0.5874, 0.0000, 0.5759, 0.0000], device='cuda:0')
2025-07-17 17:01:28.346 | INFO     | __main__:evaluate_embedding:538 - epoch 400 - joint_emb avg: acc@[1, 5, 10]=[0.65415    0.80235004 0.84745   ], mr=23.808, mrr=0.723
2025-07-17 17:01:47.149 | INFO     | __main__:test:477 - tensor([0.4209, 0.2083, 0.4017, 0.1854, 0.3900, 0.0000], device='cuda:0')
2025-07-17 17:01:49.105 | INFO     | __main__:evaluate_embedding:538 - epoch 410 - joint_emb avg: acc@[1, 5, 10]=[0.65639997 0.80395    0.84905005], mr=21.703, mrr=0.725
2025-07-17 17:02:07.786 | INFO     | __main__:test:477 - tensor([0.6062, 0.2086, 0.4017, 0.0000, 0.3897, 0.1852], device='cuda:0')
2025-07-17 17:02:09.751 | INFO     | __main__:evaluate_embedding:538 - epoch 420 - joint_emb avg: acc@[1, 5, 10]=[0.69275 0.84085 0.87895], mr=20.041, mrr=0.760
2025-07-17 17:02:28.329 | INFO     | __main__:test:477 - tensor([0.6061, 0.2090, 0.4016, 0.1849, 0.3894, 0.0000], device='cuda:0')
2025-07-17 17:02:30.394 | INFO     | __main__:evaluate_embedding:538 - epoch 430 - joint_emb avg: acc@[1, 5, 10]=[0.69495 0.84335 0.8802 ], mr=18.488, mrr=0.762
2025-07-17 17:02:49.142 | INFO     | __main__:test:477 - tensor([0.6061, 0.2093, 0.4016, 0.0000, 0.3891, 0.1846], device='cuda:0')
2025-07-17 17:02:51.122 | INFO     | __main__:evaluate_embedding:538 - epoch 440 - joint_emb avg: acc@[1, 5, 10]=[0.6933     0.84070003 0.879     ], mr=20.203, mrr=0.760
2025-07-17 17:03:09.691 | INFO     | __main__:test:477 - tensor([0.6060, 0.2096, 0.4016, 0.0000, 0.3888, 0.1844], device='cuda:0')
2025-07-17 17:03:11.729 | INFO     | __main__:evaluate_embedding:538 - epoch 450 - joint_emb avg: acc@[1, 5, 10]=[0.693      0.84070003 0.87915003], mr=20.146, mrr=0.760
2025-07-17 17:03:30.524 | INFO     | __main__:test:477 - tensor([0.6059, 0.2100, 0.4015, 0.1841, 0.3885, 0.0000], device='cuda:0')
2025-07-17 17:03:32.567 | INFO     | __main__:evaluate_embedding:538 - epoch 460 - joint_emb avg: acc@[1, 5, 10]=[0.6949  0.84305 0.88025], mr=18.582, mrr=0.762
2025-07-17 17:03:51.672 | INFO     | __main__:test:477 - tensor([0.6058, 0.2103, 0.4015, 0.1839, 0.3882, 0.0000], device='cuda:0')
2025-07-17 17:03:53.641 | INFO     | __main__:evaluate_embedding:538 - epoch 470 - joint_emb avg: acc@[1, 5, 10]=[0.69490004 0.84295    0.88035   ], mr=18.745, mrr=0.762
2025-07-17 17:04:12.139 | INFO     | __main__:test:477 - tensor([0.6057, 0.2107, 0.5851, 0.0000, 0.5715, 0.0000], device='cuda:0')
2025-07-17 17:04:14.106 | INFO     | __main__:evaluate_embedding:538 - epoch 480 - joint_emb avg: acc@[1, 5, 10]=[0.65395 0.801   0.8457 ], mr=24.351, mrr=0.722
2025-07-17 17:04:32.575 | INFO     | __main__:test:477 - tensor([0.6056, 0.2110, 0.4014, 0.1834, 0.3876, 0.0000], device='cuda:0')
2025-07-17 17:04:34.553 | INFO     | __main__:evaluate_embedding:538 - epoch 490 - joint_emb avg: acc@[1, 5, 10]=[0.69500005 0.8433     0.87995   ], mr=18.801, mrr=0.762
2025-07-17 17:04:52.886 | INFO     | __main__:test:477 - tensor([0.6055, 0.2114, 0.4014, 0.0000, 0.3873, 0.1831], device='cuda:0')
2025-07-17 17:04:54.844 | INFO     | __main__:evaluate_embedding:538 - epoch 500 - joint_emb avg: acc@[1, 5, 10]=[0.69375 0.84025 0.8785 ], mr=20.466, mrr=0.760
2025-07-17 17:05:13.259 | INFO     | __main__:test:477 - tensor([0.6055, 0.2117, 0.4013, 0.0000, 0.3870, 0.1828], device='cuda:0')
2025-07-17 17:05:15.216 | INFO     | __main__:evaluate_embedding:538 - epoch 510 - joint_emb avg: acc@[1, 5, 10]=[0.69395    0.83965003 0.87895   ], mr=20.602, mrr=0.760
2025-07-17 17:05:33.863 | INFO     | __main__:test:477 - tensor([0.4228, 0.2121, 0.2187, 0.1826, 0.2041, 0.1826], device='cuda:0')
2025-07-17 17:05:36.308 | INFO     | __main__:evaluate_embedding:538 - epoch 520 - joint_emb avg: acc@[1, 5, 10]=[0.6927     0.83965003 0.87965   ], mr=19.664, mrr=0.760
2025-07-17 17:05:54.686 | INFO     | __main__:test:477 - tensor([0.6053, 0.2124, 0.4012, 0.1823, 0.3863, 0.0000], device='cuda:0')
2025-07-17 17:05:56.654 | INFO     | __main__:evaluate_embedding:538 - epoch 530 - joint_emb avg: acc@[1, 5, 10]=[0.6957     0.84274995 0.88014996], mr=19.072, mrr=0.762
2025-07-17 17:06:15.466 | INFO     | __main__:test:477 - tensor([0.6052, 0.2128, 0.4012, 0.0000, 0.3860, 0.1820], device='cuda:0')
2025-07-17 17:06:17.419 | INFO     | __main__:evaluate_embedding:538 - epoch 540 - joint_emb avg: acc@[1, 5, 10]=[0.69465 0.8398  0.87785], mr=20.706, mrr=0.761
2025-07-17 17:06:35.919 | INFO     | __main__:test:477 - tensor([0.6051, 0.2132, 0.5829, 0.0000, 0.5675, 0.0000], device='cuda:0')
2025-07-17 17:06:37.880 | INFO     | __main__:evaluate_embedding:538 - epoch 550 - joint_emb avg: acc@[1, 5, 10]=[0.65215003 0.79905    0.84465003], mr=24.909, mrr=0.720
2025-07-17 17:06:56.565 | INFO     | __main__:test:477 - tensor([0.6049, 0.2136, 0.5826, 0.0000, 0.5668, 0.0000], device='cuda:0')
2025-07-17 17:06:58.523 | INFO     | __main__:evaluate_embedding:538 - epoch 560 - joint_emb avg: acc@[1, 5, 10]=[0.65195 0.799   0.844  ], mr=24.965, mrr=0.721
2025-07-17 17:07:17.538 | INFO     | __main__:test:477 - tensor([0.4236, 0.2139, 0.2198, 0.1812, 0.2038, 0.1812], device='cuda:0')
2025-07-17 17:07:19.582 | INFO     | __main__:evaluate_embedding:538 - epoch 570 - joint_emb avg: acc@[1, 5, 10]=[0.6929     0.84075    0.87944996], mr=19.600, mrr=0.761
2025-07-17 17:07:38.053 | INFO     | __main__:test:477 - tensor([0.4238, 0.2143, 0.4010, 0.0000, 0.3847, 0.1810], device='cuda:0')
2025-07-17 17:07:40.023 | INFO     | __main__:evaluate_embedding:538 - epoch 580 - joint_emb avg: acc@[1, 5, 10]=[0.6507     0.79995    0.84395003], mr=25.258, mrr=0.720
2025-07-17 17:07:59.180 | INFO     | __main__:test:477 - tensor([0.4239, 0.2147, 0.2203, 0.1807, 0.2036, 0.1807], device='cuda:0')
2025-07-17 17:08:01.240 | INFO     | __main__:evaluate_embedding:538 - epoch 590 - joint_emb avg: acc@[1, 5, 10]=[0.6918  0.8411  0.88035], mr=19.578, mrr=0.760
2025-07-17 17:08:19.798 | INFO     | __main__:test:477 - tensor([0.4240, 0.2151, 0.2205, 0.1804, 0.2036, 0.1804], device='cuda:0')
2025-07-17 17:08:21.840 | INFO     | __main__:evaluate_embedding:538 - epoch 600 - joint_emb avg: acc@[1, 5, 10]=[0.69350004 0.84095    0.8802    ], mr=19.557, mrr=0.761
2025-07-17 17:08:40.525 | INFO     | __main__:test:477 - tensor([0.6043, 0.2155, 0.4008, 0.1801, 0.3836, 0.0000], device='cuda:0')
2025-07-17 17:08:42.494 | INFO     | __main__:evaluate_embedding:538 - epoch 610 - joint_emb avg: acc@[1, 5, 10]=[0.69659996 0.8415     0.88014996], mr=19.309, mrr=0.762
2025-07-17 17:09:01.661 | INFO     | __main__:test:477 - tensor([0.6042, 0.2159, 0.4008, 0.1799, 0.3833, 0.0000], device='cuda:0')
2025-07-17 17:09:04.112 | INFO     | __main__:evaluate_embedding:538 - epoch 620 - joint_emb avg: acc@[1, 5, 10]=[0.69624996 0.84105    0.88      ], mr=19.407, mrr=0.762
2025-07-17 17:09:21.826 | INFO     | __main__:test:477 - tensor([0.6040, 0.2164, 0.4007, 0.0000, 0.3829, 0.1796], device='cuda:0')
2025-07-17 17:09:23.801 | INFO     | __main__:evaluate_embedding:538 - epoch 630 - joint_emb avg: acc@[1, 5, 10]=[0.6955  0.8394  0.87615], mr=21.278, mrr=0.761
2025-07-17 17:09:42.484 | INFO     | __main__:test:477 - tensor([0.6039, 0.2168, 0.4006, 0.0000, 0.3825, 0.1793], device='cuda:0')
2025-07-17 17:09:44.935 | INFO     | __main__:evaluate_embedding:538 - epoch 640 - joint_emb avg: acc@[1, 5, 10]=[0.6955     0.8396     0.87520003], mr=21.335, mrr=0.761
2025-07-17 17:10:02.689 | INFO     | __main__:test:477 - tensor([0.6037, 0.2173, 0.4006, 0.1790, 0.3822, 0.0000], device='cuda:0')
2025-07-17 17:10:05.143 | INFO     | __main__:evaluate_embedding:538 - epoch 650 - joint_emb avg: acc@[1, 5, 10]=[0.69554996 0.8412     0.87895   ], mr=19.619, mrr=0.762
2025-07-17 17:10:23.118 | INFO     | __main__:test:477 - tensor([0.6035, 0.2178, 0.4005, 0.0000, 0.3818, 0.1787], device='cuda:0')
2025-07-17 17:10:25.095 | INFO     | __main__:evaluate_embedding:538 - epoch 660 - joint_emb avg: acc@[1, 5, 10]=[0.6957  0.83955 0.87545], mr=21.525, mrr=0.761
2025-07-17 17:10:43.205 | INFO     | __main__:test:477 - tensor([0.4249, 0.2182, 0.2220, 0.1784, 0.2029, 0.1784], device='cuda:0')
2025-07-17 17:10:45.189 | INFO     | __main__:evaluate_embedding:538 - epoch 670 - joint_emb avg: acc@[1, 5, 10]=[0.69369996 0.8412     0.87905   ], mr=20.998, mrr=0.762
2025-07-17 17:11:03.861 | INFO     | __main__:test:477 - tensor([0.4250, 0.2187, 0.2222, 0.1781, 0.2028, 0.1781], device='cuda:0')
2025-07-17 17:11:05.836 | INFO     | __main__:evaluate_embedding:538 - epoch 680 - joint_emb avg: acc@[1, 5, 10]=[0.6936  0.8412  0.87965], mr=20.102, mrr=0.761
2025-07-17 17:11:25.101 | INFO     | __main__:test:477 - tensor([0.4251, 0.2192, 0.4002, 0.1779, 0.3806, 0.0000], device='cuda:0')
2025-07-17 17:11:27.076 | INFO     | __main__:evaluate_embedding:538 - epoch 690 - joint_emb avg: acc@[1, 5, 10]=[0.65    0.802   0.84525], mr=23.315, mrr=0.720
2025-07-17 17:11:45.708 | INFO     | __main__:test:477 - tensor([0.6027, 0.2197, 0.4002, 0.0000, 0.3801, 0.1776], device='cuda:0')
2025-07-17 17:11:47.702 | INFO     | __main__:evaluate_embedding:538 - epoch 700 - joint_emb avg: acc@[1, 5, 10]=[0.69525003 0.83895004 0.8744    ], mr=21.775, mrr=0.760
2025-07-17 17:12:05.432 | INFO     | __main__:test:477 - tensor([0.4253, 0.2202, 0.2228, 0.1773, 0.2025, 0.1773], device='cuda:0')
2025-07-17 17:12:07.880 | INFO     | __main__:evaluate_embedding:538 - epoch 710 - joint_emb avg: acc@[1, 5, 10]=[0.6943  0.84245 0.8799 ], mr=20.296, mrr=0.762
2025-07-17 17:12:26.417 | INFO     | __main__:test:477 - tensor([0.6023, 0.2207, 0.4000, 0.0000, 0.3793, 0.1770], device='cuda:0')
2025-07-17 17:12:28.381 | INFO     | __main__:evaluate_embedding:538 - epoch 720 - joint_emb avg: acc@[1, 5, 10]=[0.69490004 0.8383     0.874     ], mr=22.012, mrr=0.760
2025-07-17 17:12:47.390 | INFO     | __main__:test:477 - tensor([0.6021, 0.2212, 0.5766, 0.0000, 0.5556, 0.0000], device='cuda:0')
2025-07-17 17:12:49.355 | INFO     | __main__:evaluate_embedding:538 - epoch 730 - joint_emb avg: acc@[1, 5, 10]=[0.64595 0.7961  0.8385 ], mr=26.364, mrr=0.715
2025-07-17 17:13:08.078 | INFO     | __main__:test:477 - tensor([0.4256, 0.2217, 0.2234, 0.1764, 0.2021, 0.1764], device='cuda:0')
2025-07-17 17:13:10.026 | INFO     | __main__:evaluate_embedding:538 - epoch 740 - joint_emb avg: acc@[1, 5, 10]=[0.69484997 0.84335    0.88030005], mr=20.365, mrr=0.763
2025-07-17 17:13:28.036 | INFO     | __main__:test:477 - tensor([0.6018, 0.2221, 0.3998, 0.0000, 0.3781, 0.1761], device='cuda:0')
2025-07-17 17:13:30.494 | INFO     | __main__:evaluate_embedding:538 - epoch 750 - joint_emb avg: acc@[1, 5, 10]=[0.69565    0.83825004 0.87335   ], mr=22.211, mrr=0.760
2025-07-17 17:13:49.081 | INFO     | __main__:test:477 - tensor([0.6016, 0.2226, 0.3997, 0.0000, 0.3777, 0.1758], device='cuda:0')
2025-07-17 17:13:51.521 | INFO     | __main__:evaluate_embedding:538 - epoch 760 - joint_emb avg: acc@[1, 5, 10]=[0.6951  0.8383  0.87355], mr=22.298, mrr=0.760
2025-07-17 17:14:09.861 | INFO     | __main__:test:477 - tensor([0.6014, 0.2231, 0.5751, 0.0000, 0.5528, 0.0000], device='cuda:0')
2025-07-17 17:14:11.845 | INFO     | __main__:evaluate_embedding:538 - epoch 770 - joint_emb avg: acc@[1, 5, 10]=[0.644      0.79445004 0.83809996], mr=26.728, mrr=0.713
2025-07-17 17:14:30.327 | INFO     | __main__:test:477 - tensor([0.4260, 0.2235, 0.3995, 0.1752, 0.3769, 0.0000], device='cuda:0')
2025-07-17 17:14:32.308 | INFO     | __main__:evaluate_embedding:538 - epoch 780 - joint_emb avg: acc@[1, 5, 10]=[0.6476     0.80034995 0.8427    ], mr=23.570, mrr=0.717
2025-07-17 17:14:50.780 | INFO     | __main__:test:477 - tensor([0.6010, 0.2241, 0.5744, 0.0000, 0.5514, 0.0000], device='cuda:0')
2025-07-17 17:14:52.739 | INFO     | __main__:evaluate_embedding:538 - epoch 790 - joint_emb avg: acc@[1, 5, 10]=[0.64285004 0.79375005 0.83695   ], mr=26.937, mrr=0.712
2025-07-17 17:15:11.798 | INFO     | __main__:test:477 - tensor([0.6008, 0.2246, 0.3994, 0.0000, 0.3761, 0.1747], device='cuda:0')
2025-07-17 17:15:13.775 | INFO     | __main__:evaluate_embedding:538 - epoch 800 - joint_emb avg: acc@[1, 5, 10]=[0.6947 0.8373 0.8725], mr=22.651, mrr=0.759
2025-07-17 17:15:32.522 | INFO     | __main__:test:477 - tensor([0.6006, 0.2251, 0.3993, 0.1744, 0.3757, 0.0000], device='cuda:0')
2025-07-17 17:15:34.479 | INFO     | __main__:evaluate_embedding:538 - epoch 810 - joint_emb avg: acc@[1, 5, 10]=[0.69554996 0.8381     0.87584996], mr=20.626, mrr=0.761
2025-07-17 17:15:53.693 | INFO     | __main__:test:477 - tensor([0.6004, 0.2256, 0.3992, 0.1741, 0.3752, 0.0000], device='cuda:0')
2025-07-17 17:15:55.661 | INFO     | __main__:evaluate_embedding:538 - epoch 820 - joint_emb avg: acc@[1, 5, 10]=[0.69505 0.8379  0.8756 ], mr=20.706, mrr=0.760
2025-07-17 17:16:13.688 | INFO     | __main__:test:477 - tensor([0.6001, 0.2261, 0.5729, 0.0000, 0.5486, 0.0000], device='cuda:0')
2025-07-17 17:16:15.716 | INFO     | __main__:evaluate_embedding:538 - epoch 830 - joint_emb avg: acc@[1, 5, 10]=[0.64065003 0.79069996 0.8352    ], mr=27.240, mrr=0.710
2025-07-17 17:16:33.898 | INFO     | __main__:test:477 - tensor([0.5999, 0.2266, 0.5725, 0.0000, 0.5479, 0.0000], device='cuda:0')
2025-07-17 17:16:35.930 | INFO     | __main__:evaluate_embedding:538 - epoch 840 - joint_emb avg: acc@[1, 5, 10]=[0.6401     0.7903     0.83484995], mr=27.317, mrr=0.710
2025-07-17 17:16:55.105 | INFO     | __main__:test:477 - tensor([0.4265, 0.2271, 0.3989, 0.0000, 0.3740, 0.1732], device='cuda:0')
2025-07-17 17:16:57.069 | INFO     | __main__:evaluate_embedding:538 - epoch 850 - joint_emb avg: acc@[1, 5, 10]=[0.64105 0.7926  0.8367 ], mr=27.074, mrr=0.712
2025-07-17 17:17:15.275 | INFO     | __main__:test:477 - tensor([0.5994, 0.2277, 0.3988, 0.0000, 0.3735, 0.1729], device='cuda:0')
2025-07-17 17:17:17.247 | INFO     | __main__:evaluate_embedding:538 - epoch 860 - joint_emb avg: acc@[1, 5, 10]=[0.69435    0.8359     0.87195003], mr=23.111, mrr=0.759
2025-07-17 17:17:36.214 | INFO     | __main__:test:477 - tensor([0.4266, 0.2282, 0.3987, 0.0000, 0.3730, 0.1726], device='cuda:0')
2025-07-17 17:17:38.176 | INFO     | __main__:evaluate_embedding:538 - epoch 870 - joint_emb avg: acc@[1, 5, 10]=[0.63989997 0.79270005 0.8362    ], mr=27.254, mrr=0.711
2025-07-17 17:17:56.118 | INFO     | __main__:test:477 - tensor([0.4266, 0.2288, 0.3986, 0.1723, 0.3726, 0.0000], device='cuda:0')
2025-07-17 17:17:58.155 | INFO     | __main__:evaluate_embedding:538 - epoch 880 - joint_emb avg: acc@[1, 5, 10]=[0.64199996 0.79429996 0.8392    ], mr=24.283, mrr=0.713
2025-07-17 17:18:16.828 | INFO     | __main__:test:477 - tensor([0.5986, 0.2294, 0.3985, 0.1720, 0.3721, 0.0000], device='cuda:0')
2025-07-17 17:18:18.798 | INFO     | __main__:evaluate_embedding:538 - epoch 890 - joint_emb avg: acc@[1, 5, 10]=[0.6938 0.8363 0.8736], mr=21.381, mrr=0.759
2025-07-17 17:18:37.278 | INFO     | __main__:test:477 - tensor([0.5984, 0.2300, 0.3984, 0.1717, 0.3716, 0.0000], device='cuda:0')
2025-07-17 17:18:39.242 | INFO     | __main__:evaluate_embedding:538 - epoch 900 - joint_emb avg: acc@[1, 5, 10]=[0.69425 0.8363  0.8738 ], mr=21.588, mrr=0.759
2025-07-17 17:18:58.103 | INFO     | __main__:test:477 - tensor([0.5981, 0.2305, 0.3983, 0.1714, 0.3712, 0.0000], device='cuda:0')
2025-07-17 17:19:00.558 | INFO     | __main__:evaluate_embedding:538 - epoch 910 - joint_emb avg: acc@[1, 5, 10]=[0.6928     0.83554995 0.87325   ], mr=21.585, mrr=0.758
2025-07-17 17:19:18.597 | INFO     | __main__:test:477 - tensor([0.4268, 0.2311, 0.2271, 0.1711, 0.1997, 0.1711], device='cuda:0')
2025-07-17 17:19:20.557 | INFO     | __main__:evaluate_embedding:538 - epoch 920 - joint_emb avg: acc@[1, 5, 10]=[0.69385004 0.8414     0.8785    ], mr=21.521, mrr=0.762
2025-07-17 17:19:38.565 | INFO     | __main__:test:477 - tensor([0.5976, 0.2316, 0.3981, 0.1708, 0.3703, 0.0000], device='cuda:0')
2025-07-17 17:19:40.540 | INFO     | __main__:evaluate_embedding:538 - epoch 930 - joint_emb avg: acc@[1, 5, 10]=[0.69315004 0.83589995 0.8736    ], mr=21.517, mrr=0.758
2025-07-17 17:19:58.750 | INFO     | __main__:test:477 - tensor([0.5974, 0.2321, 0.3980, 0.1705, 0.3698, 0.0000], device='cuda:0')
2025-07-17 17:20:00.707 | INFO     | __main__:evaluate_embedding:538 - epoch 940 - joint_emb avg: acc@[1, 5, 10]=[0.69295 0.8352  0.87335], mr=21.628, mrr=0.758
2025-07-17 17:20:19.055 | INFO     | __main__:test:477 - tensor([0.4269, 0.2327, 0.3979, 0.1702, 0.3694, 0.0000], device='cuda:0')
2025-07-17 17:20:21.012 | INFO     | __main__:evaluate_embedding:538 - epoch 950 - joint_emb avg: acc@[1, 5, 10]=[0.63960004 0.79315    0.83685005], mr=24.902, mrr=0.711
2025-07-17 17:20:39.473 | INFO     | __main__:test:477 - tensor([0.4269, 0.2333, 0.2279, 0.1699, 0.1990, 0.1699], device='cuda:0')
2025-07-17 17:20:41.452 | INFO     | __main__:evaluate_embedding:538 - epoch 960 - joint_emb avg: acc@[1, 5, 10]=[0.693   0.84015 0.87835], mr=21.277, mrr=0.761
2025-07-17 17:20:59.909 | INFO     | __main__:test:477 - tensor([0.4269, 0.2339, 0.3977, 0.0000, 0.3684, 0.1696], device='cuda:0')
2025-07-17 17:21:01.876 | INFO     | __main__:evaluate_embedding:538 - epoch 970 - joint_emb avg: acc@[1, 5, 10]=[0.63465 0.78985 0.8311 ], mr=28.116, mrr=0.706
2025-07-17 17:21:20.421 | INFO     | __main__:test:477 - tensor([0.4269, 0.2345, 0.3976, 0.1693, 0.3679, 0.0000], device='cuda:0')
2025-07-17 17:21:22.385 | INFO     | __main__:evaluate_embedding:538 - epoch 980 - joint_emb avg: acc@[1, 5, 10]=[0.63670003 0.79130006 0.83605003], mr=25.152, mrr=0.708
2025-07-17 17:21:40.289 | INFO     | __main__:test:477 - tensor([0.5959, 0.2351, 0.3974, 0.1690, 0.3674, 0.0000], device='cuda:0')
2025-07-17 17:21:42.318 | INFO     | __main__:evaluate_embedding:538 - epoch 990 - joint_emb avg: acc@[1, 5, 10]=[0.69235003 0.8348     0.87175   ], mr=21.874, mrr=0.757
2025-07-17 17:21:58.913 | INFO     | __main__:<module>:553 - Best avg epoch <740>: acc@[1, 5, 10]=[0.69484997 0.84335    0.88030005], mr=20.365, mrr=0.763
