2025-07-18 04:41:52.204 | INFO     | model:__init__:132 - combo_indices :[1, 7, 31, 19, 4, 16, 20]
2025-07-18 04:41:53.507 | INFO     | __main__:train:367 - Namespace(file_dir='data/mmkb-datasets/FB15K_DB15K', rate=0.2, seed=42, epochs=1000, check_point=10, hidden_units='300,300,300', heads='2,2', instance_normalization=False, lr=0.0005, dropout=0.0, attn_dropout=0.0, gph_dim=300, n_exp=5, device='cuda', topk=5, csls=True, csls_k=3, il_start=500, bsize=512, tau=0.1, tau2=4.0, feat_dim=300, use_project_head=False, zoom=0.1, reduction='mean', train_ill_path='', fusion_weight_dim=512)
2025-07-18 04:42:40.070 | INFO     | __main__:test:477 - tensor([0.4223, 0.2351, 0.5145, 0.1896, 0.0922, 0.0608], device='cuda:0')
2025-07-18 04:42:43.324 | INFO     | __main__:evaluate_embedding:538 - epoch 10 - joint_emb avg: acc@[1, 5, 10]=[0.1839  0.35635 0.44505], mr=193.570, mrr=0.271
2025-07-18 04:43:18.808 | INFO     | __main__:test:477 - tensor([0.9030, 0.0455, 0.9066, 0.0324, 0.0345, 0.0000], device='cuda:0')
2025-07-18 04:43:22.077 | INFO     | __main__:evaluate_embedding:538 - epoch 20 - joint_emb avg: acc@[1, 5, 10]=[0.32475 0.5291  0.6172 ], mr=135.059, mrr=0.422
2025-07-18 04:43:57.070 | INFO     | __main__:test:477 - tensor([0.9656, 0.0169, 0.9511, 0.0116, 0.0262, 0.0000], device='cuda:0')
2025-07-18 04:44:00.370 | INFO     | __main__:evaluate_embedding:538 - epoch 30 - joint_emb avg: acc@[1, 5, 10]=[0.38300002 0.58984995 0.6747    ], mr=110.741, mrr=0.480
2025-07-18 04:44:36.008 | INFO     | __main__:test:477 - tensor([0.9764, 0.0119, 0.8921, 0.0081, 0.0914, 0.0000], device='cuda:0')
2025-07-18 04:44:39.269 | INFO     | __main__:evaluate_embedding:538 - epoch 40 - joint_emb avg: acc@[1, 5, 10]=[0.41605002 0.62444997 0.70414996], mr=99.492, mrr=0.513
2025-07-18 04:45:20.911 | INFO     | __main__:test:477 - tensor([0.9888, 0.0067, 0.3745, 0.0045, 0.6162, 0.0000], device='cuda:0')
2025-07-18 04:45:24.180 | INFO     | __main__:evaluate_embedding:538 - epoch 50 - joint_emb avg: acc@[1, 5, 10]=[0.43815 0.64985 0.7253 ], mr=74.579, mrr=0.536
2025-07-18 04:45:54.649 | INFO     | __main__:test:477 - tensor([0.9869, 0.0078, 0.5618, 0.0052, 0.4273, 0.0000], device='cuda:0')
2025-07-18 04:45:57.903 | INFO     | __main__:evaluate_embedding:538 - epoch 60 - joint_emb avg: acc@[1, 5, 10]=[0.46525002 0.67184997 0.74625003], mr=70.493, mrr=0.561
2025-07-18 04:46:28.164 | INFO     | __main__:test:477 - tensor([0.9871, 0.0077, 0.5809, 0.0052, 0.4083, 0.0000], device='cuda:0')
2025-07-18 04:46:31.319 | INFO     | __main__:evaluate_embedding:538 - epoch 70 - joint_emb avg: acc@[1, 5, 10]=[0.4764  0.68075 0.75165], mr=70.585, mrr=0.571
2025-07-18 04:47:00.978 | INFO     | __main__:test:477 - tensor([0.9883, 0.0070, 0.4932, 0.0047, 0.4969, 0.0000], device='cuda:0')
2025-07-18 04:47:04.488 | INFO     | __main__:evaluate_embedding:538 - epoch 80 - joint_emb avg: acc@[1, 5, 10]=[0.47965002 0.686      0.75495005], mr=68.034, mrr=0.574
2025-07-18 04:47:34.963 | INFO     | __main__:test:477 - tensor([0.9857, 0.0075, 0.5725, 0.0050, 0.4170, 0.0000], device='cuda:0')
2025-07-18 04:47:38.303 | INFO     | __main__:evaluate_embedding:538 - epoch 90 - joint_emb avg: acc@[1, 5, 10]=[0.48865 0.68965 0.75875], mr=69.512, mrr=0.581
2025-07-18 04:48:15.622 | INFO     | __main__:test:477 - tensor([0.9863, 0.0071, 0.5335, 0.0048, 0.4563, 0.0000], device='cuda:0')
2025-07-18 04:48:18.841 | INFO     | __main__:evaluate_embedding:538 - epoch 100 - joint_emb avg: acc@[1, 5, 10]=[0.49165002 0.69299996 0.76055   ], mr=69.061, mrr=0.584
2025-07-18 04:48:44.270 | INFO     | __main__:test:477 - tensor([0.9881, 0.0072, 0.5456, 0.0048, 0.4442, 0.0000], device='cuda:0')
2025-07-18 04:48:47.459 | INFO     | __main__:evaluate_embedding:538 - epoch 110 - joint_emb avg: acc@[1, 5, 10]=[0.49585003 0.6943     0.76255   ], mr=70.427, mrr=0.588
2025-07-18 04:49:12.128 | INFO     | __main__:test:477 - tensor([0.9863, 0.0072, 0.5577, 0.0048, 0.4320, 0.0000], device='cuda:0')
2025-07-18 04:49:15.417 | INFO     | __main__:evaluate_embedding:538 - epoch 120 - joint_emb avg: acc@[1, 5, 10]=[0.49885 0.697   0.76385], mr=71.713, mrr=0.590
2025-07-18 04:49:41.237 | INFO     | __main__:test:477 - tensor([0.9882, 0.0071, 0.5489, 0.0047, 0.4410, 0.0000], device='cuda:0')
2025-07-18 04:49:44.426 | INFO     | __main__:evaluate_embedding:538 - epoch 130 - joint_emb avg: acc@[1, 5, 10]=[0.5016  0.6981  0.76385], mr=72.364, mrr=0.592
2025-07-18 04:50:10.451 | INFO     | __main__:test:477 - tensor([0.9882, 0.0071, 0.5557, 0.0047, 0.4342, 0.0000], device='cuda:0')
2025-07-18 04:50:13.699 | INFO     | __main__:evaluate_embedding:538 - epoch 140 - joint_emb avg: acc@[1, 5, 10]=[0.5025  0.6996  0.76415], mr=73.531, mrr=0.593
2025-07-18 04:50:45.723 | INFO     | __main__:test:477 - tensor([0.9883, 0.0070, 0.5553, 0.0047, 0.4346, 0.0000], device='cuda:0')
2025-07-18 04:50:48.969 | INFO     | __main__:evaluate_embedding:538 - epoch 150 - joint_emb avg: acc@[1, 5, 10]=[0.50365 0.7008  0.76485], mr=74.352, mrr=0.594
2025-07-18 04:51:10.201 | INFO     | __main__:test:477 - tensor([0.9883, 0.0070, 0.5593, 0.0047, 0.4306, 0.0000], device='cuda:0')
2025-07-18 04:51:13.426 | INFO     | __main__:evaluate_embedding:538 - epoch 160 - joint_emb avg: acc@[1, 5, 10]=[0.50505 0.70125 0.7656 ], mr=75.217, mrr=0.595
2025-07-18 04:51:34.498 | INFO     | __main__:test:477 - tensor([0.9868, 0.0070, 0.5639, 0.0047, 0.4260, 0.0000], device='cuda:0')
2025-07-18 04:51:37.733 | INFO     | __main__:evaluate_embedding:538 - epoch 170 - joint_emb avg: acc@[1, 5, 10]=[0.50565 0.70175 0.76545], mr=75.721, mrr=0.596
2025-07-18 04:51:59.648 | INFO     | __main__:test:477 - tensor([0.9868, 0.0070, 0.5644, 0.0046, 0.4256, 0.0000], device='cuda:0')
2025-07-18 04:52:03.178 | INFO     | __main__:evaluate_embedding:538 - epoch 180 - joint_emb avg: acc@[1, 5, 10]=[0.50605    0.70280004 0.76555   ], mr=76.352, mrr=0.596
2025-07-18 04:52:24.373 | INFO     | __main__:test:477 - tensor([0.9869, 0.0069, 0.5655, 0.0046, 0.4245, 0.0000], device='cuda:0')
2025-07-18 04:52:27.643 | INFO     | __main__:evaluate_embedding:538 - epoch 190 - joint_emb avg: acc@[1, 5, 10]=[0.50635004 0.7032     0.76600003], mr=77.133, mrr=0.596
2025-07-18 04:52:54.973 | INFO     | __main__:test:477 - tensor([0.9885, 0.0069, 0.5679, 0.0046, 0.4222, 0.0000], device='cuda:0')
2025-07-18 04:52:58.230 | INFO     | __main__:evaluate_embedding:538 - epoch 200 - joint_emb avg: acc@[1, 5, 10]=[0.50715    0.70264995 0.76629996], mr=78.255, mrr=0.597
2025-07-18 04:53:14.265 | INFO     | __main__:test:477 - tensor([0.9885, 0.0069, 0.5693, 0.0046, 0.4207, 0.0000], device='cuda:0')
2025-07-18 04:53:17.516 | INFO     | __main__:evaluate_embedding:538 - epoch 210 - joint_emb avg: acc@[1, 5, 10]=[0.50775003 0.70315003 0.7661    ], mr=79.285, mrr=0.597
2025-07-18 04:53:33.491 | INFO     | __main__:test:477 - tensor([0.9886, 0.0069, 0.5710, 0.0046, 0.4191, 0.0000], device='cuda:0')
2025-07-18 04:53:36.723 | INFO     | __main__:evaluate_embedding:538 - epoch 220 - joint_emb avg: acc@[1, 5, 10]=[0.50855005 0.70215    0.76600003], mr=80.001, mrr=0.597
2025-07-18 04:53:53.403 | INFO     | __main__:test:477 - tensor([0.9871, 0.0069, 0.5737, 0.0046, 0.4163, 0.0000], device='cuda:0')
2025-07-18 04:53:56.551 | INFO     | __main__:evaluate_embedding:538 - epoch 230 - joint_emb avg: acc@[1, 5, 10]=[0.50839996 0.7013     0.7662    ], mr=80.462, mrr=0.597
2025-07-18 04:54:13.135 | INFO     | __main__:test:477 - tensor([0.9886, 0.0069, 0.5748, 0.0045, 0.4153, 0.0000], device='cuda:0')
2025-07-18 04:54:16.247 | INFO     | __main__:evaluate_embedding:538 - epoch 240 - joint_emb avg: acc@[1, 5, 10]=[0.50835 0.7012  0.7655 ], mr=81.436, mrr=0.597
2025-07-18 04:54:31.884 | INFO     | __main__:test:477 - tensor([0.9886, 0.0068, 0.5756, 0.0045, 0.4145, 0.0000], device='cuda:0')
2025-07-18 04:54:35.212 | INFO     | __main__:evaluate_embedding:538 - epoch 250 - joint_emb avg: acc@[1, 5, 10]=[0.5086 0.7004 0.7655], mr=82.069, mrr=0.597
2025-07-18 04:54:46.881 | INFO     | __main__:test:477 - tensor([0.9871, 0.0069, 0.5868, 0.0046, 0.4032, 0.0000], device='cuda:0')
2025-07-18 04:54:50.116 | INFO     | __main__:evaluate_embedding:538 - epoch 260 - joint_emb avg: acc@[1, 5, 10]=[0.50864995 0.70115    0.76535   ], mr=83.172, mrr=0.597
2025-07-18 04:55:01.583 | INFO     | __main__:test:477 - tensor([0.9870, 0.0069, 0.5970, 0.0046, 0.3929, 0.0000], device='cuda:0')
2025-07-18 04:55:04.785 | INFO     | __main__:evaluate_embedding:538 - epoch 270 - joint_emb avg: acc@[1, 5, 10]=[0.51    0.70005 0.76505], mr=84.053, mrr=0.597
2025-07-18 04:55:16.257 | INFO     | __main__:test:477 - tensor([0.9870, 0.0069, 0.5993, 0.0046, 0.3907, 0.0000], device='cuda:0')
2025-07-18 04:55:19.432 | INFO     | __main__:evaluate_embedding:538 - epoch 280 - joint_emb avg: acc@[1, 5, 10]=[0.5097  0.70035 0.765  ], mr=84.634, mrr=0.597
2025-07-18 04:55:31.270 | INFO     | __main__:test:477 - tensor([0.9870, 0.0069, 0.5982, 0.0046, 0.3918, 0.0000], device='cuda:0')
2025-07-18 04:55:34.376 | INFO     | __main__:evaluate_embedding:538 - epoch 290 - joint_emb avg: acc@[1, 5, 10]=[0.50979996 0.70070004 0.7652    ], mr=84.793, mrr=0.597
2025-07-18 04:55:46.131 | INFO     | __main__:test:477 - tensor([0.9871, 0.0069, 0.5965, 0.0046, 0.3906, 0.0015], device='cuda:0')
2025-07-18 04:55:49.340 | INFO     | __main__:evaluate_embedding:538 - epoch 300 - joint_emb avg: acc@[1, 5, 10]=[0.51    0.70005 0.76465], mr=85.294, mrr=0.597
2025-07-18 04:56:00.917 | INFO     | __main__:test:477 - tensor([0.9871, 0.0069, 0.5976, 0.0046, 0.3895, 0.0015], device='cuda:0')
2025-07-18 04:56:04.119 | INFO     | __main__:evaluate_embedding:538 - epoch 310 - joint_emb avg: acc@[1, 5, 10]=[0.51075    0.69990003 0.76455   ], mr=85.911, mrr=0.597
2025-07-18 04:56:15.631 | INFO     | __main__:test:477 - tensor([0.9871, 0.0069, 0.5989, 0.0046, 0.3882, 0.0015], device='cuda:0')
2025-07-18 04:56:18.806 | INFO     | __main__:evaluate_embedding:538 - epoch 320 - joint_emb avg: acc@[1, 5, 10]=[0.5112 0.6994 0.7647], mr=86.436, mrr=0.598
2025-07-18 04:56:29.864 | INFO     | __main__:test:477 - tensor([0.9870, 0.0069, 0.5999, 0.0046, 0.3871, 0.0015], device='cuda:0')
2025-07-18 04:56:33.007 | INFO     | __main__:evaluate_embedding:538 - epoch 330 - joint_emb avg: acc@[1, 5, 10]=[0.51175 0.6997  0.7643 ], mr=86.659, mrr=0.598
2025-07-18 04:56:44.112 | INFO     | __main__:test:477 - tensor([0.9870, 0.0069, 0.6003, 0.0046, 0.3867, 0.0015], device='cuda:0')
2025-07-18 04:56:47.217 | INFO     | __main__:evaluate_embedding:538 - epoch 340 - joint_emb avg: acc@[1, 5, 10]=[0.51075 0.69915 0.7633 ], mr=87.830, mrr=0.597
2025-07-18 04:56:58.607 | INFO     | __main__:test:477 - tensor([0.9870, 0.0069, 0.6010, 0.0046, 0.3860, 0.0015], device='cuda:0')
2025-07-18 04:57:01.869 | INFO     | __main__:evaluate_embedding:538 - epoch 350 - joint_emb avg: acc@[1, 5, 10]=[0.51045    0.69844997 0.7643    ], mr=87.661, mrr=0.597
2025-07-18 04:57:13.307 | INFO     | __main__:test:477 - tensor([0.9870, 0.0069, 0.6015, 0.0046, 0.3855, 0.0015], device='cuda:0')
2025-07-18 04:57:17.060 | INFO     | __main__:evaluate_embedding:538 - epoch 360 - joint_emb avg: acc@[1, 5, 10]=[0.5109  0.69805 0.7637 ], mr=88.507, mrr=0.597
2025-07-18 04:57:28.291 | INFO     | __main__:test:477 - tensor([0.9870, 0.0069, 0.6022, 0.0046, 0.3848, 0.0015], device='cuda:0')
2025-07-18 04:57:31.575 | INFO     | __main__:evaluate_embedding:538 - epoch 370 - joint_emb avg: acc@[1, 5, 10]=[0.51015    0.69815004 0.76315   ], mr=89.008, mrr=0.597
2025-07-18 04:57:42.763 | INFO     | __main__:test:477 - tensor([0.9870, 0.0069, 0.6025, 0.0046, 0.3845, 0.0015], device='cuda:0')
2025-07-18 04:57:46.439 | INFO     | __main__:evaluate_embedding:538 - epoch 380 - joint_emb avg: acc@[1, 5, 10]=[0.5104  0.697   0.76265], mr=90.119, mrr=0.597
2025-07-18 04:57:57.874 | INFO     | __main__:test:477 - tensor([0.9870, 0.0070, 0.6030, 0.0046, 0.3839, 0.0015], device='cuda:0')
2025-07-18 04:58:01.137 | INFO     | __main__:evaluate_embedding:538 - epoch 390 - joint_emb avg: acc@[1, 5, 10]=[0.5095 0.6968 0.7623], mr=90.414, mrr=0.596
2025-07-18 04:58:12.704 | INFO     | __main__:test:477 - tensor([0.9870, 0.0070, 0.6038, 0.0046, 0.3832, 0.0015], device='cuda:0')
2025-07-18 04:58:15.970 | INFO     | __main__:evaluate_embedding:538 - epoch 400 - joint_emb avg: acc@[1, 5, 10]=[0.50875 0.69725 0.76195], mr=90.979, mrr=0.596
2025-07-18 04:58:27.182 | INFO     | __main__:test:477 - tensor([0.9870, 0.0070, 0.6039, 0.0046, 0.3830, 0.0015], device='cuda:0')
2025-07-18 04:58:30.459 | INFO     | __main__:evaluate_embedding:538 - epoch 410 - joint_emb avg: acc@[1, 5, 10]=[0.5095     0.69715    0.76170003], mr=91.440, mrr=0.596
2025-07-18 04:58:41.803 | INFO     | __main__:test:477 - tensor([0.9870, 0.0070, 0.6040, 0.0046, 0.3830, 0.0015], device='cuda:0')
2025-07-18 04:58:45.033 | INFO     | __main__:evaluate_embedding:538 - epoch 420 - joint_emb avg: acc@[1, 5, 10]=[0.50855005 0.69725    0.76100004], mr=92.236, mrr=0.595
2025-07-18 04:58:56.584 | INFO     | __main__:test:477 - tensor([0.9869, 0.0070, 0.6046, 0.0046, 0.3824, 0.0015], device='cuda:0')
2025-07-18 04:58:59.834 | INFO     | __main__:evaluate_embedding:538 - epoch 430 - joint_emb avg: acc@[1, 5, 10]=[0.50755 0.69575 0.75995], mr=93.119, mrr=0.594
2025-07-18 04:59:11.506 | INFO     | __main__:test:477 - tensor([0.9869, 0.0070, 0.6062, 0.0046, 0.3808, 0.0015], device='cuda:0')
2025-07-18 04:59:14.687 | INFO     | __main__:evaluate_embedding:538 - epoch 440 - joint_emb avg: acc@[1, 5, 10]=[0.50734997 0.696      0.76      ], mr=93.574, mrr=0.594
2025-07-18 04:59:26.248 | INFO     | __main__:test:477 - tensor([0.9869, 0.0070, 0.6066, 0.0046, 0.3803, 0.0015], device='cuda:0')
2025-07-18 04:59:29.467 | INFO     | __main__:evaluate_embedding:538 - epoch 450 - joint_emb avg: acc@[1, 5, 10]=[0.50765 0.6954  0.7594 ], mr=93.590, mrr=0.594
2025-07-18 04:59:41.245 | INFO     | __main__:test:477 - tensor([0.9869, 0.0070, 0.6059, 0.0046, 0.3810, 0.0015], device='cuda:0')
2025-07-18 04:59:44.456 | INFO     | __main__:evaluate_embedding:538 - epoch 460 - joint_emb avg: acc@[1, 5, 10]=[0.5065  0.69575 0.7592 ], mr=94.129, mrr=0.594
2025-07-18 04:59:55.642 | INFO     | __main__:test:477 - tensor([0.9869, 0.0070, 0.6068, 0.0046, 0.3801, 0.0015], device='cuda:0')
2025-07-18 04:59:58.850 | INFO     | __main__:evaluate_embedding:538 - epoch 470 - joint_emb avg: acc@[1, 5, 10]=[0.5061     0.69535005 0.75845003], mr=94.826, mrr=0.593
2025-07-18 05:00:10.231 | INFO     | __main__:test:477 - tensor([0.9869, 0.0070, 0.6083, 0.0046, 0.3785, 0.0015], device='cuda:0')
2025-07-18 05:00:13.431 | INFO     | __main__:evaluate_embedding:538 - epoch 480 - joint_emb avg: acc@[1, 5, 10]=[0.50555    0.69404995 0.7585    ], mr=94.791, mrr=0.593
2025-07-18 05:00:24.921 | INFO     | __main__:test:477 - tensor([0.9869, 0.0070, 0.6087, 0.0046, 0.3782, 0.0015], device='cuda:0')
2025-07-18 05:00:28.188 | INFO     | __main__:evaluate_embedding:538 - epoch 490 - joint_emb avg: acc@[1, 5, 10]=[0.50530005 0.69395006 0.75795   ], mr=96.273, mrr=0.592
2025-07-18 05:00:39.715 | INFO     | __main__:test:477 - tensor([0.9869, 0.0070, 0.6091, 0.0046, 0.3778, 0.0015], device='cuda:0')
2025-07-18 05:00:42.932 | INFO     | __main__:evaluate_embedding:538 - epoch 500 - joint_emb avg: acc@[1, 5, 10]=[0.5045     0.69395    0.75804996], mr=96.605, mrr=0.592
2025-07-18 05:00:54.358 | INFO     | __main__:test:477 - tensor([0.9869, 0.0070, 0.6090, 0.0046, 0.3778, 0.0015], device='cuda:0')
2025-07-18 05:00:57.737 | INFO     | __main__:evaluate_embedding:538 - epoch 510 - joint_emb avg: acc@[1, 5, 10]=[0.50435 0.6938  0.75755], mr=96.789, mrr=0.592
2025-07-18 05:01:09.547 | INFO     | __main__:test:477 - tensor([0.9868, 0.0070, 0.6096, 0.0046, 0.3773, 0.0015], device='cuda:0')
2025-07-18 05:01:12.694 | INFO     | __main__:evaluate_embedding:538 - epoch 520 - joint_emb avg: acc@[1, 5, 10]=[0.5044  0.69415 0.75785], mr=97.642, mrr=0.591
2025-07-18 05:01:24.065 | INFO     | __main__:test:477 - tensor([0.9868, 0.0070, 0.6115, 0.0046, 0.3753, 0.0015], device='cuda:0')
2025-07-18 05:01:27.291 | INFO     | __main__:evaluate_embedding:538 - epoch 530 - joint_emb avg: acc@[1, 5, 10]=[0.5032  0.69325 0.7571 ], mr=98.929, mrr=0.590
2025-07-18 05:01:38.613 | INFO     | __main__:test:477 - tensor([0.9868, 0.0071, 0.6137, 0.0046, 0.3731, 0.0015], device='cuda:0')
2025-07-18 05:01:42.503 | INFO     | __main__:evaluate_embedding:538 - epoch 540 - joint_emb avg: acc@[1, 5, 10]=[0.5024  0.6922  0.75615], mr=100.507, mrr=0.589
2025-07-18 05:01:53.980 | INFO     | __main__:test:477 - tensor([0.9868, 0.0071, 0.6155, 0.0047, 0.3713, 0.0015], device='cuda:0')
2025-07-18 05:01:57.209 | INFO     | __main__:evaluate_embedding:538 - epoch 550 - joint_emb avg: acc@[1, 5, 10]=[0.50215 0.6922  0.7559 ], mr=101.475, mrr=0.589
2025-07-18 05:02:08.676 | INFO     | __main__:test:477 - tensor([0.9868, 0.0071, 0.6149, 0.0047, 0.3718, 0.0015], device='cuda:0')
2025-07-18 05:02:11.932 | INFO     | __main__:evaluate_embedding:538 - epoch 560 - joint_emb avg: acc@[1, 5, 10]=[0.50310004 0.6918     0.75584996], mr=100.958, mrr=0.589
2025-07-18 05:02:23.753 | INFO     | __main__:test:477 - tensor([0.9868, 0.0071, 0.6135, 0.0047, 0.3733, 0.0015], device='cuda:0')
2025-07-18 05:02:26.982 | INFO     | __main__:evaluate_embedding:538 - epoch 570 - joint_emb avg: acc@[1, 5, 10]=[0.50275 0.69155 0.75475], mr=100.878, mrr=0.589
2025-07-18 05:02:38.405 | INFO     | __main__:test:477 - tensor([0.9868, 0.0071, 0.6129, 0.0047, 0.3739, 0.0015], device='cuda:0')
2025-07-18 05:02:41.643 | INFO     | __main__:evaluate_embedding:538 - epoch 580 - joint_emb avg: acc@[1, 5, 10]=[0.5018  0.6905  0.75465], mr=101.472, mrr=0.588
2025-07-18 05:02:53.158 | INFO     | __main__:test:477 - tensor([0.9868, 0.0071, 0.6141, 0.0047, 0.3727, 0.0015], device='cuda:0')
2025-07-18 05:02:56.528 | INFO     | __main__:evaluate_embedding:538 - epoch 590 - joint_emb avg: acc@[1, 5, 10]=[0.50165 0.69035 0.75385], mr=102.383, mrr=0.588
2025-07-18 05:03:08.186 | INFO     | __main__:test:477 - tensor([0.9867, 0.0071, 0.6154, 0.0047, 0.3713, 0.0015], device='cuda:0')
2025-07-18 05:03:11.660 | INFO     | __main__:evaluate_embedding:538 - epoch 600 - joint_emb avg: acc@[1, 5, 10]=[0.50049996 0.6889     0.75275   ], mr=103.188, mrr=0.587
2025-07-18 05:03:23.187 | INFO     | __main__:test:477 - tensor([0.9867, 0.0071, 0.6158, 0.0047, 0.3709, 0.0015], device='cuda:0')
2025-07-18 05:03:26.403 | INFO     | __main__:evaluate_embedding:538 - epoch 610 - joint_emb avg: acc@[1, 5, 10]=[0.49965    0.68775    0.75294995], mr=104.454, mrr=0.587
2025-07-18 05:03:38.050 | INFO     | __main__:test:477 - tensor([0.9867, 0.0071, 0.6180, 0.0047, 0.3687, 0.0015], device='cuda:0')
2025-07-18 05:03:41.279 | INFO     | __main__:evaluate_embedding:538 - epoch 620 - joint_emb avg: acc@[1, 5, 10]=[0.49995 0.6874  0.75165], mr=105.193, mrr=0.587
2025-07-18 05:03:53.219 | INFO     | __main__:test:477 - tensor([0.9867, 0.0071, 0.6203, 0.0047, 0.3664, 0.0015], device='cuda:0')
2025-07-18 05:03:56.752 | INFO     | __main__:evaluate_embedding:538 - epoch 630 - joint_emb avg: acc@[1, 5, 10]=[0.49835002 0.6862     0.75095   ], mr=106.304, mrr=0.585
2025-07-18 05:04:08.397 | INFO     | __main__:test:477 - tensor([0.9867, 0.0071, 0.6207, 0.0047, 0.3659, 0.0015], device='cuda:0')
2025-07-18 05:04:11.626 | INFO     | __main__:evaluate_embedding:538 - epoch 640 - joint_emb avg: acc@[1, 5, 10]=[0.49765 0.6868  0.75105], mr=106.736, mrr=0.585
2025-07-18 05:04:23.190 | INFO     | __main__:test:477 - tensor([0.9867, 0.0071, 0.6201, 0.0047, 0.3666, 0.0015], device='cuda:0')
2025-07-18 05:04:26.463 | INFO     | __main__:evaluate_embedding:538 - epoch 650 - joint_emb avg: acc@[1, 5, 10]=[0.49675 0.68505 0.751  ], mr=107.232, mrr=0.584
2025-07-18 05:04:38.033 | INFO     | __main__:test:477 - tensor([0.9867, 0.0071, 0.6195, 0.0047, 0.3672, 0.0015], device='cuda:0')
2025-07-18 05:04:41.259 | INFO     | __main__:evaluate_embedding:538 - epoch 660 - joint_emb avg: acc@[1, 5, 10]=[0.49725 0.68465 0.7511 ], mr=107.408, mrr=0.584
2025-07-18 05:04:52.810 | INFO     | __main__:test:477 - tensor([0.9867, 0.0071, 0.6194, 0.0047, 0.3672, 0.0015], device='cuda:0')
2025-07-18 05:04:56.030 | INFO     | __main__:evaluate_embedding:538 - epoch 670 - joint_emb avg: acc@[1, 5, 10]=[0.496      0.684      0.75074995], mr=107.892, mrr=0.584
2025-07-18 05:05:07.675 | INFO     | __main__:test:477 - tensor([0.9866, 0.0071, 0.6213, 0.0047, 0.3654, 0.0015], device='cuda:0')
2025-07-18 05:05:10.959 | INFO     | __main__:evaluate_embedding:538 - epoch 680 - joint_emb avg: acc@[1, 5, 10]=[0.4952  0.68345 0.74975], mr=109.726, mrr=0.583
2025-07-18 05:05:22.766 | INFO     | __main__:test:477 - tensor([0.9866, 0.0072, 0.6235, 0.0047, 0.3632, 0.0015], device='cuda:0')
2025-07-18 05:05:26.033 | INFO     | __main__:evaluate_embedding:538 - epoch 690 - joint_emb avg: acc@[1, 5, 10]=[0.49449998 0.6828     0.74925   ], mr=110.637, mrr=0.582
2025-07-18 05:05:37.402 | INFO     | __main__:test:477 - tensor([0.9866, 0.0072, 0.6241, 0.0047, 0.3625, 0.0015], device='cuda:0')
2025-07-18 05:05:40.643 | INFO     | __main__:evaluate_embedding:538 - epoch 700 - joint_emb avg: acc@[1, 5, 10]=[0.49484998 0.6824     0.7491    ], mr=111.198, mrr=0.582
2025-07-18 05:05:52.442 | INFO     | __main__:test:477 - tensor([0.9866, 0.0072, 0.6239, 0.0047, 0.3627, 0.0015], device='cuda:0')
2025-07-18 05:05:55.733 | INFO     | __main__:evaluate_embedding:538 - epoch 710 - joint_emb avg: acc@[1, 5, 10]=[0.49385    0.68044996 0.74885   ], mr=111.503, mrr=0.581
2025-07-18 05:06:07.209 | INFO     | __main__:test:477 - tensor([0.9866, 0.0072, 0.6238, 0.0047, 0.3628, 0.0015], device='cuda:0')
2025-07-18 05:06:10.522 | INFO     | __main__:evaluate_embedding:538 - epoch 720 - joint_emb avg: acc@[1, 5, 10]=[0.49304998 0.6814     0.74810004], mr=112.487, mrr=0.581
2025-07-18 05:06:22.386 | INFO     | __main__:test:477 - tensor([0.9866, 0.0072, 0.6248, 0.0047, 0.3618, 0.0015], device='cuda:0')
2025-07-18 05:06:25.656 | INFO     | __main__:evaluate_embedding:538 - epoch 730 - joint_emb avg: acc@[1, 5, 10]=[0.49220002 0.68065    0.74785   ], mr=112.828, mrr=0.580
2025-07-18 05:06:36.942 | INFO     | __main__:test:477 - tensor([0.9866, 0.0072, 0.6266, 0.0047, 0.3599, 0.0015], device='cuda:0')
2025-07-18 05:06:40.193 | INFO     | __main__:evaluate_embedding:538 - epoch 740 - joint_emb avg: acc@[1, 5, 10]=[0.4913     0.67980003 0.7465    ], mr=114.332, mrr=0.579
2025-07-18 05:06:51.353 | INFO     | __main__:test:477 - tensor([0.9866, 0.0072, 0.6268, 0.0047, 0.3597, 0.0015], device='cuda:0')
2025-07-18 05:06:54.477 | INFO     | __main__:evaluate_embedding:538 - epoch 750 - joint_emb avg: acc@[1, 5, 10]=[0.49115002 0.6791     0.74575   ], mr=115.054, mrr=0.579
2025-07-18 05:07:05.778 | INFO     | __main__:test:477 - tensor([0.9866, 0.0072, 0.6268, 0.0047, 0.3598, 0.0015], device='cuda:0')
2025-07-18 05:07:09.015 | INFO     | __main__:evaluate_embedding:538 - epoch 760 - joint_emb avg: acc@[1, 5, 10]=[0.49045    0.67824996 0.74505   ], mr=115.410, mrr=0.578
2025-07-18 05:07:20.453 | INFO     | __main__:test:477 - tensor([0.9865, 0.0072, 0.6273, 0.0047, 0.3592, 0.0015], device='cuda:0')
2025-07-18 05:07:23.564 | INFO     | __main__:evaluate_embedding:538 - epoch 770 - joint_emb avg: acc@[1, 5, 10]=[0.48885 0.67685 0.7443 ], mr=115.864, mrr=0.577
2025-07-18 05:07:35.176 | INFO     | __main__:test:477 - tensor([0.9865, 0.0072, 0.6274, 0.0047, 0.3591, 0.0015], device='cuda:0')
2025-07-18 05:07:38.499 | INFO     | __main__:evaluate_embedding:538 - epoch 780 - joint_emb avg: acc@[1, 5, 10]=[0.48825002 0.67675    0.7444    ], mr=115.956, mrr=0.577
2025-07-18 05:07:49.862 | INFO     | __main__:test:477 - tensor([0.9865, 0.0072, 0.6280, 0.0047, 0.3585, 0.0015], device='cuda:0')
2025-07-18 05:07:53.737 | INFO     | __main__:evaluate_embedding:538 - epoch 790 - joint_emb avg: acc@[1, 5, 10]=[0.48815 0.67565 0.74325], mr=117.138, mrr=0.576
2025-07-18 05:08:04.963 | INFO     | __main__:test:477 - tensor([0.9865, 0.0072, 0.6290, 0.0047, 0.3575, 0.0015], device='cuda:0')
2025-07-18 05:08:08.073 | INFO     | __main__:evaluate_embedding:538 - epoch 800 - joint_emb avg: acc@[1, 5, 10]=[0.4874  0.67565 0.74285], mr=118.008, mrr=0.575
2025-07-18 05:08:19.678 | INFO     | __main__:test:477 - tensor([0.9865, 0.0072, 0.6298, 0.0047, 0.3567, 0.0015], device='cuda:0')
2025-07-18 05:08:22.934 | INFO     | __main__:evaluate_embedding:538 - epoch 810 - joint_emb avg: acc@[1, 5, 10]=[0.487      0.67605    0.74249995], mr=118.923, mrr=0.575
2025-07-18 05:08:34.721 | INFO     | __main__:test:477 - tensor([0.9865, 0.0072, 0.6303, 0.0047, 0.3562, 0.0015], device='cuda:0')
2025-07-18 05:08:37.993 | INFO     | __main__:evaluate_embedding:538 - epoch 820 - joint_emb avg: acc@[1, 5, 10]=[0.48575002 0.67515004 0.7414    ], mr=119.877, mrr=0.574
2025-07-18 05:08:49.463 | INFO     | __main__:test:477 - tensor([0.9865, 0.0073, 0.6314, 0.0047, 0.3550, 0.0015], device='cuda:0')
2025-07-18 05:08:52.602 | INFO     | __main__:evaluate_embedding:538 - epoch 830 - joint_emb avg: acc@[1, 5, 10]=[0.48395002 0.6738     0.7415    ], mr=120.110, mrr=0.573
2025-07-18 05:09:04.493 | INFO     | __main__:test:477 - tensor([0.9865, 0.0073, 0.6318, 0.0047, 0.3547, 0.0015], device='cuda:0')
2025-07-18 05:09:07.708 | INFO     | __main__:evaluate_embedding:538 - epoch 840 - joint_emb avg: acc@[1, 5, 10]=[0.48425    0.67289996 0.74045   ], mr=121.646, mrr=0.573
2025-07-18 05:09:19.241 | INFO     | __main__:test:477 - tensor([0.9864, 0.0073, 0.6334, 0.0048, 0.3531, 0.0015], device='cuda:0')
2025-07-18 05:09:22.379 | INFO     | __main__:evaluate_embedding:538 - epoch 850 - joint_emb avg: acc@[1, 5, 10]=[0.48295    0.672      0.73950005], mr=123.410, mrr=0.571
2025-07-18 05:09:33.843 | INFO     | __main__:test:477 - tensor([0.9864, 0.0073, 0.6344, 0.0048, 0.3521, 0.0015], device='cuda:0')
2025-07-18 05:09:37.379 | INFO     | __main__:evaluate_embedding:538 - epoch 860 - joint_emb avg: acc@[1, 5, 10]=[0.48205 0.6714  0.7375 ], mr=125.028, mrr=0.570
2025-07-18 05:09:48.858 | INFO     | __main__:test:477 - tensor([0.9864, 0.0073, 0.6346, 0.0048, 0.3518, 0.0015], device='cuda:0')
2025-07-18 05:09:52.685 | INFO     | __main__:evaluate_embedding:538 - epoch 870 - joint_emb avg: acc@[1, 5, 10]=[0.4815  0.6711  0.73705], mr=125.991, mrr=0.570
2025-07-18 05:10:04.215 | INFO     | __main__:test:477 - tensor([0.9864, 0.0073, 0.6358, 0.0048, 0.3537, 0.0000], device='cuda:0')
2025-07-18 05:10:07.595 | INFO     | __main__:evaluate_embedding:538 - epoch 880 - joint_emb avg: acc@[1, 5, 10]=[0.4811 0.6704 0.7368], mr=124.584, mrr=0.570
2025-07-18 05:10:19.090 | INFO     | __main__:test:477 - tensor([0.9864, 0.0073, 0.6357, 0.0048, 0.3507, 0.0015], device='cuda:0')
2025-07-18 05:10:22.779 | INFO     | __main__:evaluate_embedding:538 - epoch 890 - joint_emb avg: acc@[1, 5, 10]=[0.48014998 0.67025    0.73644996], mr=127.721, mrr=0.569
2025-07-18 05:10:34.401 | INFO     | __main__:test:477 - tensor([0.9864, 0.0073, 0.6387, 0.0048, 0.3477, 0.0015], device='cuda:0')
2025-07-18 05:10:37.669 | INFO     | __main__:evaluate_embedding:538 - epoch 900 - joint_emb avg: acc@[1, 5, 10]=[0.47935    0.66885    0.73504996], mr=129.034, mrr=0.567
2025-07-18 05:10:49.445 | INFO     | __main__:test:477 - tensor([0.9864, 0.0073, 0.6385, 0.0048, 0.3479, 0.0015], device='cuda:0')
2025-07-18 05:10:52.702 | INFO     | __main__:evaluate_embedding:538 - epoch 910 - joint_emb avg: acc@[1, 5, 10]=[0.4799  0.6696  0.73525], mr=129.230, mrr=0.568
2025-07-18 05:11:03.987 | INFO     | __main__:test:477 - tensor([0.9864, 0.0073, 0.6374, 0.0048, 0.3489, 0.0015], device='cuda:0')
2025-07-18 05:11:07.241 | INFO     | __main__:evaluate_embedding:538 - epoch 920 - joint_emb avg: acc@[1, 5, 10]=[0.4786     0.66929996 0.73485   ], mr=129.762, mrr=0.567
2025-07-18 05:11:18.510 | INFO     | __main__:test:477 - tensor([0.9864, 0.0073, 0.6385, 0.0048, 0.3479, 0.0015], device='cuda:0')
2025-07-18 05:11:21.816 | INFO     | __main__:evaluate_embedding:538 - epoch 930 - joint_emb avg: acc@[1, 5, 10]=[0.4783 0.6675 0.7338], mr=132.222, mrr=0.566
2025-07-18 05:11:33.056 | INFO     | __main__:test:477 - tensor([0.9863, 0.0073, 0.6401, 0.0048, 0.3462, 0.0015], device='cuda:0')
2025-07-18 05:11:36.178 | INFO     | __main__:evaluate_embedding:538 - epoch 940 - joint_emb avg: acc@[1, 5, 10]=[0.47689998 0.66770005 0.7333    ], mr=132.565, mrr=0.565
2025-07-18 05:11:47.485 | INFO     | __main__:test:477 - tensor([0.9863, 0.0073, 0.6403, 0.0048, 0.3461, 0.0015], device='cuda:0')
2025-07-18 05:11:50.831 | INFO     | __main__:evaluate_embedding:538 - epoch 950 - joint_emb avg: acc@[1, 5, 10]=[0.47635 0.66735 0.7318 ], mr=133.315, mrr=0.565
2025-07-18 05:12:02.031 | INFO     | __main__:test:477 - tensor([0.9863, 0.0073, 0.6406, 0.0048, 0.3457, 0.0015], device='cuda:0')
2025-07-18 05:12:05.258 | INFO     | __main__:evaluate_embedding:538 - epoch 960 - joint_emb avg: acc@[1, 5, 10]=[0.4759 0.6668 0.7315], mr=134.530, mrr=0.564
2025-07-18 05:12:16.244 | INFO     | __main__:test:477 - tensor([0.9863, 0.0074, 0.6418, 0.0048, 0.3445, 0.0015], device='cuda:0')
2025-07-18 05:12:19.775 | INFO     | __main__:evaluate_embedding:538 - epoch 970 - joint_emb avg: acc@[1, 5, 10]=[0.47395 0.66595 0.73025], mr=136.281, mrr=0.562
2025-07-18 05:12:30.802 | INFO     | __main__:test:477 - tensor([0.9863, 0.0074, 0.6437, 0.0048, 0.3426, 0.0015], device='cuda:0')
2025-07-18 05:12:34.655 | INFO     | __main__:evaluate_embedding:538 - epoch 980 - joint_emb avg: acc@[1, 5, 10]=[0.47364998 0.66495    0.72925   ], mr=137.534, mrr=0.562
2025-07-18 05:12:45.711 | INFO     | __main__:test:477 - tensor([0.9863, 0.0074, 0.6431, 0.0048, 0.3432, 0.0015], device='cuda:0')
2025-07-18 05:12:49.335 | INFO     | __main__:evaluate_embedding:538 - epoch 990 - joint_emb avg: acc@[1, 5, 10]=[0.47294998 0.665      0.72995   ], mr=137.087, mrr=0.561
2025-07-18 05:12:59.212 | INFO     | __main__:<module>:553 - Best avg epoch <330>: acc@[1, 5, 10]=[0.51175 0.6997  0.7643 ], mr=86.659, mrr=0.598
