2025-07-19 14:46:10.915 | INFO     | __main__:init_data:240 - use data/FB15K_YAGO15K_0.2_train_ill.npy
2025-07-19 14:46:11.038 | INFO     | model:__init__:118 - weight :tensor([[0.],
        [0.],
        [0.],
        [0.],
        [0.],
        [0.],
        [0.]])
2025-07-19 14:46:11.039 | INFO     | model:__init__:132 - combo_indices :[1, 7, 31, 19, 4, 16, 20]
2025-07-19 14:46:12.232 | INFO     | __main__:train:367 - Namespace(file_dir='data/mmkb-datasets/FB15K_YAGO15K', rate=0.2, seed=42, epochs=1000, check_point=10, hidden_units='300,300,300', heads='2,2', instance_normalization=False, lr=0.0005, dropout=0.0, attn_dropout=0.0, gph_dim=300, n_exp=5, device='cuda', topk=5, csls=True, csls_k=3, il_start=500, bsize=512, tau=0.1, tau2=4.0, feat_dim=300, use_project_head=False, zoom=0.1, reduction='mean', train_ill_path='data/FB15K_YAGO15K_0.2_train_ill.npy', fusion_weight_dim=0)
2025-07-19 14:48:05.381 | INFO     | __main__:test:477 - tensor([0.3988, 0.2006, 0.3988, 0.2003, 0.1992, 0.2003], device='cuda:0')
2025-07-19 14:48:08.875 | INFO     | __main__:evaluate_embedding:538 - epoch 10 - joint_emb avg: acc@[1, 5, 10]=[0.30295 0.46915 0.5396 ], mr=147.531, mrr=0.384
2025-07-19 14:49:41.151 | INFO     | __main__:test:477 - tensor([0.3999, 0.2010, 0.3999, 0.1996, 0.1994, 0.1996], device='cuda:0')
2025-07-19 14:49:44.009 | INFO     | __main__:evaluate_embedding:538 - epoch 20 - joint_emb avg: acc@[1, 5, 10]=[0.45095 0.5997  0.6609 ], mr=95.290, mrr=0.522
2025-07-19 14:51:12.653 | INFO     | __main__:test:477 - tensor([0.6002, 0.2013, 0.6000, 0.0000, 0.5973, 0.0000], device='cuda:0')
2025-07-19 14:51:15.437 | INFO     | __main__:evaluate_embedding:538 - epoch 30 - joint_emb avg: acc@[1, 5, 10]=[0.51715 0.66065 0.7185 ], mr=67.511, mrr=0.586
2025-07-19 14:52:45.198 | INFO     | __main__:test:477 - tensor([0.6012, 0.2013, 0.4022, 0.1975, 0.3990, 0.0000], device='cuda:0')
2025-07-19 14:52:47.978 | INFO     | __main__:evaluate_embedding:538 - epoch 40 - joint_emb avg: acc@[1, 5, 10]=[0.55184996 0.69535    0.7507    ], mr=54.659, mrr=0.620
2025-07-19 14:54:31.705 | INFO     | __main__:test:477 - tensor([0.6019, 0.2013, 0.4023, 0.0000, 0.3990, 0.1968], device='cuda:0')
2025-07-19 14:54:34.486 | INFO     | __main__:evaluate_embedding:538 - epoch 50 - joint_emb avg: acc@[1, 5, 10]=[0.56575 0.71155 0.7677 ], mr=50.124, mrr=0.634
2025-07-19 14:55:49.119 | INFO     | __main__:test:477 - tensor([0.6026, 0.2012, 0.4022, 0.0000, 0.3989, 0.1962], device='cuda:0')
2025-07-19 14:55:52.548 | INFO     | __main__:evaluate_embedding:538 - epoch 60 - joint_emb avg: acc@[1, 5, 10]=[0.5754     0.72185004 0.7769    ], mr=48.500, mrr=0.644
2025-07-19 14:57:09.645 | INFO     | __main__:test:477 - tensor([0.6032, 0.2012, 0.4021, 0.0000, 0.3987, 0.1956], device='cuda:0')
2025-07-19 14:57:13.126 | INFO     | __main__:evaluate_embedding:538 - epoch 70 - joint_emb avg: acc@[1, 5, 10]=[0.58000004 0.72725    0.78135   ], mr=48.207, mrr=0.649
2025-07-19 14:58:30.948 | INFO     | __main__:test:477 - tensor([0.6036, 0.2013, 0.4020, 0.0000, 0.3985, 0.1950], device='cuda:0')
2025-07-19 14:58:33.729 | INFO     | __main__:evaluate_embedding:538 - epoch 80 - joint_emb avg: acc@[1, 5, 10]=[0.58405    0.73265004 0.78515   ], mr=48.253, mrr=0.653
2025-07-19 14:59:47.681 | INFO     | __main__:test:477 - tensor([0.6040, 0.2015, 0.4017, 0.1945, 0.3982, 0.0000], device='cuda:0')
2025-07-19 14:59:51.119 | INFO     | __main__:evaluate_embedding:538 - epoch 90 - joint_emb avg: acc@[1, 5, 10]=[0.5857  0.73465 0.7875 ], mr=49.377, mrr=0.655
2025-07-19 15:01:18.542 | INFO     | __main__:test:477 - tensor([0.6042, 0.2018, 0.5954, 0.0000, 0.5917, 0.0000], device='cuda:0')
2025-07-19 15:01:21.299 | INFO     | __main__:evaluate_embedding:538 - epoch 100 - joint_emb avg: acc@[1, 5, 10]=[0.58105004 0.7257     0.776     ], mr=57.530, mrr=0.649
2025-07-19 15:02:25.508 | INFO     | __main__:test:477 - tensor([0.6044, 0.2022, 0.4012, 0.1935, 0.3973, 0.0000], device='cuda:0')
2025-07-19 15:02:28.980 | INFO     | __main__:evaluate_embedding:538 - epoch 110 - joint_emb avg: acc@[1, 5, 10]=[0.58875 0.73805 0.7904 ], mr=50.780, mrr=0.658
2025-07-19 15:03:30.146 | INFO     | __main__:test:477 - tensor([0.6045, 0.2025, 0.4010, 0.0000, 0.3969, 0.1930], device='cuda:0')
2025-07-19 15:03:33.564 | INFO     | __main__:evaluate_embedding:538 - epoch 120 - joint_emb avg: acc@[1, 5, 10]=[0.5912     0.74055004 0.792     ], mr=50.427, mrr=0.661
2025-07-19 15:04:35.507 | INFO     | __main__:test:477 - tensor([0.6046, 0.2029, 0.4008, 0.0000, 0.3964, 0.1926], device='cuda:0')
2025-07-19 15:04:38.270 | INFO     | __main__:evaluate_embedding:538 - epoch 130 - joint_emb avg: acc@[1, 5, 10]=[0.5911     0.74090004 0.7932    ], mr=51.088, mrr=0.661
2025-07-19 15:05:41.846 | INFO     | __main__:test:477 - tensor([0.6048, 0.2034, 0.4007, 0.1919, 0.3960, 0.0000], device='cuda:0')
2025-07-19 15:05:44.616 | INFO     | __main__:evaluate_embedding:538 - epoch 140 - joint_emb avg: acc@[1, 5, 10]=[0.592   0.74015 0.79285], mr=53.352, mrr=0.661
2025-07-19 15:06:58.759 | INFO     | __main__:test:477 - tensor([0.4138, 0.2039, 0.4006, 0.1911, 0.3955, 0.0000], device='cuda:0')
2025-07-19 15:07:01.611 | INFO     | __main__:evaluate_embedding:538 - epoch 150 - joint_emb avg: acc@[1, 5, 10]=[0.58985 0.7326  0.7783 ], mr=60.996, mrr=0.656
2025-07-19 15:07:51.692 | INFO     | __main__:test:477 - tensor([0.6051, 0.2044, 0.4005, 0.0000, 0.3952, 0.1904], device='cuda:0')
2025-07-19 15:07:54.453 | INFO     | __main__:evaluate_embedding:538 - epoch 160 - joint_emb avg: acc@[1, 5, 10]=[0.59529996 0.74399996 0.79345   ], mr=52.887, mrr=0.664
2025-07-19 15:08:43.369 | INFO     | __main__:test:477 - tensor([0.6053, 0.2049, 0.5903, 0.0000, 0.5847, 0.0000], device='cuda:0')
2025-07-19 15:08:46.116 | INFO     | __main__:evaluate_embedding:538 - epoch 170 - joint_emb avg: acc@[1, 5, 10]=[0.58650005 0.73055    0.777     ], mr=64.257, mrr=0.653
2025-07-19 15:09:36.260 | INFO     | __main__:test:477 - tensor([0.6054, 0.2053, 0.5896, 0.0000, 0.5838, 0.0000], device='cuda:0')
2025-07-19 15:09:39.007 | INFO     | __main__:evaluate_embedding:538 - epoch 180 - joint_emb avg: acc@[1, 5, 10]=[0.58725    0.73179996 0.77645004], mr=65.144, mrr=0.653
2025-07-19 15:10:28.564 | INFO     | __main__:test:477 - tensor([0.6055, 0.2057, 0.4002, 0.1888, 0.3941, 0.0000], device='cuda:0')
2025-07-19 15:10:31.343 | INFO     | __main__:evaluate_embedding:538 - epoch 190 - joint_emb avg: acc@[1, 5, 10]=[0.59505    0.74310005 0.79225004], mr=56.208, mrr=0.663
2025-07-19 15:11:31.017 | INFO     | __main__:test:477 - tensor([0.4174, 0.2062, 0.4001, 0.1882, 0.3937, 0.0000], device='cuda:0')
2025-07-19 15:11:33.774 | INFO     | __main__:evaluate_embedding:538 - epoch 200 - joint_emb avg: acc@[1, 5, 10]=[0.58994997 0.7332     0.77645004], mr=64.030, mrr=0.656
2025-07-19 15:12:09.084 | INFO     | __main__:test:477 - tensor([0.6057, 0.2066, 0.4001, 0.1877, 0.3933, 0.0000], device='cuda:0')
2025-07-19 15:12:11.825 | INFO     | __main__:evaluate_embedding:538 - epoch 210 - joint_emb avg: acc@[1, 5, 10]=[0.5952 0.7438 0.7921], mr=56.411, mrr=0.664
2025-07-19 15:12:46.489 | INFO     | __main__:test:477 - tensor([0.6057, 0.2070, 0.5874, 0.0000, 0.5803, 0.0000], device='cuda:0')
2025-07-19 15:12:49.229 | INFO     | __main__:evaluate_embedding:538 - epoch 220 - joint_emb avg: acc@[1, 5, 10]=[0.588      0.72905004 0.7736    ], mr=68.039, mrr=0.653
2025-07-19 15:13:23.342 | INFO     | __main__:test:477 - tensor([0.6057, 0.2073, 0.5869, 0.0000, 0.5796, 0.0000], device='cuda:0')
2025-07-19 15:13:26.749 | INFO     | __main__:evaluate_embedding:538 - epoch 230 - joint_emb avg: acc@[1, 5, 10]=[0.5882  0.72895 0.77345], mr=68.483, mrr=0.653
2025-07-19 15:14:02.196 | INFO     | __main__:test:477 - tensor([0.6057, 0.2077, 0.5865, 0.0000, 0.5789, 0.0000], device='cuda:0')
2025-07-19 15:14:04.937 | INFO     | __main__:evaluate_embedding:538 - epoch 240 - joint_emb avg: acc@[1, 5, 10]=[0.58815 0.72895 0.773  ], mr=68.981, mrr=0.653
2025-07-19 15:14:39.843 | INFO     | __main__:test:477 - tensor([0.6057, 0.2081, 0.3999, 0.0000, 0.3920, 0.1861], device='cuda:0')
2025-07-19 15:14:42.558 | INFO     | __main__:evaluate_embedding:538 - epoch 250 - joint_emb avg: acc@[1, 5, 10]=[0.597      0.74590003 0.793     ], mr=56.354, mrr=0.665
2025-07-19 15:15:04.034 | INFO     | __main__:test:477 - tensor([0.6057, 0.2085, 0.5856, 0.0000, 0.5776, 0.0000], device='cuda:0')
2025-07-19 15:15:06.884 | INFO     | __main__:evaluate_embedding:538 - epoch 260 - joint_emb avg: acc@[1, 5, 10]=[0.58885 0.7288  0.77235], mr=69.774, mrr=0.654
2025-07-19 15:15:28.681 | INFO     | __main__:test:477 - tensor([0.6057, 0.2087, 0.3998, 0.0000, 0.3915, 0.1856], device='cuda:0')
2025-07-19 15:15:31.508 | INFO     | __main__:evaluate_embedding:538 - epoch 270 - joint_emb avg: acc@[1, 5, 10]=[0.59825003 0.74685    0.79410005], mr=56.707, mrr=0.666
2025-07-19 15:15:52.843 | INFO     | __main__:test:477 - tensor([0.6057, 0.2089, 0.3997, 0.0000, 0.3913, 0.1853], device='cuda:0')
2025-07-19 15:15:55.661 | INFO     | __main__:evaluate_embedding:538 - epoch 280 - joint_emb avg: acc@[1, 5, 10]=[0.5977     0.74695003 0.79365003], mr=56.574, mrr=0.666
2025-07-19 15:16:17.509 | INFO     | __main__:test:477 - tensor([0.6057, 0.2092, 0.3997, 0.1851, 0.3911, 0.0000], device='cuda:0')
2025-07-19 15:16:20.271 | INFO     | __main__:evaluate_embedding:538 - epoch 290 - joint_emb avg: acc@[1, 5, 10]=[0.5971  0.74445 0.7924 ], mr=57.605, mrr=0.665
2025-07-19 15:16:41.131 | INFO     | __main__:test:477 - tensor([0.6057, 0.2094, 0.3997, 0.0000, 0.3909, 0.1849], device='cuda:0')
2025-07-19 15:16:43.862 | INFO     | __main__:evaluate_embedding:538 - epoch 300 - joint_emb avg: acc@[1, 5, 10]=[0.59854996 0.7472     0.79295003], mr=57.415, mrr=0.667
2025-07-19 15:17:05.249 | INFO     | __main__:test:477 - tensor([0.6057, 0.2097, 0.3996, 0.0000, 0.3907, 0.1847], device='cuda:0')
2025-07-19 15:17:08.493 | INFO     | __main__:evaluate_embedding:538 - epoch 310 - joint_emb avg: acc@[1, 5, 10]=[0.5991  0.74745 0.79285], mr=57.253, mrr=0.667
2025-07-19 15:17:29.296 | INFO     | __main__:test:477 - tensor([0.4212, 0.2099, 0.2152, 0.1844, 0.2060, 0.1844], device='cuda:0')
2025-07-19 15:17:32.015 | INFO     | __main__:evaluate_embedding:538 - epoch 320 - joint_emb avg: acc@[1, 5, 10]=[0.59775 0.747   0.7931 ], mr=53.692, mrr=0.666
2025-07-19 15:17:53.310 | INFO     | __main__:test:477 - tensor([0.4214, 0.2102, 0.2154, 0.1842, 0.2060, 0.1842], device='cuda:0')
2025-07-19 15:17:56.047 | INFO     | __main__:evaluate_embedding:538 - epoch 330 - joint_emb avg: acc@[1, 5, 10]=[0.59790003 0.7475     0.79395   ], mr=54.080, mrr=0.666
2025-07-19 15:18:16.919 | INFO     | __main__:test:477 - tensor([0.4216, 0.2105, 0.2156, 0.1840, 0.2061, 0.1840], device='cuda:0')
2025-07-19 15:18:19.755 | INFO     | __main__:evaluate_embedding:538 - epoch 340 - joint_emb avg: acc@[1, 5, 10]=[0.59955 0.748   0.79385], mr=53.119, mrr=0.667
2025-07-19 15:18:41.427 | INFO     | __main__:test:477 - tensor([0.6056, 0.2107, 0.3995, 0.1837, 0.3898, 0.0000], device='cuda:0')
2025-07-19 15:18:44.274 | INFO     | __main__:evaluate_embedding:538 - epoch 350 - joint_emb avg: acc@[1, 5, 10]=[0.59815    0.74325    0.79155004], mr=58.465, mrr=0.665
2025-07-19 15:19:06.119 | INFO     | __main__:test:477 - tensor([0.4220, 0.2110, 0.3994, 0.1835, 0.3896, 0.0000], device='cuda:0')
2025-07-19 15:19:08.841 | INFO     | __main__:evaluate_embedding:538 - epoch 360 - joint_emb avg: acc@[1, 5, 10]=[0.592   0.73085 0.7746 ], mr=66.339, mrr=0.656
2025-07-19 15:19:30.723 | INFO     | __main__:test:477 - tensor([0.6055, 0.2113, 0.3994, 0.1832, 0.3893, 0.0000], device='cuda:0')
2025-07-19 15:19:33.455 | INFO     | __main__:evaluate_embedding:538 - epoch 370 - joint_emb avg: acc@[1, 5, 10]=[0.59825003 0.74385    0.79115   ], mr=58.919, mrr=0.666
2025-07-19 15:19:55.029 | INFO     | __main__:test:477 - tensor([0.6054, 0.2116, 0.3994, 0.1830, 0.3891, 0.0000], device='cuda:0')
2025-07-19 15:19:57.779 | INFO     | __main__:evaluate_embedding:538 - epoch 380 - joint_emb avg: acc@[1, 5, 10]=[0.59835005 0.744      0.79165   ], mr=59.013, mrr=0.666
2025-07-19 15:20:19.222 | INFO     | __main__:test:477 - tensor([0.6054, 0.2119, 0.5820, 0.0000, 0.5716, 0.0000], device='cuda:0')
2025-07-19 15:20:21.964 | INFO     | __main__:evaluate_embedding:538 - epoch 390 - joint_emb avg: acc@[1, 5, 10]=[0.5902  0.7264  0.77055], mr=72.652, mrr=0.654
2025-07-19 15:20:43.597 | INFO     | __main__:test:477 - tensor([0.6053, 0.2122, 0.5818, 0.0000, 0.5711, 0.0000], device='cuda:0')
2025-07-19 15:20:46.319 | INFO     | __main__:evaluate_embedding:538 - epoch 400 - joint_emb avg: acc@[1, 5, 10]=[0.59105    0.72655    0.77024996], mr=72.901, mrr=0.654
2025-07-19 15:21:07.938 | INFO     | __main__:test:477 - tensor([0.4230, 0.2125, 0.3992, 0.0000, 0.3883, 0.1823], device='cuda:0')
2025-07-19 15:21:11.333 | INFO     | __main__:evaluate_embedding:538 - epoch 410 - joint_emb avg: acc@[1, 5, 10]=[0.59425 0.7332  0.7755 ], mr=66.767, mrr=0.658
2025-07-19 15:21:32.286 | INFO     | __main__:test:477 - tensor([0.6052, 0.2128, 0.3992, 0.0000, 0.3880, 0.1820], device='cuda:0')
2025-07-19 15:21:35.008 | INFO     | __main__:evaluate_embedding:538 - epoch 420 - joint_emb avg: acc@[1, 5, 10]=[0.60065 0.74775 0.79295], mr=59.233, mrr=0.668
2025-07-19 15:21:55.790 | INFO     | __main__:test:477 - tensor([0.6051, 0.2131, 0.5808, 0.0000, 0.5695, 0.0000], device='cuda:0')
2025-07-19 15:21:58.540 | INFO     | __main__:evaluate_embedding:538 - epoch 430 - joint_emb avg: acc@[1, 5, 10]=[0.5911  0.72625 0.76895], mr=73.518, mrr=0.654
2025-07-19 15:22:20.516 | INFO     | __main__:test:477 - tensor([0.6051, 0.2134, 0.5805, 0.0000, 0.5690, 0.0000], device='cuda:0')
2025-07-19 15:22:23.283 | INFO     | __main__:evaluate_embedding:538 - epoch 440 - joint_emb avg: acc@[1, 5, 10]=[0.59099996 0.72615004 0.7685    ], mr=73.779, mrr=0.654
2025-07-19 15:22:44.472 | INFO     | __main__:test:477 - tensor([0.6050, 0.2137, 0.3990, 0.0000, 0.3872, 0.1812], device='cuda:0')
2025-07-19 15:22:47.207 | INFO     | __main__:evaluate_embedding:538 - epoch 450 - joint_emb avg: acc@[1, 5, 10]=[0.60134995 0.74735    0.79135   ], mr=60.211, mrr=0.668
2025-07-19 15:23:09.895 | INFO     | __main__:test:477 - tensor([0.6049, 0.2141, 0.3990, 0.1810, 0.3870, 0.0000], device='cuda:0')
2025-07-19 15:23:12.755 | INFO     | __main__:evaluate_embedding:538 - epoch 460 - joint_emb avg: acc@[1, 5, 10]=[0.5999  0.74375 0.7898 ], mr=60.506, mrr=0.666
2025-07-19 15:23:34.586 | INFO     | __main__:test:477 - tensor([0.4241, 0.2144, 0.3989, 0.1807, 0.3867, 0.0000], device='cuda:0')
2025-07-19 15:23:37.319 | INFO     | __main__:evaluate_embedding:538 - epoch 470 - joint_emb avg: acc@[1, 5, 10]=[0.59354997 0.7288     0.77235   ], mr=67.659, mrr=0.656
2025-07-19 15:23:58.432 | INFO     | __main__:test:477 - tensor([0.6047, 0.2148, 0.3988, 0.0000, 0.3863, 0.1804], device='cuda:0')
2025-07-19 15:24:01.160 | INFO     | __main__:evaluate_embedding:538 - epoch 480 - joint_emb avg: acc@[1, 5, 10]=[0.60185003 0.74695003 0.79190004], mr=60.602, mrr=0.668
2025-07-19 15:24:22.230 | INFO     | __main__:test:477 - tensor([0.6046, 0.2152, 0.3988, 0.0000, 0.3860, 0.1802], device='cuda:0')
2025-07-19 15:24:24.972 | INFO     | __main__:evaluate_embedding:538 - epoch 490 - joint_emb avg: acc@[1, 5, 10]=[0.60220003 0.7464     0.79209995], mr=60.466, mrr=0.669
2025-07-19 15:24:46.785 | INFO     | __main__:test:477 - tensor([0.4246, 0.2156, 0.3987, 0.0000, 0.3857, 0.1799], device='cuda:0')
2025-07-19 15:24:49.529 | INFO     | __main__:evaluate_embedding:538 - epoch 500 - joint_emb avg: acc@[1, 5, 10]=[0.59645    0.73029995 0.7738    ], mr=67.454, mrr=0.659
2025-07-19 15:25:09.885 | INFO     | __main__:test:477 - tensor([0.4248, 0.2160, 0.3986, 0.0000, 0.3854, 0.1796], device='cuda:0')
2025-07-19 15:25:13.294 | INFO     | __main__:evaluate_embedding:538 - epoch 510 - joint_emb avg: acc@[1, 5, 10]=[0.5957     0.72959995 0.773     ], mr=68.067, mrr=0.659
2025-07-19 15:25:34.176 | INFO     | __main__:test:477 - tensor([0.6043, 0.2163, 0.5779, 0.0000, 0.5644, 0.0000], device='cuda:0')
2025-07-19 15:25:37.565 | INFO     | __main__:evaluate_embedding:538 - epoch 520 - joint_emb avg: acc@[1, 5, 10]=[0.58935    0.72475004 0.7667    ], mr=75.669, mrr=0.652
2025-07-19 15:25:59.058 | INFO     | __main__:test:477 - tensor([0.6042, 0.2167, 0.5776, 0.0000, 0.5639, 0.0000], device='cuda:0')
2025-07-19 15:26:02.451 | INFO     | __main__:evaluate_embedding:538 - epoch 530 - joint_emb avg: acc@[1, 5, 10]=[0.5887     0.72465    0.76594996], mr=75.846, mrr=0.652
2025-07-19 15:26:23.425 | INFO     | __main__:test:477 - tensor([0.6041, 0.2171, 0.3984, 0.0000, 0.3845, 0.1788], device='cuda:0')
2025-07-19 15:26:26.179 | INFO     | __main__:evaluate_embedding:538 - epoch 540 - joint_emb avg: acc@[1, 5, 10]=[0.60195 0.7456  0.79005], mr=61.954, mrr=0.668
2025-07-19 15:26:47.312 | INFO     | __main__:test:477 - tensor([0.4254, 0.2174, 0.2198, 0.1786, 0.2056, 0.1786], device='cuda:0')
2025-07-19 15:26:50.068 | INFO     | __main__:evaluate_embedding:538 - epoch 550 - joint_emb avg: acc@[1, 5, 10]=[0.6048  0.75045 0.7954 ], mr=53.248, mrr=0.671
2025-07-19 15:27:11.051 | INFO     | __main__:test:477 - tensor([0.4256, 0.2179, 0.2200, 0.1783, 0.2055, 0.1783], device='cuda:0')
2025-07-19 15:27:13.784 | INFO     | __main__:evaluate_embedding:538 - epoch 560 - joint_emb avg: acc@[1, 5, 10]=[0.6045  0.75    0.79455], mr=54.480, mrr=0.671
2025-07-19 15:27:35.048 | INFO     | __main__:test:477 - tensor([0.6037, 0.2183, 0.3982, 0.0000, 0.3835, 0.1780], device='cuda:0')
2025-07-19 15:27:37.771 | INFO     | __main__:evaluate_embedding:538 - epoch 570 - joint_emb avg: acc@[1, 5, 10]=[0.60239995 0.746      0.79050004], mr=62.340, mrr=0.668
2025-07-19 15:27:59.329 | INFO     | __main__:test:477 - tensor([0.4258, 0.2187, 0.2204, 0.1777, 0.2054, 0.1777], device='cuda:0')
2025-07-19 15:28:02.174 | INFO     | __main__:evaluate_embedding:538 - epoch 580 - joint_emb avg: acc@[1, 5, 10]=[0.604      0.74955    0.79394996], mr=55.226, mrr=0.670
2025-07-19 15:28:23.730 | INFO     | __main__:test:477 - tensor([0.4259, 0.2192, 0.2206, 0.1775, 0.2053, 0.1774], device='cuda:0')
2025-07-19 15:28:26.579 | INFO     | __main__:evaluate_embedding:538 - epoch 590 - joint_emb avg: acc@[1, 5, 10]=[0.60475004 0.74950004 0.79464996], mr=53.789, mrr=0.671
2025-07-19 15:28:47.759 | INFO     | __main__:test:477 - tensor([0.4260, 0.2196, 0.3980, 0.0000, 0.3824, 0.1772], device='cuda:0')
2025-07-19 15:28:50.583 | INFO     | __main__:evaluate_embedding:538 - epoch 600 - joint_emb avg: acc@[1, 5, 10]=[0.59585    0.7279     0.77030003], mr=70.605, mrr=0.658
2025-07-19 15:29:11.585 | INFO     | __main__:test:477 - tensor([0.6030, 0.2201, 0.3979, 0.0000, 0.3820, 0.1769], device='cuda:0')
2025-07-19 15:29:14.341 | INFO     | __main__:evaluate_embedding:538 - epoch 610 - joint_emb avg: acc@[1, 5, 10]=[0.6019     0.74514997 0.78995   ], mr=62.953, mrr=0.668
2025-07-19 15:29:35.455 | INFO     | __main__:test:477 - tensor([0.6029, 0.2205, 0.3978, 0.1766, 0.3816, 0.0000], device='cuda:0')
2025-07-19 15:29:38.184 | INFO     | __main__:evaluate_embedding:538 - epoch 620 - joint_emb avg: acc@[1, 5, 10]=[0.60155 0.7418  0.7866 ], mr=64.291, mrr=0.666
2025-07-19 15:29:58.769 | INFO     | __main__:test:477 - tensor([0.4264, 0.2210, 0.2214, 0.1763, 0.2050, 0.1763], device='cuda:0')
2025-07-19 15:30:01.506 | INFO     | __main__:evaluate_embedding:538 - epoch 630 - joint_emb avg: acc@[1, 5, 10]=[0.6052  0.74975 0.79375], mr=54.588, mrr=0.671
2025-07-19 15:30:22.332 | INFO     | __main__:test:477 - tensor([0.4265, 0.2214, 0.3977, 0.0000, 0.3809, 0.1760], device='cuda:0')
2025-07-19 15:30:25.725 | INFO     | __main__:evaluate_embedding:538 - epoch 640 - joint_emb avg: acc@[1, 5, 10]=[0.59494996 0.7277     0.76995003], mr=71.135, mrr=0.657
2025-07-19 15:30:46.806 | INFO     | __main__:test:477 - tensor([0.4266, 0.2219, 0.3976, 0.1757, 0.3805, 0.0000], device='cuda:0')
2025-07-19 15:30:49.541 | INFO     | __main__:evaluate_embedding:538 - epoch 650 - joint_emb avg: acc@[1, 5, 10]=[0.59225    0.72545004 0.76795   ], mr=70.381, mrr=0.654
2025-07-19 15:31:10.097 | INFO     | __main__:test:477 - tensor([0.6022, 0.2224, 0.3975, 0.1755, 0.3801, 0.0000], device='cuda:0')
2025-07-19 15:31:12.833 | INFO     | __main__:evaluate_embedding:538 - epoch 660 - joint_emb avg: acc@[1, 5, 10]=[0.60095 0.7413  0.787  ], mr=64.824, mrr=0.666
2025-07-19 15:31:32.912 | INFO     | __main__:test:477 - tensor([0.4268, 0.2229, 0.2222, 0.1752, 0.2046, 0.1752], device='cuda:0')
2025-07-19 15:31:35.660 | INFO     | __main__:evaluate_embedding:538 - epoch 670 - joint_emb avg: acc@[1, 5, 10]=[0.6056  0.75065 0.7937 ], mr=54.726, mrr=0.671
2025-07-19 15:31:56.751 | INFO     | __main__:test:477 - tensor([0.4269, 0.2234, 0.3973, 0.0000, 0.3793, 0.1749], device='cuda:0')
2025-07-19 15:32:00.162 | INFO     | __main__:evaluate_embedding:538 - epoch 680 - joint_emb avg: acc@[1, 5, 10]=[0.59484994 0.7259     0.7679    ], mr=72.751, mrr=0.656
2025-07-19 15:32:21.952 | INFO     | __main__:test:477 - tensor([0.6016, 0.2239, 0.5718, 0.0000, 0.5535, 0.0000], device='cuda:0')
2025-07-19 15:32:25.363 | INFO     | __main__:evaluate_embedding:538 - epoch 690 - joint_emb avg: acc@[1, 5, 10]=[0.58865    0.7201     0.76224995], mr=80.278, mrr=0.650
2025-07-19 15:32:46.441 | INFO     | __main__:test:477 - tensor([0.4271, 0.2244, 0.3971, 0.0000, 0.3785, 0.1743], device='cuda:0')
2025-07-19 15:32:49.170 | INFO     | __main__:evaluate_embedding:538 - epoch 700 - joint_emb avg: acc@[1, 5, 10]=[0.59525 0.7255  0.7684 ], mr=71.787, mrr=0.657
2025-07-19 15:33:10.399 | INFO     | __main__:test:477 - tensor([0.6011, 0.2249, 0.3970, 0.1740, 0.3781, 0.0000], device='cuda:0')
2025-07-19 15:33:13.273 | INFO     | __main__:evaluate_embedding:538 - epoch 710 - joint_emb avg: acc@[1, 5, 10]=[0.5999     0.73965    0.78569996], mr=65.505, mrr=0.665
2025-07-19 15:33:34.568 | INFO     | __main__:test:477 - tensor([0.6009, 0.2253, 0.3969, 0.1737, 0.3777, 0.0000], device='cuda:0')
2025-07-19 15:33:37.304 | INFO     | __main__:evaluate_embedding:538 - epoch 720 - joint_emb avg: acc@[1, 5, 10]=[0.60055 0.73975 0.78585], mr=65.897, mrr=0.665
2025-07-19 15:33:58.477 | INFO     | __main__:test:477 - tensor([0.6007, 0.2259, 0.5703, 0.0000, 0.5507, 0.0000], device='cuda:0')
2025-07-19 15:34:01.880 | INFO     | __main__:evaluate_embedding:538 - epoch 730 - joint_emb avg: acc@[1, 5, 10]=[0.58735    0.7189     0.76014996], mr=81.641, mrr=0.649
2025-07-19 15:34:23.316 | INFO     | __main__:test:477 - tensor([0.4274, 0.2264, 0.2236, 0.1731, 0.2037, 0.1731], device='cuda:0')
2025-07-19 15:34:26.715 | INFO     | __main__:evaluate_embedding:538 - epoch 740 - joint_emb avg: acc@[1, 5, 10]=[0.60535 0.74855 0.79265], mr=56.012, mrr=0.671
2025-07-19 15:34:47.446 | INFO     | __main__:test:477 - tensor([0.4274, 0.2269, 0.2238, 0.1728, 0.2036, 0.1728], device='cuda:0')
2025-07-19 15:34:50.844 | INFO     | __main__:evaluate_embedding:538 - epoch 750 - joint_emb avg: acc@[1, 5, 10]=[0.60485005 0.7473     0.79195   ], mr=57.603, mrr=0.670
2025-07-19 15:35:11.950 | INFO     | __main__:test:477 - tensor([0.4275, 0.2274, 0.2240, 0.1726, 0.2035, 0.1726], device='cuda:0')
2025-07-19 15:35:14.713 | INFO     | __main__:evaluate_embedding:538 - epoch 760 - joint_emb avg: acc@[1, 5, 10]=[0.60555 0.74735 0.79185], mr=55.979, mrr=0.671
2025-07-19 15:35:35.818 | INFO     | __main__:test:477 - tensor([0.4276, 0.2279, 0.2242, 0.1723, 0.2034, 0.1723], device='cuda:0')
2025-07-19 15:35:38.545 | INFO     | __main__:evaluate_embedding:538 - epoch 770 - joint_emb avg: acc@[1, 5, 10]=[0.6054     0.74660003 0.79165   ], mr=57.109, mrr=0.670
2025-07-19 15:35:59.373 | INFO     | __main__:test:477 - tensor([0.4276, 0.2285, 0.2244, 0.1720, 0.2032, 0.1720], device='cuda:0')
2025-07-19 15:36:02.111 | INFO     | __main__:evaluate_embedding:538 - epoch 780 - joint_emb avg: acc@[1, 5, 10]=[0.6059     0.74654996 0.7915    ], mr=56.778, mrr=0.671
2025-07-19 15:36:22.830 | INFO     | __main__:test:477 - tensor([0.5993, 0.2291, 0.3962, 0.1717, 0.3747, 0.0000], device='cuda:0')
2025-07-19 15:36:26.222 | INFO     | __main__:evaluate_embedding:538 - epoch 790 - joint_emb avg: acc@[1, 5, 10]=[0.59975004 0.73955    0.78305   ], mr=68.605, mrr=0.664
2025-07-19 15:36:47.417 | INFO     | __main__:test:477 - tensor([0.5990, 0.2296, 0.3961, 0.0000, 0.3742, 0.1714], device='cuda:0')
2025-07-19 15:36:50.155 | INFO     | __main__:evaluate_embedding:538 - epoch 800 - joint_emb avg: acc@[1, 5, 10]=[0.60185003 0.74255    0.7851    ], mr=67.607, mrr=0.666
2025-07-19 15:37:11.045 | INFO     | __main__:test:477 - tensor([0.5987, 0.2302, 0.3960, 0.1711, 0.3738, 0.0000], device='cuda:0')
2025-07-19 15:37:13.779 | INFO     | __main__:evaluate_embedding:538 - epoch 810 - joint_emb avg: acc@[1, 5, 10]=[0.59975004 0.7401     0.7834    ], mr=67.456, mrr=0.664
2025-07-19 15:37:35.320 | INFO     | __main__:test:477 - tensor([0.5985, 0.2308, 0.3959, 0.0000, 0.3733, 0.1708], device='cuda:0')
2025-07-19 15:37:38.140 | INFO     | __main__:evaluate_embedding:538 - epoch 820 - joint_emb avg: acc@[1, 5, 10]=[0.60150003 0.7424     0.78429997], mr=67.807, mrr=0.666
2025-07-19 15:37:59.549 | INFO     | __main__:test:477 - tensor([0.5982, 0.2313, 0.3958, 0.1705, 0.3729, 0.0000], device='cuda:0')
2025-07-19 15:38:02.291 | INFO     | __main__:evaluate_embedding:538 - epoch 830 - joint_emb avg: acc@[1, 5, 10]=[0.6006  0.73925 0.7826 ], mr=68.433, mrr=0.664
2025-07-19 15:38:23.670 | INFO     | __main__:test:477 - tensor([0.5979, 0.2319, 0.3957, 0.0000, 0.3724, 0.1702], device='cuda:0')
2025-07-19 15:38:26.400 | INFO     | __main__:evaluate_embedding:538 - epoch 840 - joint_emb avg: acc@[1, 5, 10]=[0.60155    0.74154997 0.7831    ], mr=68.479, mrr=0.666
2025-07-19 15:38:47.606 | INFO     | __main__:test:477 - tensor([0.4277, 0.2325, 0.2257, 0.1699, 0.2020, 0.1699], device='cuda:0')
2025-07-19 15:38:51.012 | INFO     | __main__:evaluate_embedding:538 - epoch 850 - joint_emb avg: acc@[1, 5, 10]=[0.60515    0.746      0.79015005], mr=57.200, mrr=0.670
2025-07-19 15:39:12.481 | INFO     | __main__:test:477 - tensor([0.5973, 0.2331, 0.3955, 0.0000, 0.3714, 0.1696], device='cuda:0')
2025-07-19 15:39:15.232 | INFO     | __main__:evaluate_embedding:538 - epoch 860 - joint_emb avg: acc@[1, 5, 10]=[0.60179996 0.74055004 0.78275   ], mr=68.612, mrr=0.666
2025-07-19 15:39:36.639 | INFO     | __main__:test:477 - tensor([0.4277, 0.2337, 0.2261, 0.1693, 0.2017, 0.1693], device='cuda:0')
2025-07-19 15:39:39.378 | INFO     | __main__:evaluate_embedding:538 - epoch 870 - joint_emb avg: acc@[1, 5, 10]=[0.6052  0.7457  0.78925], mr=57.604, mrr=0.670
2025-07-19 15:40:00.742 | INFO     | __main__:test:477 - tensor([0.5967, 0.2343, 0.3952, 0.0000, 0.3705, 0.1690], device='cuda:0')
2025-07-19 15:40:04.141 | INFO     | __main__:evaluate_embedding:538 - epoch 880 - joint_emb avg: acc@[1, 5, 10]=[0.6009     0.74065    0.78260005], mr=68.811, mrr=0.665
2025-07-19 15:40:24.966 | INFO     | __main__:test:477 - tensor([0.4277, 0.2349, 0.2264, 0.1687, 0.2013, 0.1687], device='cuda:0')
2025-07-19 15:40:28.364 | INFO     | __main__:evaluate_embedding:538 - epoch 890 - joint_emb avg: acc@[1, 5, 10]=[0.60574996 0.74535    0.78884995], mr=59.070, mrr=0.670
2025-07-19 15:40:49.165 | INFO     | __main__:test:477 - tensor([0.5961, 0.2356, 0.3950, 0.1684, 0.3695, 0.0000], device='cuda:0')
2025-07-19 15:40:52.555 | INFO     | __main__:evaluate_embedding:538 - epoch 900 - joint_emb avg: acc@[1, 5, 10]=[0.6009  0.7377  0.78045], mr=68.738, mrr=0.664
2025-07-19 15:41:14.187 | INFO     | __main__:test:477 - tensor([0.4276, 0.2362, 0.2268, 0.1681, 0.2009, 0.1681], device='cuda:0')
2025-07-19 15:41:16.924 | INFO     | __main__:evaluate_embedding:538 - epoch 910 - joint_emb avg: acc@[1, 5, 10]=[0.6057     0.74585    0.78900003], mr=57.852, mrr=0.670
2025-07-19 15:41:38.068 | INFO     | __main__:test:477 - tensor([0.4276, 0.2368, 0.2270, 0.1678, 0.2007, 0.1678], device='cuda:0')
2025-07-19 15:41:40.813 | INFO     | __main__:evaluate_embedding:538 - epoch 920 - joint_emb avg: acc@[1, 5, 10]=[0.60520005 0.7439     0.78775   ], mr=59.040, mrr=0.669
2025-07-19 15:42:01.841 | INFO     | __main__:test:477 - tensor([0.5951, 0.2374, 0.3946, 0.1675, 0.3680, 0.0000], device='cuda:0')
2025-07-19 15:42:04.601 | INFO     | __main__:evaluate_embedding:538 - epoch 930 - joint_emb avg: acc@[1, 5, 10]=[0.60010004 0.7365     0.77925   ], mr=70.526, mrr=0.663
2025-07-19 15:42:25.818 | INFO     | __main__:test:477 - tensor([0.5948, 0.2380, 0.3945, 0.0000, 0.3675, 0.1672], device='cuda:0')
2025-07-19 15:42:29.224 | INFO     | __main__:evaluate_embedding:538 - epoch 940 - joint_emb avg: acc@[1, 5, 10]=[0.59965    0.7386     0.78075004], mr=70.928, mrr=0.664
2025-07-19 15:42:50.372 | INFO     | __main__:test:477 - tensor([0.5944, 0.2387, 0.3944, 0.0000, 0.3669, 0.1669], device='cuda:0')
2025-07-19 15:42:53.098 | INFO     | __main__:evaluate_embedding:538 - epoch 950 - joint_emb avg: acc@[1, 5, 10]=[0.60010004 0.7378     0.78040004], mr=71.335, mrr=0.664
2025-07-19 15:43:14.180 | INFO     | __main__:test:477 - tensor([0.5941, 0.2394, 0.3942, 0.1666, 0.3664, 0.0000], device='cuda:0')
2025-07-19 15:43:17.022 | INFO     | __main__:evaluate_embedding:538 - epoch 960 - joint_emb avg: acc@[1, 5, 10]=[0.5997  0.73585 0.7793 ], mr=70.605, mrr=0.663
2025-07-19 15:43:38.014 | INFO     | __main__:test:477 - tensor([0.4274, 0.2400, 0.3941, 0.1663, 0.3659, 0.0000], device='cuda:0')
2025-07-19 15:43:40.759 | INFO     | __main__:evaluate_embedding:538 - epoch 970 - joint_emb avg: acc@[1, 5, 10]=[0.5882     0.71535003 0.75804996], mr=78.426, mrr=0.648
2025-07-19 15:44:02.641 | INFO     | __main__:test:477 - tensor([0.5934, 0.2407, 0.5600, 0.0000, 0.5314, 0.0000], device='cuda:0')
2025-07-19 15:44:05.597 | INFO     | __main__:evaluate_embedding:538 - epoch 980 - joint_emb avg: acc@[1, 5, 10]=[0.58515    0.71080005 0.75165   ], mr=87.996, mrr=0.644
2025-07-19 15:44:27.189 | INFO     | __main__:test:477 - tensor([0.4273, 0.2413, 0.2282, 0.1657, 0.1991, 0.1657], device='cuda:0')
2025-07-19 15:44:29.933 | INFO     | __main__:evaluate_embedding:538 - epoch 990 - joint_emb avg: acc@[1, 5, 10]=[0.60539997 0.74315    0.7859    ], mr=60.863, mrr=0.669
2025-07-19 15:44:48.456 | INFO     | __main__:<module>:553 - Best avg epoch <670>: acc@[1, 5, 10]=[0.6056  0.75065 0.7937 ], mr=54.726, mrr=0.671
