2025-07-18 06:40:32.904 | INFO     | __main__:init_data:240 - use data/FB15K_DB15K_0.5_train_ill.npy
2025-07-18 06:40:33.018 | INFO     | model:__init__:118 - weight :tensor([[0.],
        [0.],
        [0.],
        [0.],
        [0.],
        [0.],
        [0.]])
2025-07-18 06:40:33.019 | INFO     | model:__init__:132 - combo_indices :[1, 7, 31, 19, 4, 16, 20]
2025-07-18 06:40:34.299 | INFO     | __main__:train:367 - Namespace(file_dir='data/mmkb-datasets/FB15K_DB15K', rate=0.5, seed=42, epochs=1000, check_point=10, hidden_units='300,300,300', heads='2,2', instance_normalization=False, lr=0.0005, dropout=0.0, attn_dropout=0.0, gph_dim=300, n_exp=5, device='cuda', topk=5, csls=True, csls_k=3, il_start=500, bsize=512, tau=0.1, tau2=4.0, feat_dim=300, use_project_head=False, zoom=0.1, reduction='mean', train_ill_path='data/FB15K_DB15K_0.5_train_ill.npy', fusion_weight_dim=0)
2025-07-18 06:43:26.743 | INFO     | __main__:test:477 - tensor([0.3990, 0.2005, 0.1996, 0.2002, 0.3990, 0.2002], device='cuda:0')
2025-07-18 06:43:28.826 | INFO     | __main__:evaluate_embedding:538 - epoch 10 - joint_emb avg: acc@[1, 5, 10]=[0.44065    0.63165    0.70669997], mr=51.975, mrr=0.532
2025-07-18 06:45:29.214 | INFO     | __main__:test:477 - tensor([0.4007, 0.2004, 0.2004, 0.1994, 0.4007, 0.1995], device='cuda:0')
2025-07-18 06:45:31.302 | INFO     | __main__:evaluate_embedding:538 - epoch 20 - joint_emb avg: acc@[1, 5, 10]=[0.60025 0.76035 0.81215], mr=30.537, mrr=0.675
2025-07-18 06:47:35.987 | INFO     | __main__:test:477 - tensor([0.6016, 0.1998, 0.5990, 0.0000, 0.6008, 0.0000], device='cuda:0')
2025-07-18 06:47:38.046 | INFO     | __main__:evaluate_embedding:538 - epoch 30 - joint_emb avg: acc@[1, 5, 10]=[0.65915 0.7981  0.842  ], mr=23.567, mrr=0.724
2025-07-18 06:49:41.684 | INFO     | __main__:test:477 - tensor([0.6031, 0.1993, 0.4014, 0.1977, 0.4029, 0.0000], device='cuda:0')
2025-07-18 06:49:43.782 | INFO     | __main__:evaluate_embedding:538 - epoch 40 - joint_emb avg: acc@[1, 5, 10]=[0.7076  0.82905 0.87005], mr=18.202, mrr=0.764
2025-07-18 06:52:10.363 | INFO     | __main__:test:477 - tensor([0.6043, 0.1987, 0.5991, 0.0000, 0.6001, 0.0000], device='cuda:0')
2025-07-18 06:52:12.378 | INFO     | __main__:evaluate_embedding:538 - epoch 50 - joint_emb avg: acc@[1, 5, 10]=[0.70265    0.8296     0.86724997], mr=19.799, mrr=0.761
2025-07-18 06:53:57.258 | INFO     | __main__:test:477 - tensor([0.6055, 0.1981, 0.5992, 0.0000, 0.5996, 0.0000], device='cuda:0')
2025-07-18 06:53:59.359 | INFO     | __main__:evaluate_embedding:538 - epoch 60 - joint_emb avg: acc@[1, 5, 10]=[0.7128  0.83645 0.8746 ], mr=19.025, mrr=0.770
2025-07-18 06:55:46.014 | INFO     | __main__:test:477 - tensor([0.6065, 0.1977, 0.4034, 0.0000, 0.4033, 0.1958], device='cuda:0')
2025-07-18 06:55:48.074 | INFO     | __main__:evaluate_embedding:538 - epoch 70 - joint_emb avg: acc@[1, 5, 10]=[0.72935 0.84765 0.8846 ], mr=16.224, mrr=0.784
2025-07-18 06:57:31.979 | INFO     | __main__:test:477 - tensor([0.6074, 0.1973, 0.5992, 0.0000, 0.5985, 0.0000], device='cuda:0')
2025-07-18 06:57:34.020 | INFO     | __main__:evaluate_embedding:538 - epoch 80 - joint_emb avg: acc@[1, 5, 10]=[0.7213 0.8434 0.8793], mr=18.571, mrr=0.777
2025-07-18 06:59:17.016 | INFO     | __main__:test:477 - tensor([0.6083, 0.1970, 0.4044, 0.0000, 0.4031, 0.1948], device='cuda:0')
2025-07-18 06:59:19.060 | INFO     | __main__:evaluate_embedding:538 - epoch 90 - joint_emb avg: acc@[1, 5, 10]=[0.7312  0.8531  0.88945], mr=16.237, mrr=0.786
2025-07-18 07:01:25.367 | INFO     | __main__:test:477 - tensor([0.6090, 0.1968, 0.4047, 0.0000, 0.4029, 0.1942], device='cuda:0')
2025-07-18 07:01:27.534 | INFO     | __main__:evaluate_embedding:538 - epoch 100 - joint_emb avg: acc@[1, 5, 10]=[0.73214996 0.8542     0.89024997], mr=16.311, mrr=0.788
2025-07-18 07:02:50.375 | INFO     | __main__:test:477 - tensor([0.6096, 0.1967, 0.5988, 0.0000, 0.5964, 0.0000], device='cuda:0')
2025-07-18 07:02:52.379 | INFO     | __main__:evaluate_embedding:538 - epoch 110 - joint_emb avg: acc@[1, 5, 10]=[0.7254  0.8472  0.88275], mr=18.482, mrr=0.781
2025-07-18 07:04:21.656 | INFO     | __main__:test:477 - tensor([0.6101, 0.1965, 0.5986, 0.0000, 0.5958, 0.0000], device='cuda:0')
2025-07-18 07:04:24.090 | INFO     | __main__:evaluate_embedding:538 - epoch 120 - joint_emb avg: acc@[1, 5, 10]=[0.72465 0.84765 0.883  ], mr=18.508, mrr=0.781
2025-07-18 07:05:46.004 | INFO     | __main__:test:477 - tensor([0.6106, 0.1965, 0.5985, 0.0000, 0.5951, 0.0000], device='cuda:0')
2025-07-18 07:05:48.006 | INFO     | __main__:evaluate_embedding:538 - epoch 130 - joint_emb avg: acc@[1, 5, 10]=[0.7261     0.84805    0.88304996], mr=18.558, mrr=0.782
2025-07-18 07:07:13.866 | INFO     | __main__:test:477 - tensor([0.6111, 0.1964, 0.5983, 0.0000, 0.5944, 0.0000], device='cuda:0')
2025-07-18 07:07:15.928 | INFO     | __main__:evaluate_embedding:538 - epoch 140 - joint_emb avg: acc@[1, 5, 10]=[0.727      0.84825003 0.8834    ], mr=18.665, mrr=0.782
2025-07-18 07:08:56.159 | INFO     | __main__:test:477 - tensor([0.6115, 0.1965, 0.4060, 0.1920, 0.4016, 0.0000], device='cuda:0')
2025-07-18 07:08:58.139 | INFO     | __main__:evaluate_embedding:538 - epoch 150 - joint_emb avg: acc@[1, 5, 10]=[0.73285 0.8576  0.8931 ], mr=17.047, mrr=0.790
2025-07-18 07:10:05.174 | INFO     | __main__:test:477 - tensor([0.6119, 0.1965, 0.4062, 0.1917, 0.4013, 0.0000], device='cuda:0')
2025-07-18 07:10:07.260 | INFO     | __main__:evaluate_embedding:538 - epoch 160 - joint_emb avg: acc@[1, 5, 10]=[0.73345006 0.8576     0.89250004], mr=17.171, mrr=0.790
2025-07-18 07:11:17.758 | INFO     | __main__:test:477 - tensor([0.6122, 0.1965, 0.4063, 0.0000, 0.4011, 0.1913], device='cuda:0')
2025-07-18 07:11:19.845 | INFO     | __main__:evaluate_embedding:538 - epoch 170 - joint_emb avg: acc@[1, 5, 10]=[0.73440003 0.8583     0.89295   ], mr=16.968, mrr=0.791
2025-07-18 07:12:29.084 | INFO     | __main__:test:477 - tensor([0.6125, 0.1966, 0.4065, 0.1910, 0.4008, 0.0000], device='cuda:0')
2025-07-18 07:12:31.126 | INFO     | __main__:evaluate_embedding:538 - epoch 180 - joint_emb avg: acc@[1, 5, 10]=[0.73399997 0.8589     0.89275   ], mr=17.348, mrr=0.791
2025-07-18 07:13:37.612 | INFO     | __main__:test:477 - tensor([0.6127, 0.1967, 0.4066, 0.0000, 0.4005, 0.1906], device='cuda:0')
2025-07-18 07:13:39.699 | INFO     | __main__:evaluate_embedding:538 - epoch 190 - joint_emb avg: acc@[1, 5, 10]=[0.73465 0.8589  0.89235], mr=17.173, mrr=0.791
2025-07-18 07:15:00.592 | INFO     | __main__:test:477 - tensor([0.6130, 0.1968, 0.4067, 0.1903, 0.4002, 0.0000], device='cuda:0')
2025-07-18 07:15:02.565 | INFO     | __main__:evaluate_embedding:538 - epoch 200 - joint_emb avg: acc@[1, 5, 10]=[0.73485005 0.8598     0.8928    ], mr=17.547, mrr=0.792
2025-07-18 07:15:51.935 | INFO     | __main__:test:477 - tensor([0.6132, 0.1968, 0.4068, 0.0000, 0.3999, 0.1900], device='cuda:0')
2025-07-18 07:15:53.972 | INFO     | __main__:evaluate_embedding:538 - epoch 210 - joint_emb avg: acc@[1, 5, 10]=[0.73595 0.8603  0.89245], mr=17.272, mrr=0.792
2025-07-18 07:16:43.733 | INFO     | __main__:test:477 - tensor([0.6133, 0.1969, 0.4069, 0.1897, 0.3996, 0.0000], device='cuda:0')
2025-07-18 07:16:45.785 | INFO     | __main__:evaluate_embedding:538 - epoch 220 - joint_emb avg: acc@[1, 5, 10]=[0.7358     0.86010003 0.89250004], mr=17.353, mrr=0.792
2025-07-18 07:17:34.887 | INFO     | __main__:test:477 - tensor([0.6135, 0.1970, 0.4069, 0.1895, 0.3994, 0.0000], device='cuda:0')
2025-07-18 07:17:36.975 | INFO     | __main__:evaluate_embedding:538 - epoch 230 - joint_emb avg: acc@[1, 5, 10]=[0.7362  0.8605  0.89295], mr=17.261, mrr=0.793
2025-07-18 07:18:26.346 | INFO     | __main__:test:477 - tensor([0.6136, 0.1971, 0.4070, 0.0000, 0.3991, 0.1893], device='cuda:0')
2025-07-18 07:18:28.353 | INFO     | __main__:evaluate_embedding:538 - epoch 240 - joint_emb avg: acc@[1, 5, 10]=[0.73675 0.861   0.89275], mr=17.424, mrr=0.793
2025-07-18 07:19:15.635 | INFO     | __main__:test:477 - tensor([0.6137, 0.1973, 0.4070, 0.1890, 0.3988, 0.0000], device='cuda:0')
2025-07-18 07:19:17.684 | INFO     | __main__:evaluate_embedding:538 - epoch 250 - joint_emb avg: acc@[1, 5, 10]=[0.7366     0.86125004 0.8933    ], mr=17.052, mrr=0.793
2025-07-18 07:19:46.198 | INFO     | __main__:test:477 - tensor([0.6138, 0.1974, 0.4071, 0.1888, 0.3986, 0.0000], device='cuda:0')
2025-07-18 07:19:48.244 | INFO     | __main__:evaluate_embedding:538 - epoch 260 - joint_emb avg: acc@[1, 5, 10]=[0.73705    0.8612     0.89390004], mr=17.012, mrr=0.793
2025-07-18 07:20:16.450 | INFO     | __main__:test:477 - tensor([0.6139, 0.1974, 0.4071, 0.0000, 0.3984, 0.1887], device='cuda:0')
2025-07-18 07:20:18.415 | INFO     | __main__:evaluate_embedding:538 - epoch 270 - joint_emb avg: acc@[1, 5, 10]=[0.7365  0.86175 0.89295], mr=17.484, mrr=0.793
2025-07-18 07:20:47.355 | INFO     | __main__:test:477 - tensor([0.6139, 0.1975, 0.4071, 0.0000, 0.3983, 0.1885], device='cuda:0')
2025-07-18 07:20:49.331 | INFO     | __main__:evaluate_embedding:538 - epoch 280 - joint_emb avg: acc@[1, 5, 10]=[0.73625 0.86175 0.893  ], mr=17.538, mrr=0.793
2025-07-18 07:21:18.098 | INFO     | __main__:test:477 - tensor([0.6140, 0.1976, 0.5956, 0.0000, 0.5865, 0.0000], device='cuda:0')
2025-07-18 07:21:20.064 | INFO     | __main__:evaluate_embedding:538 - epoch 290 - joint_emb avg: acc@[1, 5, 10]=[0.7302     0.84905005 0.88294995], mr=19.239, mrr=0.785
2025-07-18 07:21:47.913 | INFO     | __main__:test:477 - tensor([0.6140, 0.1977, 0.4071, 0.0000, 0.3979, 0.1883], device='cuda:0')
2025-07-18 07:21:50.376 | INFO     | __main__:evaluate_embedding:538 - epoch 300 - joint_emb avg: acc@[1, 5, 10]=[0.7367  0.86185 0.89265], mr=17.595, mrr=0.793
2025-07-18 07:22:18.239 | INFO     | __main__:test:477 - tensor([0.6140, 0.1978, 0.4072, 0.1882, 0.3977, 0.0000], device='cuda:0')
2025-07-18 07:22:20.225 | INFO     | __main__:evaluate_embedding:538 - epoch 310 - joint_emb avg: acc@[1, 5, 10]=[0.73685    0.86230004 0.89435   ], mr=16.935, mrr=0.793
2025-07-18 07:22:47.899 | INFO     | __main__:test:477 - tensor([0.6141, 0.1979, 0.4072, 0.1880, 0.3975, 0.0000], device='cuda:0')
2025-07-18 07:22:49.872 | INFO     | __main__:evaluate_embedding:538 - epoch 320 - joint_emb avg: acc@[1, 5, 10]=[0.7367  0.8623  0.89405], mr=16.811, mrr=0.793
2025-07-18 07:23:16.546 | INFO     | __main__:test:477 - tensor([0.6141, 0.1980, 0.5951, 0.0000, 0.5853, 0.0000], device='cuda:0')
2025-07-18 07:23:18.523 | INFO     | __main__:evaluate_embedding:538 - epoch 330 - joint_emb avg: acc@[1, 5, 10]=[0.73095 0.85005 0.88315], mr=19.341, mrr=0.786
2025-07-18 07:23:46.575 | INFO     | __main__:test:477 - tensor([0.6141, 0.1981, 0.4072, 0.1878, 0.3971, 0.0000], device='cuda:0')
2025-07-18 07:23:48.535 | INFO     | __main__:evaluate_embedding:538 - epoch 340 - joint_emb avg: acc@[1, 5, 10]=[0.73705    0.8628     0.89365005], mr=16.743, mrr=0.794
2025-07-18 07:24:16.693 | INFO     | __main__:test:477 - tensor([0.6141, 0.1982, 0.4071, 0.0000, 0.3969, 0.1877], device='cuda:0')
2025-07-18 07:24:19.168 | INFO     | __main__:evaluate_embedding:538 - epoch 350 - joint_emb avg: acc@[1, 5, 10]=[0.7382  0.86235 0.8934 ], mr=17.791, mrr=0.794
2025-07-18 07:24:46.657 | INFO     | __main__:test:477 - tensor([0.6141, 0.1984, 0.4071, 0.1875, 0.3967, 0.0000], device='cuda:0')
2025-07-18 07:24:48.625 | INFO     | __main__:evaluate_embedding:538 - epoch 360 - joint_emb avg: acc@[1, 5, 10]=[0.7373     0.8631     0.89390004], mr=16.963, mrr=0.794
2025-07-18 07:25:16.575 | INFO     | __main__:test:477 - tensor([0.6141, 0.1985, 0.4071, 0.1874, 0.3965, 0.0000], device='cuda:0')
2025-07-18 07:25:18.551 | INFO     | __main__:evaluate_embedding:538 - epoch 370 - joint_emb avg: acc@[1, 5, 10]=[0.7375     0.86300004 0.89390004], mr=16.968, mrr=0.794
2025-07-18 07:25:47.097 | INFO     | __main__:test:477 - tensor([0.6141, 0.1987, 0.5944, 0.0000, 0.5835, 0.0000], device='cuda:0')
2025-07-18 07:25:49.084 | INFO     | __main__:evaluate_embedding:538 - epoch 380 - joint_emb avg: acc@[1, 5, 10]=[0.7312     0.84975004 0.88329995], mr=19.461, mrr=0.786
2025-07-18 07:26:16.894 | INFO     | __main__:test:477 - tensor([0.6141, 0.1988, 0.4071, 0.1871, 0.3960, 0.0000], device='cuda:0')
2025-07-18 07:26:19.366 | INFO     | __main__:evaluate_embedding:538 - epoch 390 - joint_emb avg: acc@[1, 5, 10]=[0.73775    0.8634     0.89390004], mr=17.328, mrr=0.794
2025-07-18 07:26:46.447 | INFO     | __main__:test:477 - tensor([0.6141, 0.1990, 0.4071, 0.1870, 0.3958, 0.0000], device='cuda:0')
2025-07-18 07:26:48.399 | INFO     | __main__:evaluate_embedding:538 - epoch 400 - joint_emb avg: acc@[1, 5, 10]=[0.7379     0.86259997 0.89419997], mr=16.967, mrr=0.794
2025-07-18 07:27:16.741 | INFO     | __main__:test:477 - tensor([0.6140, 0.1991, 0.4070, 0.1868, 0.3955, 0.0000], device='cuda:0')
2025-07-18 07:27:19.209 | INFO     | __main__:evaluate_embedding:538 - epoch 410 - joint_emb avg: acc@[1, 5, 10]=[0.73784995 0.86300004 0.8943    ], mr=17.070, mrr=0.794
2025-07-18 07:27:45.986 | INFO     | __main__:test:477 - tensor([0.6140, 0.1993, 0.4070, 0.1867, 0.3953, 0.0000], device='cuda:0')
2025-07-18 07:27:47.962 | INFO     | __main__:evaluate_embedding:538 - epoch 420 - joint_emb avg: acc@[1, 5, 10]=[0.73759997 0.86355    0.89425004], mr=17.032, mrr=0.794
2025-07-18 07:28:15.628 | INFO     | __main__:test:477 - tensor([0.6140, 0.1994, 0.5935, 0.0000, 0.5816, 0.0000], device='cuda:0')
2025-07-18 07:28:18.098 | INFO     | __main__:evaluate_embedding:538 - epoch 430 - joint_emb avg: acc@[1, 5, 10]=[0.73205 0.8498  0.88245], mr=19.619, mrr=0.786
2025-07-18 07:28:46.329 | INFO     | __main__:test:477 - tensor([0.6139, 0.1996, 0.4069, 0.1864, 0.3948, 0.0000], device='cuda:0')
2025-07-18 07:28:48.298 | INFO     | __main__:evaluate_embedding:538 - epoch 440 - joint_emb avg: acc@[1, 5, 10]=[0.73765004 0.8629     0.89445   ], mr=17.122, mrr=0.794
2025-07-18 07:29:16.936 | INFO     | __main__:test:477 - tensor([0.6139, 0.1998, 0.4069, 0.0000, 0.3945, 0.1863], device='cuda:0')
2025-07-18 07:29:18.991 | INFO     | __main__:evaluate_embedding:538 - epoch 450 - joint_emb avg: acc@[1, 5, 10]=[0.73800004 0.8624     0.89265   ], mr=18.211, mrr=0.794
2025-07-18 07:29:47.538 | INFO     | __main__:test:477 - tensor([0.6139, 0.2000, 0.4069, 0.1861, 0.3942, 0.0000], device='cuda:0')
2025-07-18 07:29:49.512 | INFO     | __main__:evaluate_embedding:538 - epoch 460 - joint_emb avg: acc@[1, 5, 10]=[0.73805    0.86259997 0.8946    ], mr=17.108, mrr=0.795
2025-07-18 07:30:17.474 | INFO     | __main__:test:477 - tensor([0.6138, 0.2002, 0.4068, 0.1860, 0.3940, 0.0000], device='cuda:0')
2025-07-18 07:30:19.449 | INFO     | __main__:evaluate_embedding:538 - epoch 470 - joint_emb avg: acc@[1, 5, 10]=[0.73775 0.86315 0.89415], mr=17.247, mrr=0.794
2025-07-18 07:30:47.673 | INFO     | __main__:test:477 - tensor([0.6138, 0.2004, 0.4068, 0.1858, 0.3937, 0.0000], device='cuda:0')
2025-07-18 07:30:49.641 | INFO     | __main__:evaluate_embedding:538 - epoch 480 - joint_emb avg: acc@[1, 5, 10]=[0.7377 0.8629 0.8945], mr=17.162, mrr=0.794
2025-07-18 07:31:17.843 | INFO     | __main__:test:477 - tensor([0.6137, 0.2006, 0.4067, 0.1857, 0.3934, 0.0000], device='cuda:0')
2025-07-18 07:31:20.308 | INFO     | __main__:evaluate_embedding:538 - epoch 490 - joint_emb avg: acc@[1, 5, 10]=[0.73749995 0.8628     0.89435005], mr=17.190, mrr=0.794
2025-07-18 07:31:48.062 | INFO     | __main__:test:477 - tensor([0.6136, 0.2008, 0.4067, 0.1856, 0.3931, 0.0000], device='cuda:0')
2025-07-18 07:31:50.028 | INFO     | __main__:evaluate_embedding:538 - epoch 500 - joint_emb avg: acc@[1, 5, 10]=[0.73755    0.86259997 0.89445   ], mr=17.194, mrr=0.794
2025-07-18 07:32:17.455 | INFO     | __main__:test:477 - tensor([0.6136, 0.2010, 0.4066, 0.1854, 0.3928, 0.0000], device='cuda:0')
2025-07-18 07:32:19.920 | INFO     | __main__:evaluate_embedding:538 - epoch 510 - joint_emb avg: acc@[1, 5, 10]=[0.73755    0.86259997 0.8939    ], mr=17.297, mrr=0.794
2025-07-18 07:32:47.304 | INFO     | __main__:test:477 - tensor([0.6135, 0.2013, 0.5918, 0.0000, 0.5777, 0.0000], device='cuda:0')
2025-07-18 07:32:49.265 | INFO     | __main__:evaluate_embedding:538 - epoch 520 - joint_emb avg: acc@[1, 5, 10]=[0.7317 0.8493 0.8809], mr=19.920, mrr=0.786
2025-07-18 07:33:17.098 | INFO     | __main__:test:477 - tensor([0.6134, 0.2015, 0.4065, 0.1851, 0.3922, 0.0000], device='cuda:0')
2025-07-18 07:33:19.568 | INFO     | __main__:evaluate_embedding:538 - epoch 530 - joint_emb avg: acc@[1, 5, 10]=[0.73749995 0.862      0.89415   ], mr=17.312, mrr=0.794
2025-07-18 07:33:48.001 | INFO     | __main__:test:477 - tensor([0.6133, 0.2017, 0.4064, 0.1849, 0.3919, 0.0000], device='cuda:0')
2025-07-18 07:33:50.493 | INFO     | __main__:evaluate_embedding:538 - epoch 540 - joint_emb avg: acc@[1, 5, 10]=[0.73794997 0.86235    0.8943    ], mr=17.295, mrr=0.795
2025-07-18 07:34:18.932 | INFO     | __main__:test:477 - tensor([0.6133, 0.2020, 0.4064, 0.1847, 0.3916, 0.0000], device='cuda:0')
2025-07-18 07:34:20.900 | INFO     | __main__:evaluate_embedding:538 - epoch 550 - joint_emb avg: acc@[1, 5, 10]=[0.73794997 0.86235    0.89425004], mr=17.387, mrr=0.795
2025-07-18 07:34:50.008 | INFO     | __main__:test:477 - tensor([0.6132, 0.2024, 0.5908, 0.0000, 0.5757, 0.0000], device='cuda:0')
2025-07-18 07:34:51.980 | INFO     | __main__:evaluate_embedding:538 - epoch 560 - joint_emb avg: acc@[1, 5, 10]=[0.7313     0.84854996 0.8809    ], mr=20.068, mrr=0.786
2025-07-18 07:35:20.223 | INFO     | __main__:test:477 - tensor([0.4291, 0.2027, 0.4064, 0.0000, 0.3910, 0.1841], device='cuda:0')
2025-07-18 07:35:22.190 | INFO     | __main__:evaluate_embedding:538 - epoch 570 - joint_emb avg: acc@[1, 5, 10]=[0.7336     0.85105    0.88275003], mr=19.661, mrr=0.788
2025-07-18 07:35:49.453 | INFO     | __main__:test:477 - tensor([0.4293, 0.2030, 0.2225, 0.1839, 0.2068, 0.1839], device='cuda:0')
2025-07-18 07:35:51.431 | INFO     | __main__:evaluate_embedding:538 - epoch 580 - joint_emb avg: acc@[1, 5, 10]=[0.73875 0.862   0.89405], mr=17.495, mrr=0.795
2025-07-18 07:36:18.992 | INFO     | __main__:test:477 - tensor([0.6131, 0.2034, 0.4063, 0.1836, 0.3903, 0.0000], device='cuda:0')
2025-07-18 07:36:20.955 | INFO     | __main__:evaluate_embedding:538 - epoch 590 - joint_emb avg: acc@[1, 5, 10]=[0.73819995 0.86259997 0.89384997], mr=17.543, mrr=0.795
2025-07-18 07:36:49.706 | INFO     | __main__:test:477 - tensor([0.6130, 0.2037, 0.4063, 0.1833, 0.3900, 0.0000], device='cuda:0')
2025-07-18 07:36:51.677 | INFO     | __main__:evaluate_embedding:538 - epoch 600 - joint_emb avg: acc@[1, 5, 10]=[0.73819995 0.86285    0.89444995], mr=17.521, mrr=0.795
2025-07-18 07:37:20.435 | INFO     | __main__:test:477 - tensor([0.6129, 0.2041, 0.4062, 0.1830, 0.3897, 0.0000], device='cuda:0')
2025-07-18 07:37:22.904 | INFO     | __main__:evaluate_embedding:538 - epoch 610 - joint_emb avg: acc@[1, 5, 10]=[0.73819995 0.86329997 0.89415   ], mr=17.530, mrr=0.795
2025-07-18 07:37:50.538 | INFO     | __main__:test:477 - tensor([0.4302, 0.2045, 0.2235, 0.1827, 0.2067, 0.1827], device='cuda:0')
2025-07-18 07:37:52.561 | INFO     | __main__:evaluate_embedding:538 - epoch 620 - joint_emb avg: acc@[1, 5, 10]=[0.73870003 0.86259997 0.89390004], mr=17.496, mrr=0.795
2025-07-18 07:38:21.921 | INFO     | __main__:test:477 - tensor([0.4304, 0.2048, 0.2238, 0.1824, 0.2066, 0.1824], device='cuda:0')
2025-07-18 07:38:23.902 | INFO     | __main__:evaluate_embedding:538 - epoch 630 - joint_emb avg: acc@[1, 5, 10]=[0.7386  0.86225 0.89335], mr=17.565, mrr=0.795
2025-07-18 07:38:52.168 | INFO     | __main__:test:477 - tensor([0.6127, 0.2052, 0.4061, 0.1821, 0.3887, 0.0000], device='cuda:0')
2025-07-18 07:38:54.154 | INFO     | __main__:evaluate_embedding:538 - epoch 640 - joint_emb avg: acc@[1, 5, 10]=[0.7383     0.8619     0.89390004], mr=17.829, mrr=0.795
2025-07-18 07:39:22.548 | INFO     | __main__:test:477 - tensor([0.6126, 0.2056, 0.4061, 0.1818, 0.3884, 0.0000], device='cuda:0')
2025-07-18 07:39:24.555 | INFO     | __main__:evaluate_embedding:538 - epoch 650 - joint_emb avg: acc@[1, 5, 10]=[0.73835003 0.86259997 0.89390004], mr=17.822, mrr=0.795
2025-07-18 07:39:53.771 | INFO     | __main__:test:477 - tensor([0.4310, 0.2059, 0.4061, 0.1815, 0.3880, 0.0000], device='cuda:0')
2025-07-18 07:39:55.788 | INFO     | __main__:evaluate_embedding:538 - epoch 660 - joint_emb avg: acc@[1, 5, 10]=[0.7328     0.85235    0.88600004], mr=17.874, mrr=0.788
2025-07-18 07:40:22.957 | INFO     | __main__:test:477 - tensor([0.4312, 0.2063, 0.2248, 0.1812, 0.2064, 0.1812], device='cuda:0')
2025-07-18 07:40:24.950 | INFO     | __main__:evaluate_embedding:538 - epoch 670 - joint_emb avg: acc@[1, 5, 10]=[0.73875 0.86245 0.89415], mr=17.946, mrr=0.795
2025-07-18 07:40:53.885 | INFO     | __main__:test:477 - tensor([0.6124, 0.2067, 0.4060, 0.1810, 0.3873, 0.0000], device='cuda:0')
2025-07-18 07:40:56.363 | INFO     | __main__:evaluate_embedding:538 - epoch 680 - joint_emb avg: acc@[1, 5, 10]=[0.73880005 0.86205    0.89365   ], mr=17.698, mrr=0.795
2025-07-18 07:41:23.537 | INFO     | __main__:test:477 - tensor([0.4316, 0.2071, 0.2253, 0.1807, 0.2063, 0.1807], device='cuda:0')
2025-07-18 07:41:25.520 | INFO     | __main__:evaluate_embedding:538 - epoch 690 - joint_emb avg: acc@[1, 5, 10]=[0.73875    0.86235    0.89390004], mr=17.668, mrr=0.795
2025-07-18 07:41:53.928 | INFO     | __main__:test:477 - tensor([0.6122, 0.2075, 0.5863, 0.0000, 0.5670, 0.0000], device='cuda:0')
2025-07-18 07:41:55.927 | INFO     | __main__:evaluate_embedding:538 - epoch 700 - joint_emb avg: acc@[1, 5, 10]=[0.73160005 0.84819996 0.8802    ], mr=20.534, mrr=0.786
2025-07-18 07:42:24.656 | INFO     | __main__:test:477 - tensor([0.4320, 0.2078, 0.2258, 0.1801, 0.2062, 0.1801], device='cuda:0')
2025-07-18 07:42:26.696 | INFO     | __main__:evaluate_embedding:538 - epoch 710 - joint_emb avg: acc@[1, 5, 10]=[0.7394 0.8619 0.8938], mr=17.806, mrr=0.795
2025-07-18 07:42:54.737 | INFO     | __main__:test:477 - tensor([0.6120, 0.2082, 0.4058, 0.1798, 0.3860, 0.0000], device='cuda:0')
2025-07-18 07:42:56.778 | INFO     | __main__:evaluate_embedding:538 - epoch 720 - joint_emb avg: acc@[1, 5, 10]=[0.73855 0.86175 0.89345], mr=17.922, mrr=0.795
2025-07-18 07:43:25.174 | INFO     | __main__:test:477 - tensor([0.4324, 0.2086, 0.2263, 0.1795, 0.2061, 0.1795], device='cuda:0')
2025-07-18 07:43:27.144 | INFO     | __main__:evaluate_embedding:538 - epoch 730 - joint_emb avg: acc@[1, 5, 10]=[0.73965 0.86235 0.89335], mr=17.706, mrr=0.795
2025-07-18 07:43:55.522 | INFO     | __main__:test:477 - tensor([0.6118, 0.2091, 0.4057, 0.1792, 0.3852, 0.0000], device='cuda:0')
2025-07-18 07:43:57.492 | INFO     | __main__:evaluate_embedding:538 - epoch 740 - joint_emb avg: acc@[1, 5, 10]=[0.73899996 0.8613     0.89395   ], mr=17.979, mrr=0.795
2025-07-18 07:44:25.252 | INFO     | __main__:test:477 - tensor([0.4328, 0.2095, 0.2268, 0.1789, 0.2060, 0.1789], device='cuda:0')
2025-07-18 07:44:27.724 | INFO     | __main__:evaluate_embedding:538 - epoch 750 - joint_emb avg: acc@[1, 5, 10]=[0.7399     0.86284995 0.8932    ], mr=17.906, mrr=0.796
2025-07-18 07:44:55.347 | INFO     | __main__:test:477 - tensor([0.4329, 0.2100, 0.2270, 0.1786, 0.2059, 0.1786], device='cuda:0')
2025-07-18 07:44:57.838 | INFO     | __main__:evaluate_embedding:538 - epoch 760 - joint_emb avg: acc@[1, 5, 10]=[0.7404  0.86275 0.89375], mr=17.840, mrr=0.796
2025-07-18 07:45:26.184 | INFO     | __main__:test:477 - tensor([0.6114, 0.2104, 0.4055, 0.0000, 0.3841, 0.1782], device='cuda:0')
2025-07-18 07:45:28.664 | INFO     | __main__:evaluate_embedding:538 - epoch 770 - joint_emb avg: acc@[1, 5, 10]=[0.7385     0.85969996 0.89065003], mr=19.582, mrr=0.794
2025-07-18 07:45:57.266 | INFO     | __main__:test:477 - tensor([0.6112, 0.2108, 0.4054, 0.0000, 0.3837, 0.1779], device='cuda:0')
2025-07-18 07:45:59.239 | INFO     | __main__:evaluate_embedding:538 - epoch 780 - joint_emb avg: acc@[1, 5, 10]=[0.7382     0.8596     0.89065003], mr=19.638, mrr=0.794
2025-07-18 07:46:26.440 | INFO     | __main__:test:477 - tensor([0.6111, 0.2113, 0.4054, 0.1776, 0.3833, 0.0000], device='cuda:0')
2025-07-18 07:46:28.443 | INFO     | __main__:evaluate_embedding:538 - epoch 790 - joint_emb avg: acc@[1, 5, 10]=[0.73945 0.86065 0.8926 ], mr=18.282, mrr=0.795
2025-07-18 07:46:57.030 | INFO     | __main__:test:477 - tensor([0.6109, 0.2118, 0.4053, 0.1773, 0.3829, 0.0000], device='cuda:0')
2025-07-18 07:46:59.073 | INFO     | __main__:evaluate_embedding:538 - epoch 800 - joint_emb avg: acc@[1, 5, 10]=[0.73965    0.8605     0.89250004], mr=18.336, mrr=0.795
2025-07-18 07:47:27.519 | INFO     | __main__:test:477 - tensor([0.6107, 0.2123, 0.4052, 0.1770, 0.3825, 0.0000], device='cuda:0')
2025-07-18 07:47:29.473 | INFO     | __main__:evaluate_embedding:538 - epoch 810 - joint_emb avg: acc@[1, 5, 10]=[0.7393  0.8605  0.89255], mr=18.335, mrr=0.795
2025-07-18 07:47:57.701 | INFO     | __main__:test:477 - tensor([0.6106, 0.2127, 0.5818, 0.0000, 0.5588, 0.0000], device='cuda:0')
2025-07-18 07:47:59.659 | INFO     | __main__:evaluate_embedding:538 - epoch 820 - joint_emb avg: acc@[1, 5, 10]=[0.7312  0.84665 0.878  ], mr=21.040, mrr=0.785
2025-07-18 07:48:27.641 | INFO     | __main__:test:477 - tensor([0.6105, 0.2132, 0.4051, 0.0000, 0.3817, 0.1764], device='cuda:0')
2025-07-18 07:48:29.604 | INFO     | __main__:evaluate_embedding:538 - epoch 830 - joint_emb avg: acc@[1, 5, 10]=[0.73864996 0.85965    0.88995004], mr=19.966, mrr=0.794
2025-07-18 07:48:56.969 | INFO     | __main__:test:477 - tensor([0.4342, 0.2136, 0.2290, 0.1761, 0.2053, 0.1761], device='cuda:0')
2025-07-18 07:48:58.938 | INFO     | __main__:evaluate_embedding:538 - epoch 840 - joint_emb avg: acc@[1, 5, 10]=[0.74025 0.86155 0.89295], mr=18.458, mrr=0.795
2025-07-18 07:49:25.774 | INFO     | __main__:test:477 - tensor([0.4344, 0.2141, 0.2292, 0.1758, 0.2052, 0.1758], device='cuda:0')
2025-07-18 07:49:27.763 | INFO     | __main__:evaluate_embedding:538 - epoch 850 - joint_emb avg: acc@[1, 5, 10]=[0.7399 0.8617 0.8921], mr=18.775, mrr=0.795
2025-07-18 07:49:55.603 | INFO     | __main__:test:477 - tensor([0.4345, 0.2146, 0.2294, 0.1755, 0.2051, 0.1755], device='cuda:0')
2025-07-18 07:49:57.608 | INFO     | __main__:evaluate_embedding:538 - epoch 860 - joint_emb avg: acc@[1, 5, 10]=[0.73995 0.8616  0.893  ], mr=18.576, mrr=0.795
2025-07-18 07:50:24.485 | INFO     | __main__:test:477 - tensor([0.4347, 0.2150, 0.2297, 0.1751, 0.2050, 0.1751], device='cuda:0')
2025-07-18 07:50:26.473 | INFO     | __main__:evaluate_embedding:538 - epoch 870 - joint_emb avg: acc@[1, 5, 10]=[0.73975    0.86090004 0.89285004], mr=18.608, mrr=0.795
2025-07-18 07:50:51.845 | INFO     | __main__:test:477 - tensor([0.4348, 0.2155, 0.2299, 0.1748, 0.2049, 0.1748], device='cuda:0')
2025-07-18 07:50:54.504 | INFO     | __main__:evaluate_embedding:538 - epoch 880 - joint_emb avg: acc@[1, 5, 10]=[0.7398     0.86090004 0.89315   ], mr=18.627, mrr=0.795
2025-07-18 07:51:22.448 | INFO     | __main__:test:477 - tensor([0.6095, 0.2160, 0.4047, 0.0000, 0.3794, 0.1745], device='cuda:0')
2025-07-18 07:51:24.427 | INFO     | __main__:evaluate_embedding:538 - epoch 890 - joint_emb avg: acc@[1, 5, 10]=[0.7389     0.85825    0.88989997], mr=20.367, mrr=0.794
2025-07-18 07:51:51.826 | INFO     | __main__:test:477 - tensor([0.6093, 0.2165, 0.4046, 0.0000, 0.3789, 0.1742], device='cuda:0')
2025-07-18 07:51:53.880 | INFO     | __main__:evaluate_embedding:538 - epoch 900 - joint_emb avg: acc@[1, 5, 10]=[0.73905003 0.8586     0.88985   ], mr=20.407, mrr=0.794
2025-07-18 07:52:20.117 | INFO     | __main__:test:477 - tensor([0.4353, 0.2170, 0.2306, 0.1739, 0.2046, 0.1739], device='cuda:0')
2025-07-18 07:52:22.207 | INFO     | __main__:evaluate_embedding:538 - epoch 910 - joint_emb avg: acc@[1, 5, 10]=[0.7393  0.86165 0.89255], mr=18.851, mrr=0.795
2025-07-18 07:52:48.524 | INFO     | __main__:test:477 - tensor([0.6089, 0.2175, 0.4044, 0.1736, 0.3781, 0.0000], device='cuda:0')
2025-07-18 07:52:50.577 | INFO     | __main__:evaluate_embedding:538 - epoch 920 - joint_emb avg: acc@[1, 5, 10]=[0.74015    0.86015    0.89110005], mr=19.156, mrr=0.795
2025-07-18 07:53:17.894 | INFO     | __main__:test:477 - tensor([0.6088, 0.2180, 0.4043, 0.1732, 0.3777, 0.0000], device='cuda:0')
2025-07-18 07:53:19.854 | INFO     | __main__:evaluate_embedding:538 - epoch 930 - joint_emb avg: acc@[1, 5, 10]=[0.73985    0.85969996 0.89125   ], mr=18.926, mrr=0.795
2025-07-18 07:53:47.333 | INFO     | __main__:test:477 - tensor([0.6086, 0.2185, 0.4042, 0.1729, 0.3772, 0.0000], device='cuda:0')
2025-07-18 07:53:49.317 | INFO     | __main__:evaluate_embedding:538 - epoch 940 - joint_emb avg: acc@[1, 5, 10]=[0.73985 0.85995 0.89105], mr=19.200, mrr=0.795
2025-07-18 07:54:16.267 | INFO     | __main__:test:477 - tensor([0.6083, 0.2191, 0.4041, 0.1726, 0.3768, 0.0000], device='cuda:0')
2025-07-18 07:54:18.732 | INFO     | __main__:evaluate_embedding:538 - epoch 950 - joint_emb avg: acc@[1, 5, 10]=[0.7396     0.85934997 0.89040005], mr=19.092, mrr=0.795
2025-07-18 07:54:46.807 | INFO     | __main__:test:477 - tensor([0.6081, 0.2196, 0.4040, 0.1723, 0.3763, 0.0000], device='cuda:0')
2025-07-18 07:54:48.787 | INFO     | __main__:evaluate_embedding:538 - epoch 960 - joint_emb avg: acc@[1, 5, 10]=[0.7392     0.85924995 0.88985   ], mr=19.293, mrr=0.794
2025-07-18 07:55:16.920 | INFO     | __main__:test:477 - tensor([0.6079, 0.2202, 0.4039, 0.0000, 0.3759, 0.1719], device='cuda:0')
2025-07-18 07:55:18.893 | INFO     | __main__:evaluate_embedding:538 - epoch 970 - joint_emb avg: acc@[1, 5, 10]=[0.73825 0.8579  0.88845], mr=20.807, mrr=0.793
2025-07-18 07:55:47.482 | INFO     | __main__:test:477 - tensor([0.6076, 0.2208, 0.4038, 0.1716, 0.3754, 0.0000], device='cuda:0')
2025-07-18 07:55:49.537 | INFO     | __main__:evaluate_embedding:538 - epoch 980 - joint_emb avg: acc@[1, 5, 10]=[0.7389 0.8592 0.89  ], mr=19.252, mrr=0.794
2025-07-18 07:56:17.969 | INFO     | __main__:test:477 - tensor([0.6074, 0.2213, 0.4037, 0.0000, 0.3750, 0.1713], device='cuda:0')
2025-07-18 07:56:19.997 | INFO     | __main__:evaluate_embedding:538 - epoch 990 - joint_emb avg: acc@[1, 5, 10]=[0.7381     0.8575     0.88785005], mr=20.999, mrr=0.793
2025-07-18 07:56:45.628 | INFO     | __main__:<module>:553 - Best avg epoch <760>: acc@[1, 5, 10]=[0.7404  0.86275 0.89375], mr=17.840, mrr=0.796
